{"D:\\Projetos_compasso\\_em_desenvolvimento\\3\\desafio_api_final_pt1\\Eslint\\src\\app.js": {"path":"D:\\Projetos_compasso\\_em_desenvolvimento\\3\\desafio_api_final_pt1\\Eslint\\src\\app.js","all":false,"statementMap":{"0":{"start":{"line":1,"column":0},"end":{"line":1,"column":35}},"1":{"start":{"line":2,"column":0},"end":{"line":2,"column":35}},"2":{"start":{"line":3,"column":0},"end":{"line":3,"column":51}},"3":{"start":{"line":4,"column":0},"end":{"line":4,"column":44}},"4":{"start":{"line":5,"column":0},"end":{"line":5,"column":0}},"5":{"start":{"line":6,"column":0},"end":{"line":6,"column":11}},"6":{"start":{"line":7,"column":0},"end":{"line":7,"column":17}},"7":{"start":{"line":8,"column":0},"end":{"line":8,"column":28}},"8":{"start":{"line":9,"column":0},"end":{"line":9,"column":23}},"9":{"start":{"line":10,"column":0},"end":{"line":10,"column":18}},"10":{"start":{"line":11,"column":0},"end":{"line":11,"column":3}},"11":{"start":{"line":12,"column":0},"end":{"line":12,"column":0}},"12":{"start":{"line":13,"column":0},"end":{"line":13,"column":17}},"13":{"start":{"line":14,"column":0},"end":{"line":14,"column":36}},"14":{"start":{"line":15,"column":0},"end":{"line":15,"column":28}},"15":{"start":{"line":16,"column":0},"end":{"line":16,"column":3}},"16":{"start":{"line":17,"column":0},"end":{"line":17,"column":0}},"17":{"start":{"line":18,"column":0},"end":{"line":18,"column":12}},"18":{"start":{"line":19,"column":0},"end":{"line":19,"column":24}},"19":{"start":{"line":20,"column":0},"end":{"line":20,"column":3}},"20":{"start":{"line":21,"column":0},"end":{"line":21,"column":1}},"21":{"start":{"line":22,"column":0},"end":{"line":22,"column":0}},"22":{"start":{"line":23,"column":0},"end":{"line":23,"column":34}}},"s":{"0":1,"1":1,"2":1,"3":1,"4":1,"5":1,"6":1,"7":3,"8":3,"9":3,"10":3,"11":1,"12":1,"13":3,"14":3,"15":3,"16":1,"17":1,"18":3,"19":3,"20":1,"21":1,"22":1},"branchMap":{"0":{"type":"branch","line":7,"loc":{"start":{"line":7,"column":2},"end":{"line":11,"column":3}},"locations":[{"start":{"line":7,"column":2},"end":{"line":11,"column":3}}]},"1":{"type":"branch","line":13,"loc":{"start":{"line":13,"column":2},"end":{"line":16,"column":3}},"locations":[{"start":{"line":13,"column":2},"end":{"line":16,"column":3}}]},"2":{"type":"branch","line":18,"loc":{"start":{"line":18,"column":2},"end":{"line":20,"column":3}},"locations":[{"start":{"line":18,"column":2},"end":{"line":20,"column":3}}]}},"b":{"0":[3],"1":[3],"2":[3]},"fnMap":{"0":{"name":"App","decl":{"start":{"line":7,"column":2},"end":{"line":11,"column":3}},"loc":{"start":{"line":7,"column":2},"end":{"line":11,"column":3}},"line":7},"1":{"name":"middlewares","decl":{"start":{"line":13,"column":2},"end":{"line":16,"column":3}},"loc":{"start":{"line":13,"column":2},"end":{"line":16,"column":3}},"line":13},"2":{"name":"routes","decl":{"start":{"line":18,"column":2},"end":{"line":20,"column":3}},"loc":{"start":{"line":18,"column":2},"end":{"line":20,"column":3}},"line":18}},"f":{"0":3,"1":3,"2":3}}
,"D:\\Projetos_compasso\\_em_desenvolvimento\\3\\desafio_api_final_pt1\\Eslint\\src\\app\\controller\\AuthenticateController.js": {"path":"D:\\Projetos_compasso\\_em_desenvolvimento\\3\\desafio_api_final_pt1\\Eslint\\src\\app\\controller\\AuthenticateController.js","all":false,"statementMap":{"0":{"start":{"line":1,"column":0},"end":{"line":1,"column":70}},"1":{"start":{"line":2,"column":0},"end":{"line":2,"column":0}},"2":{"start":{"line":3,"column":0},"end":{"line":3,"column":30}},"3":{"start":{"line":4,"column":0},"end":{"line":4,"column":38}},"4":{"start":{"line":5,"column":0},"end":{"line":5,"column":9}},"5":{"start":{"line":6,"column":0},"end":{"line":6,"column":70}},"6":{"start":{"line":7,"column":0},"end":{"line":7,"column":42}},"7":{"start":{"line":8,"column":0},"end":{"line":8,"column":21}},"8":{"start":{"line":9,"column":0},"end":{"line":9,"column":25}},"9":{"start":{"line":10,"column":0},"end":{"line":10,"column":5}},"10":{"start":{"line":11,"column":0},"end":{"line":11,"column":3}},"11":{"start":{"line":12,"column":0},"end":{"line":12,"column":1}},"12":{"start":{"line":13,"column":0},"end":{"line":13,"column":0}},"13":{"start":{"line":14,"column":0},"end":{"line":14,"column":46}}},"s":{"0":1,"1":1,"2":1,"3":1,"4":2,"5":2,"6":1,"7":1,"8":1,"9":1,"10":2,"11":1,"12":1,"13":1},"branchMap":{"0":{"type":"branch","line":4,"loc":{"start":{"line":4,"column":20},"end":{"line":11,"column":3}},"locations":[{"start":{"line":4,"column":20},"end":{"line":11,"column":3}}]},"1":{"type":"branch","line":6,"loc":{"start":{"line":6,"column":6},"end":{"line":10,"column":5}},"locations":[{"start":{"line":6,"column":6},"end":{"line":10,"column":5}}]}},"b":{"0":[2],"1":[1]},"fnMap":{"0":{"name":"authenticate","decl":{"start":{"line":4,"column":20},"end":{"line":11,"column":3}},"loc":{"start":{"line":4,"column":20},"end":{"line":11,"column":3}},"line":4}},"f":{"0":2}}
,"D:\\Projetos_compasso\\_em_desenvolvimento\\3\\desafio_api_final_pt1\\Eslint\\src\\app\\controller\\CarController.js": {"path":"D:\\Projetos_compasso\\_em_desenvolvimento\\3\\desafio_api_final_pt1\\Eslint\\src\\app\\controller\\CarController.js","all":false,"statementMap":{"0":{"start":{"line":1,"column":0},"end":{"line":1,"column":78}},"1":{"start":{"line":2,"column":0},"end":{"line":2,"column":52}},"2":{"start":{"line":3,"column":0},"end":{"line":3,"column":0}},"3":{"start":{"line":4,"column":0},"end":{"line":4,"column":21}},"4":{"start":{"line":5,"column":0},"end":{"line":5,"column":32}},"5":{"start":{"line":6,"column":0},"end":{"line":6,"column":9}},"6":{"start":{"line":7,"column":0},"end":{"line":7,"column":55}},"7":{"start":{"line":8,"column":0},"end":{"line":8,"column":53}},"8":{"start":{"line":9,"column":0},"end":{"line":9,"column":21}},"9":{"start":{"line":10,"column":0},"end":{"line":10,"column":25}},"10":{"start":{"line":11,"column":0},"end":{"line":11,"column":5}},"11":{"start":{"line":12,"column":0},"end":{"line":12,"column":3}},"12":{"start":{"line":13,"column":0},"end":{"line":13,"column":0}},"13":{"start":{"line":14,"column":0},"end":{"line":14,"column":29}},"14":{"start":{"line":15,"column":0},"end":{"line":15,"column":9}},"15":{"start":{"line":16,"column":0},"end":{"line":16,"column":61}},"16":{"start":{"line":17,"column":0},"end":{"line":17,"column":53}},"17":{"start":{"line":18,"column":0},"end":{"line":18,"column":21}},"18":{"start":{"line":19,"column":0},"end":{"line":19,"column":25}},"19":{"start":{"line":20,"column":0},"end":{"line":20,"column":5}},"20":{"start":{"line":21,"column":0},"end":{"line":21,"column":3}},"21":{"start":{"line":22,"column":0},"end":{"line":22,"column":0}},"22":{"start":{"line":23,"column":0},"end":{"line":23,"column":32}},"23":{"start":{"line":24,"column":0},"end":{"line":24,"column":9}},"24":{"start":{"line":25,"column":0},"end":{"line":25,"column":56}},"25":{"start":{"line":26,"column":0},"end":{"line":26,"column":61}},"26":{"start":{"line":27,"column":0},"end":{"line":27,"column":21}},"27":{"start":{"line":28,"column":0},"end":{"line":28,"column":25}},"28":{"start":{"line":29,"column":0},"end":{"line":29,"column":5}},"29":{"start":{"line":30,"column":0},"end":{"line":30,"column":3}},"30":{"start":{"line":31,"column":0},"end":{"line":31,"column":0}},"31":{"start":{"line":32,"column":0},"end":{"line":32,"column":32}},"32":{"start":{"line":33,"column":0},"end":{"line":33,"column":9}},"33":{"start":{"line":34,"column":0},"end":{"line":34,"column":60}},"34":{"start":{"line":35,"column":0},"end":{"line":35,"column":42}},"35":{"start":{"line":36,"column":0},"end":{"line":36,"column":21}},"36":{"start":{"line":37,"column":0},"end":{"line":37,"column":25}},"37":{"start":{"line":38,"column":0},"end":{"line":38,"column":5}},"38":{"start":{"line":39,"column":0},"end":{"line":39,"column":3}},"39":{"start":{"line":40,"column":0},"end":{"line":40,"column":0}},"40":{"start":{"line":41,"column":0},"end":{"line":41,"column":32}},"41":{"start":{"line":42,"column":0},"end":{"line":42,"column":9}},"42":{"start":{"line":43,"column":0},"end":{"line":43,"column":70}},"43":{"start":{"line":44,"column":0},"end":{"line":44,"column":53}},"44":{"start":{"line":45,"column":0},"end":{"line":45,"column":21}},"45":{"start":{"line":46,"column":0},"end":{"line":46,"column":25}},"46":{"start":{"line":47,"column":0},"end":{"line":47,"column":5}},"47":{"start":{"line":48,"column":0},"end":{"line":48,"column":3}},"48":{"start":{"line":49,"column":0},"end":{"line":49,"column":0}},"49":{"start":{"line":50,"column":0},"end":{"line":50,"column":41}},"50":{"start":{"line":51,"column":0},"end":{"line":51,"column":9}},"51":{"start":{"line":52,"column":0},"end":{"line":52,"column":94}},"52":{"start":{"line":53,"column":0},"end":{"line":53,"column":112}},"53":{"start":{"line":54,"column":0},"end":{"line":54,"column":53}},"54":{"start":{"line":55,"column":0},"end":{"line":55,"column":21}},"55":{"start":{"line":56,"column":0},"end":{"line":56,"column":25}},"56":{"start":{"line":57,"column":0},"end":{"line":57,"column":5}},"57":{"start":{"line":58,"column":0},"end":{"line":58,"column":3}},"58":{"start":{"line":59,"column":0},"end":{"line":59,"column":1}},"59":{"start":{"line":60,"column":0},"end":{"line":60,"column":0}},"60":{"start":{"line":61,"column":0},"end":{"line":61,"column":37}}},"s":{"0":1,"1":1,"2":1,"3":1,"4":1,"5":13,"6":13,"7":12,"8":13,"9":1,"10":1,"11":13,"12":1,"13":1,"14":3,"15":3,"16":1,"17":3,"18":2,"19":2,"20":3,"21":1,"22":1,"23":5,"24":5,"25":5,"26":5,"27":0,"28":0,"29":5,"30":1,"31":1,"32":3,"33":3,"34":2,"35":3,"36":1,"37":1,"38":3,"39":1,"40":1,"41":2,"42":2,"43":1,"44":1,"45":1,"46":1,"47":2,"48":1,"49":1,"50":4,"51":4,"52":4,"53":1,"54":4,"55":3,"56":3,"57":4,"58":1,"59":1,"60":1},"branchMap":{"0":{"type":"branch","line":5,"loc":{"start":{"line":5,"column":14},"end":{"line":12,"column":3}},"locations":[{"start":{"line":5,"column":14},"end":{"line":12,"column":3}}]},"1":{"type":"branch","line":7,"loc":{"start":{"line":7,"column":6},"end":{"line":9,"column":6}},"locations":[{"start":{"line":7,"column":6},"end":{"line":9,"column":6}}]},"2":{"type":"branch","line":9,"loc":{"start":{"line":9,"column":6},"end":{"line":11,"column":5}},"locations":[{"start":{"line":9,"column":6},"end":{"line":11,"column":5}}]},"3":{"type":"branch","line":14,"loc":{"start":{"line":14,"column":11},"end":{"line":21,"column":3}},"locations":[{"start":{"line":14,"column":11},"end":{"line":21,"column":3}}]},"4":{"type":"branch","line":16,"loc":{"start":{"line":16,"column":6},"end":{"line":18,"column":6}},"locations":[{"start":{"line":16,"column":6},"end":{"line":18,"column":6}}]},"5":{"type":"branch","line":18,"loc":{"start":{"line":18,"column":6},"end":{"line":20,"column":5}},"locations":[{"start":{"line":18,"column":6},"end":{"line":20,"column":5}}]},"6":{"type":"branch","line":23,"loc":{"start":{"line":23,"column":14},"end":{"line":30,"column":3}},"locations":[{"start":{"line":23,"column":14},"end":{"line":30,"column":3}}]},"7":{"type":"branch","line":27,"loc":{"start":{"line":27,"column":6},"end":{"line":29,"column":5}},"locations":[{"start":{"line":27,"column":6},"end":{"line":29,"column":5}}]},"8":{"type":"branch","line":32,"loc":{"start":{"line":32,"column":14},"end":{"line":39,"column":3}},"locations":[{"start":{"line":32,"column":14},"end":{"line":39,"column":3}}]},"9":{"type":"branch","line":34,"loc":{"start":{"line":34,"column":6},"end":{"line":36,"column":6}},"locations":[{"start":{"line":34,"column":6},"end":{"line":36,"column":6}}]},"10":{"type":"branch","line":36,"loc":{"start":{"line":36,"column":6},"end":{"line":38,"column":5}},"locations":[{"start":{"line":36,"column":6},"end":{"line":38,"column":5}}]},"11":{"type":"branch","line":41,"loc":{"start":{"line":41,"column":14},"end":{"line":48,"column":3}},"locations":[{"start":{"line":41,"column":14},"end":{"line":48,"column":3}}]},"12":{"type":"branch","line":43,"loc":{"start":{"line":43,"column":6},"end":{"line":47,"column":5}},"locations":[{"start":{"line":43,"column":6},"end":{"line":47,"column":5}}]},"13":{"type":"branch","line":50,"loc":{"start":{"line":50,"column":23},"end":{"line":58,"column":3}},"locations":[{"start":{"line":50,"column":23},"end":{"line":58,"column":3}}]},"14":{"type":"branch","line":52,"loc":{"start":{"line":52,"column":6},"end":{"line":53,"column":12}},"locations":[{"start":{"line":52,"column":6},"end":{"line":53,"column":12}}]},"15":{"type":"branch","line":53,"loc":{"start":{"line":53,"column":6},"end":{"line":55,"column":6}},"locations":[{"start":{"line":53,"column":6},"end":{"line":55,"column":6}}]},"16":{"type":"branch","line":55,"loc":{"start":{"line":55,"column":6},"end":{"line":57,"column":5}},"locations":[{"start":{"line":55,"column":6},"end":{"line":57,"column":5}}]}},"b":{"0":[13],"1":[12],"2":[1],"3":[3],"4":[1],"5":[2],"6":[5],"7":[0],"8":[3],"9":[2],"10":[1],"11":[2],"12":[1],"13":[4],"14":[3],"15":[1],"16":[3]},"fnMap":{"0":{"name":"create","decl":{"start":{"line":5,"column":14},"end":{"line":12,"column":3}},"loc":{"start":{"line":5,"column":14},"end":{"line":12,"column":3}},"line":5},"1":{"name":"get","decl":{"start":{"line":14,"column":11},"end":{"line":21,"column":3}},"loc":{"start":{"line":14,"column":11},"end":{"line":21,"column":3}},"line":14},"2":{"name":"getAll","decl":{"start":{"line":23,"column":14},"end":{"line":30,"column":3}},"loc":{"start":{"line":23,"column":14},"end":{"line":30,"column":3}},"line":23},"3":{"name":"delete","decl":{"start":{"line":32,"column":14},"end":{"line":39,"column":3}},"loc":{"start":{"line":32,"column":14},"end":{"line":39,"column":3}},"line":32},"4":{"name":"update","decl":{"start":{"line":41,"column":14},"end":{"line":48,"column":3}},"loc":{"start":{"line":41,"column":14},"end":{"line":48,"column":3}},"line":41},"5":{"name":"updateAcessorio","decl":{"start":{"line":50,"column":23},"end":{"line":58,"column":3}},"loc":{"start":{"line":50,"column":23},"end":{"line":58,"column":3}},"line":50}},"f":{"0":13,"1":3,"2":5,"3":3,"4":2,"5":4}}
,"D:\\Projetos_compasso\\_em_desenvolvimento\\3\\desafio_api_final_pt1\\Eslint\\src\\app\\controller\\PeopleController.js": {"path":"D:\\Projetos_compasso\\_em_desenvolvimento\\3\\desafio_api_final_pt1\\Eslint\\src\\app\\controller\\PeopleController.js","all":false,"statementMap":{"0":{"start":{"line":1,"column":0},"end":{"line":1,"column":81}},"1":{"start":{"line":2,"column":0},"end":{"line":2,"column":58}},"2":{"start":{"line":3,"column":0},"end":{"line":3,"column":0}},"3":{"start":{"line":4,"column":0},"end":{"line":4,"column":24}},"4":{"start":{"line":5,"column":0},"end":{"line":5,"column":32}},"5":{"start":{"line":6,"column":0},"end":{"line":6,"column":9}},"6":{"start":{"line":7,"column":0},"end":{"line":7,"column":47}},"7":{"start":{"line":8,"column":0},"end":{"line":8,"column":58}},"8":{"start":{"line":9,"column":0},"end":{"line":9,"column":53}},"9":{"start":{"line":10,"column":0},"end":{"line":10,"column":21}},"10":{"start":{"line":11,"column":0},"end":{"line":11,"column":25}},"11":{"start":{"line":12,"column":0},"end":{"line":12,"column":5}},"12":{"start":{"line":13,"column":0},"end":{"line":13,"column":3}},"13":{"start":{"line":14,"column":0},"end":{"line":14,"column":0}},"14":{"start":{"line":15,"column":0},"end":{"line":15,"column":29}},"15":{"start":{"line":16,"column":0},"end":{"line":16,"column":9}},"16":{"start":{"line":17,"column":0},"end":{"line":17,"column":64}},"17":{"start":{"line":18,"column":0},"end":{"line":18,"column":53}},"18":{"start":{"line":19,"column":0},"end":{"line":19,"column":21}},"19":{"start":{"line":20,"column":0},"end":{"line":20,"column":25}},"20":{"start":{"line":21,"column":0},"end":{"line":21,"column":5}},"21":{"start":{"line":22,"column":0},"end":{"line":22,"column":3}},"22":{"start":{"line":23,"column":0},"end":{"line":23,"column":0}},"23":{"start":{"line":24,"column":0},"end":{"line":24,"column":32}},"24":{"start":{"line":25,"column":0},"end":{"line":25,"column":9}},"25":{"start":{"line":26,"column":0},"end":{"line":26,"column":59}},"26":{"start":{"line":27,"column":0},"end":{"line":27,"column":61}},"27":{"start":{"line":28,"column":0},"end":{"line":28,"column":21}},"28":{"start":{"line":29,"column":0},"end":{"line":29,"column":25}},"29":{"start":{"line":30,"column":0},"end":{"line":30,"column":5}},"30":{"start":{"line":31,"column":0},"end":{"line":31,"column":3}},"31":{"start":{"line":32,"column":0},"end":{"line":32,"column":0}},"32":{"start":{"line":33,"column":0},"end":{"line":33,"column":32}},"33":{"start":{"line":34,"column":0},"end":{"line":34,"column":9}},"34":{"start":{"line":35,"column":0},"end":{"line":35,"column":63}},"35":{"start":{"line":36,"column":0},"end":{"line":36,"column":42}},"36":{"start":{"line":37,"column":0},"end":{"line":37,"column":21}},"37":{"start":{"line":38,"column":0},"end":{"line":38,"column":25}},"38":{"start":{"line":39,"column":0},"end":{"line":39,"column":5}},"39":{"start":{"line":40,"column":0},"end":{"line":40,"column":3}},"40":{"start":{"line":41,"column":0},"end":{"line":41,"column":0}},"41":{"start":{"line":42,"column":0},"end":{"line":42,"column":32}},"42":{"start":{"line":43,"column":0},"end":{"line":43,"column":9}},"43":{"start":{"line":44,"column":0},"end":{"line":44,"column":47}},"44":{"start":{"line":45,"column":0},"end":{"line":45,"column":73}},"45":{"start":{"line":46,"column":0},"end":{"line":46,"column":53}},"46":{"start":{"line":47,"column":0},"end":{"line":47,"column":21}},"47":{"start":{"line":48,"column":0},"end":{"line":48,"column":25}},"48":{"start":{"line":49,"column":0},"end":{"line":49,"column":5}},"49":{"start":{"line":50,"column":0},"end":{"line":50,"column":3}},"50":{"start":{"line":51,"column":0},"end":{"line":51,"column":1}},"51":{"start":{"line":52,"column":0},"end":{"line":52,"column":0}},"52":{"start":{"line":53,"column":0},"end":{"line":53,"column":40}}},"s":{"0":1,"1":1,"2":1,"3":1,"4":1,"5":14,"6":14,"7":14,"8":13,"9":14,"10":1,"11":1,"12":14,"13":1,"14":1,"15":3,"16":3,"17":0,"18":3,"19":3,"20":3,"21":3,"22":1,"23":1,"24":6,"25":6,"26":5,"27":6,"28":1,"29":1,"30":6,"31":1,"32":1,"33":3,"34":3,"35":1,"36":3,"37":2,"38":2,"39":3,"40":1,"41":1,"42":2,"43":2,"44":2,"45":0,"46":2,"47":2,"48":2,"49":2,"50":1,"51":1,"52":1},"branchMap":{"0":{"type":"branch","line":5,"loc":{"start":{"line":5,"column":14},"end":{"line":13,"column":3}},"locations":[{"start":{"line":5,"column":14},"end":{"line":13,"column":3}}]},"1":{"type":"branch","line":8,"loc":{"start":{"line":8,"column":6},"end":{"line":10,"column":6}},"locations":[{"start":{"line":8,"column":6},"end":{"line":10,"column":6}}]},"2":{"type":"branch","line":10,"loc":{"start":{"line":10,"column":6},"end":{"line":12,"column":5}},"locations":[{"start":{"line":10,"column":6},"end":{"line":12,"column":5}}]},"3":{"type":"branch","line":15,"loc":{"start":{"line":15,"column":11},"end":{"line":22,"column":3}},"locations":[{"start":{"line":15,"column":11},"end":{"line":22,"column":3}}]},"4":{"type":"branch","line":17,"loc":{"start":{"line":17,"column":6},"end":{"line":19,"column":6}},"locations":[{"start":{"line":17,"column":6},"end":{"line":19,"column":6}}]},"5":{"type":"branch","line":24,"loc":{"start":{"line":24,"column":14},"end":{"line":31,"column":3}},"locations":[{"start":{"line":24,"column":14},"end":{"line":31,"column":3}}]},"6":{"type":"branch","line":26,"loc":{"start":{"line":26,"column":6},"end":{"line":28,"column":6}},"locations":[{"start":{"line":26,"column":6},"end":{"line":28,"column":6}}]},"7":{"type":"branch","line":28,"loc":{"start":{"line":28,"column":6},"end":{"line":30,"column":5}},"locations":[{"start":{"line":28,"column":6},"end":{"line":30,"column":5}}]},"8":{"type":"branch","line":33,"loc":{"start":{"line":33,"column":14},"end":{"line":40,"column":3}},"locations":[{"start":{"line":33,"column":14},"end":{"line":40,"column":3}}]},"9":{"type":"branch","line":35,"loc":{"start":{"line":35,"column":6},"end":{"line":37,"column":6}},"locations":[{"start":{"line":35,"column":6},"end":{"line":37,"column":6}}]},"10":{"type":"branch","line":37,"loc":{"start":{"line":37,"column":6},"end":{"line":39,"column":5}},"locations":[{"start":{"line":37,"column":6},"end":{"line":39,"column":5}}]},"11":{"type":"branch","line":42,"loc":{"start":{"line":42,"column":14},"end":{"line":50,"column":3}},"locations":[{"start":{"line":42,"column":14},"end":{"line":50,"column":3}}]},"12":{"type":"branch","line":45,"loc":{"start":{"line":45,"column":6},"end":{"line":47,"column":6}},"locations":[{"start":{"line":45,"column":6},"end":{"line":47,"column":6}}]}},"b":{"0":[14],"1":[13],"2":[1],"3":[3],"4":[0],"5":[6],"6":[5],"7":[1],"8":[3],"9":[1],"10":[2],"11":[2],"12":[0]},"fnMap":{"0":{"name":"create","decl":{"start":{"line":5,"column":14},"end":{"line":13,"column":3}},"loc":{"start":{"line":5,"column":14},"end":{"line":13,"column":3}},"line":5},"1":{"name":"get","decl":{"start":{"line":15,"column":11},"end":{"line":22,"column":3}},"loc":{"start":{"line":15,"column":11},"end":{"line":22,"column":3}},"line":15},"2":{"name":"getAll","decl":{"start":{"line":24,"column":14},"end":{"line":31,"column":3}},"loc":{"start":{"line":24,"column":14},"end":{"line":31,"column":3}},"line":24},"3":{"name":"delete","decl":{"start":{"line":33,"column":14},"end":{"line":40,"column":3}},"loc":{"start":{"line":33,"column":14},"end":{"line":40,"column":3}},"line":33},"4":{"name":"update","decl":{"start":{"line":42,"column":14},"end":{"line":50,"column":3}},"loc":{"start":{"line":42,"column":14},"end":{"line":50,"column":3}},"line":42}},"f":{"0":14,"1":3,"2":6,"3":3,"4":2}}
,"D:\\Projetos_compasso\\_em_desenvolvimento\\3\\desafio_api_final_pt1\\Eslint\\src\\app\\controller\\RentalController.js": {"path":"D:\\Projetos_compasso\\_em_desenvolvimento\\3\\desafio_api_final_pt1\\Eslint\\src\\app\\controller\\RentalController.js","all":false,"statementMap":{"0":{"start":{"line":1,"column":0},"end":{"line":1,"column":81}},"1":{"start":{"line":2,"column":0},"end":{"line":2,"column":58}},"2":{"start":{"line":3,"column":0},"end":{"line":3,"column":0}},"3":{"start":{"line":4,"column":0},"end":{"line":4,"column":24}},"4":{"start":{"line":5,"column":0},"end":{"line":5,"column":32}},"5":{"start":{"line":6,"column":0},"end":{"line":6,"column":9}},"6":{"start":{"line":7,"column":0},"end":{"line":7,"column":58}},"7":{"start":{"line":8,"column":0},"end":{"line":8,"column":53}},"8":{"start":{"line":9,"column":0},"end":{"line":9,"column":21}},"9":{"start":{"line":10,"column":0},"end":{"line":10,"column":25}},"10":{"start":{"line":11,"column":0},"end":{"line":11,"column":5}},"11":{"start":{"line":12,"column":0},"end":{"line":12,"column":3}},"12":{"start":{"line":13,"column":0},"end":{"line":13,"column":0}},"13":{"start":{"line":14,"column":0},"end":{"line":14,"column":29}},"14":{"start":{"line":15,"column":0},"end":{"line":15,"column":9}},"15":{"start":{"line":16,"column":0},"end":{"line":16,"column":64}},"16":{"start":{"line":17,"column":0},"end":{"line":17,"column":53}},"17":{"start":{"line":18,"column":0},"end":{"line":18,"column":21}},"18":{"start":{"line":19,"column":0},"end":{"line":19,"column":25}},"19":{"start":{"line":20,"column":0},"end":{"line":20,"column":5}},"20":{"start":{"line":21,"column":0},"end":{"line":21,"column":3}},"21":{"start":{"line":22,"column":0},"end":{"line":22,"column":0}},"22":{"start":{"line":23,"column":0},"end":{"line":23,"column":32}},"23":{"start":{"line":24,"column":0},"end":{"line":24,"column":9}},"24":{"start":{"line":25,"column":0},"end":{"line":25,"column":59}},"25":{"start":{"line":26,"column":0},"end":{"line":26,"column":61}},"26":{"start":{"line":27,"column":0},"end":{"line":27,"column":21}},"27":{"start":{"line":28,"column":0},"end":{"line":28,"column":25}},"28":{"start":{"line":29,"column":0},"end":{"line":29,"column":5}},"29":{"start":{"line":30,"column":0},"end":{"line":30,"column":3}},"30":{"start":{"line":31,"column":0},"end":{"line":31,"column":0}},"31":{"start":{"line":32,"column":0},"end":{"line":32,"column":32}},"32":{"start":{"line":33,"column":0},"end":{"line":33,"column":9}},"33":{"start":{"line":34,"column":0},"end":{"line":34,"column":63}},"34":{"start":{"line":35,"column":0},"end":{"line":35,"column":42}},"35":{"start":{"line":36,"column":0},"end":{"line":36,"column":21}},"36":{"start":{"line":37,"column":0},"end":{"line":37,"column":25}},"37":{"start":{"line":38,"column":0},"end":{"line":38,"column":5}},"38":{"start":{"line":39,"column":0},"end":{"line":39,"column":3}},"39":{"start":{"line":40,"column":0},"end":{"line":40,"column":0}},"40":{"start":{"line":41,"column":0},"end":{"line":41,"column":32}},"41":{"start":{"line":42,"column":0},"end":{"line":42,"column":9}},"42":{"start":{"line":43,"column":0},"end":{"line":43,"column":73}},"43":{"start":{"line":44,"column":0},"end":{"line":44,"column":53}},"44":{"start":{"line":45,"column":0},"end":{"line":45,"column":21}},"45":{"start":{"line":46,"column":0},"end":{"line":46,"column":25}},"46":{"start":{"line":47,"column":0},"end":{"line":47,"column":5}},"47":{"start":{"line":48,"column":0},"end":{"line":48,"column":3}},"48":{"start":{"line":49,"column":0},"end":{"line":49,"column":1}},"49":{"start":{"line":50,"column":0},"end":{"line":50,"column":0}},"50":{"start":{"line":51,"column":0},"end":{"line":51,"column":40}}},"s":{"0":1,"1":1,"2":1,"3":1,"4":1,"5":10,"6":10,"7":9,"8":10,"9":1,"10":1,"11":10,"12":1,"13":1,"14":3,"15":3,"16":1,"17":3,"18":2,"19":2,"20":3,"21":1,"22":1,"23":7,"24":7,"25":7,"26":7,"27":0,"28":0,"29":7,"30":1,"31":1,"32":3,"33":3,"34":2,"35":3,"36":1,"37":1,"38":3,"39":1,"40":1,"41":3,"42":3,"43":1,"44":3,"45":2,"46":2,"47":3,"48":1,"49":1,"50":1},"branchMap":{"0":{"type":"branch","line":5,"loc":{"start":{"line":5,"column":14},"end":{"line":12,"column":3}},"locations":[{"start":{"line":5,"column":14},"end":{"line":12,"column":3}}]},"1":{"type":"branch","line":7,"loc":{"start":{"line":7,"column":6},"end":{"line":9,"column":6}},"locations":[{"start":{"line":7,"column":6},"end":{"line":9,"column":6}}]},"2":{"type":"branch","line":9,"loc":{"start":{"line":9,"column":6},"end":{"line":11,"column":5}},"locations":[{"start":{"line":9,"column":6},"end":{"line":11,"column":5}}]},"3":{"type":"branch","line":14,"loc":{"start":{"line":14,"column":11},"end":{"line":21,"column":3}},"locations":[{"start":{"line":14,"column":11},"end":{"line":21,"column":3}}]},"4":{"type":"branch","line":16,"loc":{"start":{"line":16,"column":6},"end":{"line":18,"column":6}},"locations":[{"start":{"line":16,"column":6},"end":{"line":18,"column":6}}]},"5":{"type":"branch","line":18,"loc":{"start":{"line":18,"column":6},"end":{"line":20,"column":5}},"locations":[{"start":{"line":18,"column":6},"end":{"line":20,"column":5}}]},"6":{"type":"branch","line":23,"loc":{"start":{"line":23,"column":14},"end":{"line":30,"column":3}},"locations":[{"start":{"line":23,"column":14},"end":{"line":30,"column":3}}]},"7":{"type":"branch","line":27,"loc":{"start":{"line":27,"column":6},"end":{"line":29,"column":5}},"locations":[{"start":{"line":27,"column":6},"end":{"line":29,"column":5}}]},"8":{"type":"branch","line":32,"loc":{"start":{"line":32,"column":14},"end":{"line":39,"column":3}},"locations":[{"start":{"line":32,"column":14},"end":{"line":39,"column":3}}]},"9":{"type":"branch","line":34,"loc":{"start":{"line":34,"column":6},"end":{"line":36,"column":6}},"locations":[{"start":{"line":34,"column":6},"end":{"line":36,"column":6}}]},"10":{"type":"branch","line":36,"loc":{"start":{"line":36,"column":6},"end":{"line":38,"column":5}},"locations":[{"start":{"line":36,"column":6},"end":{"line":38,"column":5}}]},"11":{"type":"branch","line":41,"loc":{"start":{"line":41,"column":14},"end":{"line":48,"column":3}},"locations":[{"start":{"line":41,"column":14},"end":{"line":48,"column":3}}]},"12":{"type":"branch","line":43,"loc":{"start":{"line":43,"column":6},"end":{"line":45,"column":6}},"locations":[{"start":{"line":43,"column":6},"end":{"line":45,"column":6}}]},"13":{"type":"branch","line":45,"loc":{"start":{"line":45,"column":6},"end":{"line":47,"column":5}},"locations":[{"start":{"line":45,"column":6},"end":{"line":47,"column":5}}]}},"b":{"0":[10],"1":[9],"2":[1],"3":[3],"4":[1],"5":[2],"6":[7],"7":[0],"8":[3],"9":[2],"10":[1],"11":[3],"12":[1],"13":[2]},"fnMap":{"0":{"name":"create","decl":{"start":{"line":5,"column":14},"end":{"line":12,"column":3}},"loc":{"start":{"line":5,"column":14},"end":{"line":12,"column":3}},"line":5},"1":{"name":"get","decl":{"start":{"line":14,"column":11},"end":{"line":21,"column":3}},"loc":{"start":{"line":14,"column":11},"end":{"line":21,"column":3}},"line":14},"2":{"name":"getAll","decl":{"start":{"line":23,"column":14},"end":{"line":30,"column":3}},"loc":{"start":{"line":23,"column":14},"end":{"line":30,"column":3}},"line":23},"3":{"name":"delete","decl":{"start":{"line":32,"column":14},"end":{"line":39,"column":3}},"loc":{"start":{"line":32,"column":14},"end":{"line":39,"column":3}},"line":32},"4":{"name":"update","decl":{"start":{"line":41,"column":14},"end":{"line":48,"column":3}},"loc":{"start":{"line":41,"column":14},"end":{"line":48,"column":3}},"line":41}},"f":{"0":10,"1":3,"2":7,"3":3,"4":3}}
,"D:\\Projetos_compasso\\_em_desenvolvimento\\3\\desafio_api_final_pt1\\Eslint\\src\\app\\errors\\BadRequest.js": {"path":"D:\\Projetos_compasso\\_em_desenvolvimento\\3\\desafio_api_final_pt1\\Eslint\\src\\app\\errors\\BadRequest.js","all":false,"statementMap":{"0":{"start":{"line":1,"column":0},"end":{"line":1,"column":32}},"1":{"start":{"line":2,"column":0},"end":{"line":2,"column":22}},"2":{"start":{"line":3,"column":0},"end":{"line":3,"column":39}},"3":{"start":{"line":4,"column":0},"end":{"line":4,"column":19}},"4":{"start":{"line":5,"column":0},"end":{"line":5,"column":37}},"5":{"start":{"line":6,"column":0},"end":{"line":6,"column":30}},"6":{"start":{"line":7,"column":0},"end":{"line":7,"column":22}},"7":{"start":{"line":8,"column":0},"end":{"line":8,"column":3}},"8":{"start":{"line":9,"column":0},"end":{"line":9,"column":1}},"9":{"start":{"line":10,"column":0},"end":{"line":10,"column":0}},"10":{"start":{"line":11,"column":0},"end":{"line":11,"column":28}}},"s":{"0":1,"1":1,"2":4,"3":4,"4":4,"5":4,"6":4,"7":4,"8":1,"9":1,"10":1},"branchMap":{"0":{"type":"branch","line":2,"loc":{"start":{"line":2,"column":2},"end":{"line":8,"column":3}},"locations":[{"start":{"line":2,"column":2},"end":{"line":8,"column":3}}]}},"b":{"0":[4]},"fnMap":{"0":{"name":"BadRequest","decl":{"start":{"line":2,"column":2},"end":{"line":8,"column":3}},"loc":{"start":{"line":2,"column":2},"end":{"line":8,"column":3}},"line":2}},"f":{"0":4}}
,"D:\\Projetos_compasso\\_em_desenvolvimento\\3\\desafio_api_final_pt1\\Eslint\\src\\app\\errors\\Conflict.js": {"path":"D:\\Projetos_compasso\\_em_desenvolvimento\\3\\desafio_api_final_pt1\\Eslint\\src\\app\\errors\\Conflict.js","all":false,"statementMap":{"0":{"start":{"line":1,"column":0},"end":{"line":1,"column":30}},"1":{"start":{"line":2,"column":0},"end":{"line":2,"column":22}},"2":{"start":{"line":3,"column":0},"end":{"line":3,"column":46}},"3":{"start":{"line":4,"column":0},"end":{"line":4,"column":19}},"4":{"start":{"line":5,"column":0},"end":{"line":5,"column":34}},"5":{"start":{"line":6,"column":0},"end":{"line":6,"column":27}},"6":{"start":{"line":7,"column":0},"end":{"line":7,"column":22}},"7":{"start":{"line":8,"column":0},"end":{"line":8,"column":3}},"8":{"start":{"line":9,"column":0},"end":{"line":9,"column":1}},"9":{"start":{"line":10,"column":0},"end":{"line":10,"column":0}},"10":{"start":{"line":11,"column":0},"end":{"line":11,"column":26}}},"s":{"0":1,"1":1,"2":8,"3":8,"4":8,"5":8,"6":8,"7":8,"8":1,"9":1,"10":1},"branchMap":{"0":{"type":"branch","line":2,"loc":{"start":{"line":2,"column":2},"end":{"line":8,"column":3}},"locations":[{"start":{"line":2,"column":2},"end":{"line":8,"column":3}}]}},"b":{"0":[8]},"fnMap":{"0":{"name":"Conflict","decl":{"start":{"line":2,"column":2},"end":{"line":8,"column":3}},"loc":{"start":{"line":2,"column":2},"end":{"line":8,"column":3}},"line":2}},"f":{"0":8}}
,"D:\\Projetos_compasso\\_em_desenvolvimento\\3\\desafio_api_final_pt1\\Eslint\\src\\app\\errors\\NotFound.js": {"path":"D:\\Projetos_compasso\\_em_desenvolvimento\\3\\desafio_api_final_pt1\\Eslint\\src\\app\\errors\\NotFound.js","all":false,"statementMap":{"0":{"start":{"line":1,"column":0},"end":{"line":1,"column":30}},"1":{"start":{"line":2,"column":0},"end":{"line":2,"column":22}},"2":{"start":{"line":3,"column":0},"end":{"line":3,"column":47}},"3":{"start":{"line":4,"column":0},"end":{"line":4,"column":19}},"4":{"start":{"line":5,"column":0},"end":{"line":5,"column":35}},"5":{"start":{"line":6,"column":0},"end":{"line":6,"column":28}},"6":{"start":{"line":7,"column":0},"end":{"line":7,"column":22}},"7":{"start":{"line":8,"column":0},"end":{"line":8,"column":3}},"8":{"start":{"line":9,"column":0},"end":{"line":9,"column":1}},"9":{"start":{"line":10,"column":0},"end":{"line":10,"column":0}},"10":{"start":{"line":11,"column":0},"end":{"line":11,"column":26}}},"s":{"0":1,"1":1,"2":12,"3":12,"4":12,"5":12,"6":12,"7":12,"8":1,"9":1,"10":1},"branchMap":{"0":{"type":"branch","line":2,"loc":{"start":{"line":2,"column":2},"end":{"line":8,"column":3}},"locations":[{"start":{"line":2,"column":2},"end":{"line":8,"column":3}}]}},"b":{"0":[12]},"fnMap":{"0":{"name":"NotFound","decl":{"start":{"line":2,"column":2},"end":{"line":8,"column":3}},"loc":{"start":{"line":2,"column":2},"end":{"line":8,"column":3}},"line":2}},"f":{"0":12}}
,"D:\\Projetos_compasso\\_em_desenvolvimento\\3\\desafio_api_final_pt1\\Eslint\\src\\app\\errors\\Unauthorized.js": {"path":"D:\\Projetos_compasso\\_em_desenvolvimento\\3\\desafio_api_final_pt1\\Eslint\\src\\app\\errors\\Unauthorized.js","all":false,"statementMap":{"0":{"start":{"line":1,"column":0},"end":{"line":1,"column":34}},"1":{"start":{"line":2,"column":0},"end":{"line":2,"column":22}},"2":{"start":{"line":3,"column":0},"end":{"line":3,"column":31}},"3":{"start":{"line":4,"column":0},"end":{"line":4,"column":19}},"4":{"start":{"line":5,"column":0},"end":{"line":5,"column":38}},"5":{"start":{"line":6,"column":0},"end":{"line":6,"column":31}},"6":{"start":{"line":7,"column":0},"end":{"line":7,"column":22}},"7":{"start":{"line":8,"column":0},"end":{"line":8,"column":3}},"8":{"start":{"line":9,"column":0},"end":{"line":9,"column":1}},"9":{"start":{"line":10,"column":0},"end":{"line":10,"column":0}},"10":{"start":{"line":11,"column":0},"end":{"line":11,"column":30}}},"s":{"0":1,"1":1,"2":0,"3":0,"4":0,"5":0,"6":0,"7":0,"8":1,"9":1,"10":1},"branchMap":{},"b":{},"fnMap":{"0":{"name":"Unauthorized","decl":{"start":{"line":2,"column":2},"end":{"line":8,"column":3}},"loc":{"start":{"line":2,"column":2},"end":{"line":8,"column":3}},"line":2}},"f":{"0":0}}
,"D:\\Projetos_compasso\\_em_desenvolvimento\\3\\desafio_api_final_pt1\\Eslint\\src\\app\\middlewares\\auth.js": {"path":"D:\\Projetos_compasso\\_em_desenvolvimento\\3\\desafio_api_final_pt1\\Eslint\\src\\app\\middlewares\\auth.js","all":false,"statementMap":{"0":{"start":{"line":1,"column":0},"end":{"line":1,"column":36}},"1":{"start":{"line":2,"column":0},"end":{"line":2,"column":50}},"2":{"start":{"line":3,"column":0},"end":{"line":3,"column":0}},"3":{"start":{"line":4,"column":0},"end":{"line":4,"column":55}},"4":{"start":{"line":5,"column":0},"end":{"line":5,"column":0}},"5":{"start":{"line":6,"column":0},"end":{"line":6,"column":38}},"6":{"start":{"line":7,"column":0},"end":{"line":7,"column":47}},"7":{"start":{"line":8,"column":0},"end":{"line":8,"column":0}},"8":{"start":{"line":9,"column":0},"end":{"line":9,"column":20}},"9":{"start":{"line":10,"column":0},"end":{"line":10,"column":48}},"10":{"start":{"line":11,"column":0},"end":{"line":11,"column":3}},"11":{"start":{"line":12,"column":0},"end":{"line":12,"column":0}},"12":{"start":{"line":13,"column":0},"end":{"line":13,"column":38}},"13":{"start":{"line":14,"column":0},"end":{"line":14,"column":0}},"14":{"start":{"line":15,"column":0},"end":{"line":15,"column":28}},"15":{"start":{"line":16,"column":0},"end":{"line":16,"column":42}},"16":{"start":{"line":17,"column":0},"end":{"line":17,"column":3}},"17":{"start":{"line":18,"column":0},"end":{"line":18,"column":0}},"18":{"start":{"line":19,"column":0},"end":{"line":19,"column":32}},"19":{"start":{"line":20,"column":0},"end":{"line":20,"column":0}},"20":{"start":{"line":21,"column":0},"end":{"line":21,"column":34}},"21":{"start":{"line":22,"column":0},"end":{"line":22,"column":50}},"22":{"start":{"line":23,"column":0},"end":{"line":23,"column":3}},"23":{"start":{"line":24,"column":0},"end":{"line":24,"column":0}},"24":{"start":{"line":25,"column":0},"end":{"line":25,"column":69}},"25":{"start":{"line":26,"column":0},"end":{"line":26,"column":16}},"26":{"start":{"line":27,"column":0},"end":{"line":27,"column":46}},"27":{"start":{"line":28,"column":0},"end":{"line":28,"column":5}},"28":{"start":{"line":29,"column":0},"end":{"line":29,"column":0}},"29":{"start":{"line":30,"column":0},"end":{"line":30,"column":30}},"30":{"start":{"line":31,"column":0},"end":{"line":31,"column":18}},"31":{"start":{"line":32,"column":0},"end":{"line":32,"column":5}},"32":{"start":{"line":33,"column":0},"end":{"line":33,"column":2}}},"s":{"0":1,"1":1,"2":1,"3":1,"4":1,"5":1,"6":30,"7":30,"8":30,"9":0,"10":0,"11":30,"12":30,"13":30,"14":30,"15":0,"16":0,"17":30,"18":30,"19":30,"20":30,"21":0,"22":0,"23":30,"24":30,"25":30,"26":0,"27":0,"28":30,"29":30,"30":30,"31":30,"32":30},"branchMap":{"0":{"type":"branch","line":6,"loc":{"start":{"line":6,"column":17},"end":{"line":33,"column":2}},"locations":[{"start":{"line":6,"column":17},"end":{"line":33,"column":2}}]},"1":{"type":"branch","line":9,"loc":{"start":{"line":9,"column":19},"end":{"line":11,"column":3}},"locations":[{"start":{"line":9,"column":19},"end":{"line":11,"column":3}}]},"2":{"type":"branch","line":15,"loc":{"start":{"line":15,"column":27},"end":{"line":17,"column":3}},"locations":[{"start":{"line":15,"column":27},"end":{"line":17,"column":3}}]},"3":{"type":"branch","line":21,"loc":{"start":{"line":21,"column":33},"end":{"line":23,"column":3}},"locations":[{"start":{"line":21,"column":33},"end":{"line":23,"column":3}}]},"4":{"type":"branch","line":25,"loc":{"start":{"line":25,"column":48},"end":{"line":32,"column":5}},"locations":[{"start":{"line":25,"column":48},"end":{"line":32,"column":5}}]},"5":{"type":"branch","line":26,"loc":{"start":{"line":26,"column":15},"end":{"line":28,"column":5}},"locations":[{"start":{"line":26,"column":15},"end":{"line":28,"column":5}}]}},"b":{"0":[30],"1":[0],"2":[0],"3":[0],"4":[30],"5":[0]},"fnMap":{"0":{"name":"Object.<anonymous>.module.exports","decl":{"start":{"line":6,"column":17},"end":{"line":33,"column":2}},"loc":{"start":{"line":6,"column":17},"end":{"line":33,"column":2}},"line":6}},"f":{"0":30}}
,"D:\\Projetos_compasso\\_em_desenvolvimento\\3\\desafio_api_final_pt1\\Eslint\\src\\app\\middlewares\\errors.js": {"path":"D:\\Projetos_compasso\\_em_desenvolvimento\\3\\desafio_api_final_pt1\\Eslint\\src\\app\\middlewares\\errors.js","all":false,"statementMap":{"0":{"start":{"line":1,"column":0},"end":{"line":1,"column":51}},"1":{"start":{"line":2,"column":0},"end":{"line":2,"column":47}},"2":{"start":{"line":3,"column":0},"end":{"line":3,"column":55}},"3":{"start":{"line":4,"column":0},"end":{"line":4,"column":47}},"4":{"start":{"line":5,"column":0},"end":{"line":5,"column":0}},"5":{"start":{"line":6,"column":0},"end":{"line":6,"column":51}},"6":{"start":{"line":7,"column":0},"end":{"line":7,"column":19}},"7":{"start":{"line":8,"column":0},"end":{"line":8,"column":44}},"8":{"start":{"line":9,"column":0},"end":{"line":9,"column":0}},"9":{"start":{"line":10,"column":0},"end":{"line":10,"column":6}},"10":{"start":{"line":11,"column":0},"end":{"line":11,"column":32}},"11":{"start":{"line":12,"column":0},"end":{"line":12,"column":34}},"12":{"start":{"line":13,"column":0},"end":{"line":13,"column":32}},"13":{"start":{"line":14,"column":0},"end":{"line":14,"column":33}},"14":{"start":{"line":15,"column":0},"end":{"line":15,"column":5}},"15":{"start":{"line":16,"column":0},"end":{"line":16,"column":26}},"16":{"start":{"line":17,"column":0},"end":{"line":17,"column":36}},"17":{"start":{"line":18,"column":0},"end":{"line":18,"column":3}},"18":{"start":{"line":19,"column":0},"end":{"line":19,"column":0}},"19":{"start":{"line":20,"column":0},"end":{"line":20,"column":95}},"20":{"start":{"line":21,"column":0},"end":{"line":21,"column":63}},"21":{"start":{"line":22,"column":0},"end":{"line":22,"column":33}},"22":{"start":{"line":23,"column":0},"end":{"line":23,"column":33}},"23":{"start":{"line":24,"column":0},"end":{"line":24,"column":28}},"24":{"start":{"line":25,"column":0},"end":{"line":25,"column":7}},"25":{"start":{"line":26,"column":0},"end":{"line":26,"column":3}},"26":{"start":{"line":27,"column":0},"end":{"line":27,"column":0}},"27":{"start":{"line":28,"column":0},"end":{"line":28,"column":97}},"28":{"start":{"line":29,"column":0},"end":{"line":29,"column":69}},"29":{"start":{"line":30,"column":0},"end":{"line":30,"column":33}},"30":{"start":{"line":31,"column":0},"end":{"line":31,"column":35}},"31":{"start":{"line":32,"column":0},"end":{"line":32,"column":30}},"32":{"start":{"line":33,"column":0},"end":{"line":33,"column":7}},"33":{"start":{"line":34,"column":0},"end":{"line":34,"column":3}},"34":{"start":{"line":35,"column":0},"end":{"line":35,"column":0}},"35":{"start":{"line":36,"column":0},"end":{"line":36,"column":98}},"36":{"start":{"line":37,"column":0},"end":{"line":37,"column":72}},"37":{"start":{"line":38,"column":0},"end":{"line":38,"column":33}},"38":{"start":{"line":39,"column":0},"end":{"line":39,"column":36}},"39":{"start":{"line":40,"column":0},"end":{"line":40,"column":31}},"40":{"start":{"line":41,"column":0},"end":{"line":41,"column":7}},"41":{"start":{"line":42,"column":0},"end":{"line":42,"column":3}},"42":{"start":{"line":43,"column":0},"end":{"line":43,"column":0}},"43":{"start":{"line":44,"column":0},"end":{"line":44,"column":96}},"44":{"start":{"line":45,"column":0},"end":{"line":45,"column":66}},"45":{"start":{"line":46,"column":0},"end":{"line":46,"column":33}},"46":{"start":{"line":47,"column":0},"end":{"line":47,"column":34}},"47":{"start":{"line":48,"column":0},"end":{"line":48,"column":29}},"48":{"start":{"line":49,"column":0},"end":{"line":49,"column":7}},"49":{"start":{"line":50,"column":0},"end":{"line":50,"column":3}},"50":{"start":{"line":51,"column":0},"end":{"line":51,"column":0}},"51":{"start":{"line":52,"column":0},"end":{"line":52,"column":96}},"52":{"start":{"line":53,"column":0},"end":{"line":53,"column":66}},"53":{"start":{"line":54,"column":0},"end":{"line":54,"column":33}},"54":{"start":{"line":55,"column":0},"end":{"line":55,"column":34}},"55":{"start":{"line":56,"column":0},"end":{"line":56,"column":29}},"56":{"start":{"line":57,"column":0},"end":{"line":57,"column":7}},"57":{"start":{"line":58,"column":0},"end":{"line":58,"column":3}},"58":{"start":{"line":59,"column":0},"end":{"line":59,"column":0}},"59":{"start":{"line":60,"column":0},"end":{"line":60,"column":6}},"60":{"start":{"line":61,"column":0},"end":{"line":61,"column":44}},"61":{"start":{"line":62,"column":0},"end":{"line":62,"column":86}},"62":{"start":{"line":63,"column":0},"end":{"line":63,"column":5}},"63":{"start":{"line":64,"column":0},"end":{"line":64,"column":40}},"64":{"start":{"line":65,"column":0},"end":{"line":65,"column":50}},"65":{"start":{"line":66,"column":0},"end":{"line":66,"column":35}},"66":{"start":{"line":67,"column":0},"end":{"line":67,"column":34}},"67":{"start":{"line":68,"column":0},"end":{"line":68,"column":29}},"68":{"start":{"line":69,"column":0},"end":{"line":69,"column":9}},"69":{"start":{"line":70,"column":0},"end":{"line":70,"column":5}},"70":{"start":{"line":71,"column":0},"end":{"line":71,"column":52}},"71":{"start":{"line":72,"column":0},"end":{"line":72,"column":33}},"72":{"start":{"line":73,"column":0},"end":{"line":73,"column":32}},"73":{"start":{"line":74,"column":0},"end":{"line":74,"column":27}},"74":{"start":{"line":75,"column":0},"end":{"line":75,"column":7}},"75":{"start":{"line":76,"column":0},"end":{"line":76,"column":3}},"76":{"start":{"line":77,"column":0},"end":{"line":77,"column":0}},"77":{"start":{"line":78,"column":0},"end":{"line":78,"column":28}},"78":{"start":{"line":79,"column":0},"end":{"line":79,"column":18}},"79":{"start":{"line":80,"column":0},"end":{"line":80,"column":3}},"80":{"start":{"line":81,"column":0},"end":{"line":81,"column":0}},"81":{"start":{"line":82,"column":0},"end":{"line":82,"column":34}},"82":{"start":{"line":83,"column":0},"end":{"line":83,"column":16}},"83":{"start":{"line":84,"column":0},"end":{"line":84,"column":23}},"84":{"start":{"line":85,"column":0},"end":{"line":85,"column":5}},"85":{"start":{"line":86,"column":0},"end":{"line":86,"column":2}}},"s":{"0":1,"1":1,"2":1,"3":1,"4":1,"5":1,"6":24,"7":24,"8":24,"9":24,"10":24,"11":9,"12":9,"13":9,"14":24,"15":15,"16":15,"17":15,"18":24,"19":24,"20":1,"21":1,"22":1,"23":1,"24":1,"25":1,"26":23,"27":24,"28":0,"29":0,"30":0,"31":0,"32":0,"33":0,"34":23,"35":24,"36":2,"37":2,"38":2,"39":2,"40":2,"41":2,"42":21,"43":24,"44":1,"45":1,"46":1,"47":1,"48":1,"49":1,"50":20,"51":24,"52":2,"53":2,"54":2,"55":2,"56":2,"57":2,"58":18,"59":18,"60":24,"61":24,"62":24,"63":3,"64":0,"65":0,"66":0,"67":0,"68":0,"69":0,"70":3,"71":3,"72":3,"73":3,"74":3,"75":3,"76":15,"77":24,"78":0,"79":0,"80":15,"81":15,"82":15,"83":15,"84":15,"85":15},"branchMap":{"0":{"type":"branch","line":6,"loc":{"start":{"line":6,"column":17},"end":{"line":86,"column":2}},"locations":[{"start":{"line":6,"column":17},"end":{"line":86,"column":2}}]},"1":{"type":"branch","line":11,"loc":{"start":{"line":11,"column":4},"end":{"line":12,"column":34}},"locations":[{"start":{"line":11,"column":4},"end":{"line":12,"column":34}}]},"2":{"type":"branch","line":11,"loc":{"start":{"line":11,"column":4},"end":{"line":13,"column":32}},"locations":[{"start":{"line":11,"column":4},"end":{"line":13,"column":32}}]},"3":{"type":"branch","line":11,"loc":{"start":{"line":11,"column":4},"end":{"line":14,"column":33}},"locations":[{"start":{"line":11,"column":4},"end":{"line":14,"column":33}}]},"4":{"type":"branch","line":15,"loc":{"start":{"line":15,"column":4},"end":{"line":18,"column":3}},"locations":[{"start":{"line":15,"column":4},"end":{"line":18,"column":3}}]},"5":{"type":"branch","line":20,"loc":{"start":{"line":20,"column":6},"end":{"line":20,"column":94}},"locations":[{"start":{"line":20,"column":6},"end":{"line":20,"column":94}}]},"6":{"type":"branch","line":20,"loc":{"start":{"line":20,"column":94},"end":{"line":26,"column":3}},"locations":[{"start":{"line":20,"column":94},"end":{"line":26,"column":3}}]},"7":{"type":"branch","line":27,"loc":{"start":{"line":27,"column":-1},"end":{"line":28,"column":14}},"locations":[{"start":{"line":27,"column":-1},"end":{"line":28,"column":14}}]},"8":{"type":"branch","line":28,"loc":{"start":{"line":28,"column":6},"end":{"line":28,"column":96}},"locations":[{"start":{"line":28,"column":6},"end":{"line":28,"column":96}}]},"9":{"type":"branch","line":28,"loc":{"start":{"line":28,"column":96},"end":{"line":34,"column":3}},"locations":[{"start":{"line":28,"column":96},"end":{"line":34,"column":3}}]},"10":{"type":"branch","line":35,"loc":{"start":{"line":35,"column":-1},"end":{"line":36,"column":14}},"locations":[{"start":{"line":35,"column":-1},"end":{"line":36,"column":14}}]},"11":{"type":"branch","line":36,"loc":{"start":{"line":36,"column":6},"end":{"line":36,"column":97}},"locations":[{"start":{"line":36,"column":6},"end":{"line":36,"column":97}}]},"12":{"type":"branch","line":36,"loc":{"start":{"line":36,"column":97},"end":{"line":42,"column":3}},"locations":[{"start":{"line":36,"column":97},"end":{"line":42,"column":3}}]},"13":{"type":"branch","line":43,"loc":{"start":{"line":43,"column":-1},"end":{"line":44,"column":14}},"locations":[{"start":{"line":43,"column":-1},"end":{"line":44,"column":14}}]},"14":{"type":"branch","line":44,"loc":{"start":{"line":44,"column":6},"end":{"line":44,"column":95}},"locations":[{"start":{"line":44,"column":6},"end":{"line":44,"column":95}}]},"15":{"type":"branch","line":44,"loc":{"start":{"line":44,"column":95},"end":{"line":50,"column":3}},"locations":[{"start":{"line":44,"column":95},"end":{"line":50,"column":3}}]},"16":{"type":"branch","line":51,"loc":{"start":{"line":51,"column":-1},"end":{"line":52,"column":14}},"locations":[{"start":{"line":51,"column":-1},"end":{"line":52,"column":14}}]},"17":{"type":"branch","line":52,"loc":{"start":{"line":52,"column":6},"end":{"line":52,"column":95}},"locations":[{"start":{"line":52,"column":6},"end":{"line":52,"column":95}}]},"18":{"type":"branch","line":52,"loc":{"start":{"line":52,"column":95},"end":{"line":58,"column":3}},"locations":[{"start":{"line":52,"column":95},"end":{"line":58,"column":3}}]},"19":{"type":"branch","line":59,"loc":{"start":{"line":59,"column":-1},"end":{"line":61,"column":9}},"locations":[{"start":{"line":59,"column":-1},"end":{"line":61,"column":9}}]},"20":{"type":"branch","line":61,"loc":{"start":{"line":61,"column":4},"end":{"line":61,"column":9}},"locations":[{"start":{"line":61,"column":4},"end":{"line":61,"column":9}}]},"21":{"type":"branch","line":62,"loc":{"start":{"line":62,"column":5},"end":{"line":62,"column":86}},"locations":[{"start":{"line":62,"column":5},"end":{"line":62,"column":86}}]},"22":{"type":"branch","line":63,"loc":{"start":{"line":63,"column":4},"end":{"line":76,"column":3}},"locations":[{"start":{"line":63,"column":4},"end":{"line":76,"column":3}}]},"23":{"type":"branch","line":64,"loc":{"start":{"line":64,"column":39},"end":{"line":70,"column":5}},"locations":[{"start":{"line":64,"column":39},"end":{"line":70,"column":5}}]},"24":{"type":"branch","line":77,"loc":{"start":{"line":77,"column":-1},"end":{"line":78,"column":6}},"locations":[{"start":{"line":77,"column":-1},"end":{"line":78,"column":6}}]},"25":{"type":"branch","line":78,"loc":{"start":{"line":78,"column":27},"end":{"line":80,"column":3}},"locations":[{"start":{"line":78,"column":27},"end":{"line":80,"column":3}}]},"26":{"type":"branch","line":81,"loc":{"start":{"line":81,"column":-1},"end":{"line":86,"column":2}},"locations":[{"start":{"line":81,"column":-1},"end":{"line":86,"column":2}}]}},"b":{"0":[24],"1":[12],"2":[11],"3":[9],"4":[15],"5":[6],"6":[1],"7":[23],"8":[5],"9":[0],"10":[23],"11":[5],"12":[2],"13":[21],"14":[3],"15":[1],"16":[20],"17":[2],"18":[2],"19":[18],"20":[3],"21":[0],"22":[3],"23":[0],"24":[15],"25":[0],"26":[15]},"fnMap":{"0":{"name":"Object.<anonymous>.module.exports","decl":{"start":{"line":6,"column":17},"end":{"line":86,"column":2}},"loc":{"start":{"line":6,"column":17},"end":{"line":86,"column":2}},"line":6}},"f":{"0":24}}
,"D:\\Projetos_compasso\\_em_desenvolvimento\\3\\desafio_api_final_pt1\\Eslint\\src\\app\\middlewares\\jwt.js": {"path":"D:\\Projetos_compasso\\_em_desenvolvimento\\3\\desafio_api_final_pt1\\Eslint\\src\\app\\middlewares\\jwt.js","all":false,"statementMap":{"0":{"start":{"line":1,"column":0},"end":{"line":1,"column":36}},"1":{"start":{"line":2,"column":0},"end":{"line":2,"column":50}},"2":{"start":{"line":3,"column":0},"end":{"line":3,"column":0}},"3":{"start":{"line":4,"column":0},"end":{"line":4,"column":11}},"4":{"start":{"line":5,"column":0},"end":{"line":5,"column":23}},"5":{"start":{"line":6,"column":0},"end":{"line":6,"column":79}},"6":{"start":{"line":7,"column":0},"end":{"line":7,"column":3}},"7":{"start":{"line":8,"column":0},"end":{"line":8,"column":1}},"8":{"start":{"line":9,"column":0},"end":{"line":9,"column":0}},"9":{"start":{"line":10,"column":0},"end":{"line":10,"column":27}}},"s":{"0":1,"1":1,"2":1,"3":1,"4":1,"5":1,"6":1,"7":1,"8":1,"9":1},"branchMap":{"0":{"type":"branch","line":5,"loc":{"start":{"line":5,"column":12},"end":{"line":7,"column":3}},"locations":[{"start":{"line":5,"column":12},"end":{"line":7,"column":3}}]}},"b":{"0":[1]},"fnMap":{"0":{"name":"sign","decl":{"start":{"line":5,"column":12},"end":{"line":7,"column":3}},"loc":{"start":{"line":5,"column":12},"end":{"line":7,"column":3}},"line":5}},"f":{"0":1}}
,"D:\\Projetos_compasso\\_em_desenvolvimento\\3\\desafio_api_final_pt1\\Eslint\\src\\app\\repository\\CarRepository.js": {"path":"D:\\Projetos_compasso\\_em_desenvolvimento\\3\\desafio_api_final_pt1\\Eslint\\src\\app\\repository\\CarRepository.js","all":false,"statementMap":{"0":{"start":{"line":1,"column":0},"end":{"line":1,"column":49}},"1":{"start":{"line":2,"column":0},"end":{"line":2,"column":47}},"2":{"start":{"line":3,"column":0},"end":{"line":3,"column":0}},"3":{"start":{"line":4,"column":0},"end":{"line":4,"column":21}},"4":{"start":{"line":5,"column":0},"end":{"line":5,"column":25}},"5":{"start":{"line":6,"column":0},"end":{"line":6,"column":37}},"6":{"start":{"line":7,"column":0},"end":{"line":7,"column":3}},"7":{"start":{"line":8,"column":0},"end":{"line":8,"column":0}},"8":{"start":{"line":9,"column":0},"end":{"line":9,"column":25}},"9":{"start":{"line":10,"column":0},"end":{"line":10,"column":67}},"10":{"start":{"line":11,"column":0},"end":{"line":11,"column":68}},"11":{"start":{"line":12,"column":0},"end":{"line":12,"column":89}},"12":{"start":{"line":13,"column":0},"end":{"line":13,"column":70}},"13":{"start":{"line":14,"column":0},"end":{"line":14,"column":119}},"14":{"start":{"line":15,"column":0},"end":{"line":15,"column":58}},"15":{"start":{"line":16,"column":0},"end":{"line":16,"column":52}},"16":{"start":{"line":17,"column":0},"end":{"line":17,"column":12}},"17":{"start":{"line":18,"column":0},"end":{"line":18,"column":15}},"18":{"start":{"line":19,"column":0},"end":{"line":19,"column":12}},"19":{"start":{"line":20,"column":0},"end":{"line":20,"column":27}},"20":{"start":{"line":21,"column":0},"end":{"line":21,"column":29}},"21":{"start":{"line":22,"column":0},"end":{"line":22,"column":30}},"22":{"start":{"line":23,"column":0},"end":{"line":23,"column":6}},"23":{"start":{"line":24,"column":0},"end":{"line":24,"column":3}},"24":{"start":{"line":25,"column":0},"end":{"line":25,"column":0}},"25":{"start":{"line":26,"column":0},"end":{"line":26,"column":26}},"26":{"start":{"line":27,"column":0},"end":{"line":27,"column":62}},"27":{"start":{"line":28,"column":0},"end":{"line":28,"column":60}},"28":{"start":{"line":29,"column":0},"end":{"line":29,"column":18}},"29":{"start":{"line":30,"column":0},"end":{"line":30,"column":3}},"30":{"start":{"line":31,"column":0},"end":{"line":31,"column":0}},"31":{"start":{"line":32,"column":0},"end":{"line":32,"column":42}},"32":{"start":{"line":33,"column":0},"end":{"line":33,"column":94}},"33":{"start":{"line":34,"column":0},"end":{"line":34,"column":109}},"34":{"start":{"line":35,"column":0},"end":{"line":35,"column":18}},"35":{"start":{"line":36,"column":0},"end":{"line":36,"column":3}},"36":{"start":{"line":37,"column":0},"end":{"line":37,"column":0}},"37":{"start":{"line":38,"column":0},"end":{"line":38,"column":29}},"38":{"start":{"line":39,"column":0},"end":{"line":39,"column":101}},"39":{"start":{"line":40,"column":0},"end":{"line":40,"column":55}},"40":{"start":{"line":41,"column":0},"end":{"line":41,"column":18}},"41":{"start":{"line":42,"column":0},"end":{"line":42,"column":3}},"42":{"start":{"line":43,"column":0},"end":{"line":43,"column":0}},"43":{"start":{"line":44,"column":0},"end":{"line":44,"column":25}},"44":{"start":{"line":45,"column":0},"end":{"line":45,"column":62}},"45":{"start":{"line":46,"column":0},"end":{"line":46,"column":60}},"46":{"start":{"line":47,"column":0},"end":{"line":47,"column":49}},"47":{"start":{"line":48,"column":0},"end":{"line":48,"column":3}},"48":{"start":{"line":49,"column":0},"end":{"line":49,"column":0}},"49":{"start":{"line":50,"column":0},"end":{"line":50,"column":58}},"50":{"start":{"line":51,"column":0},"end":{"line":51,"column":52}},"51":{"start":{"line":52,"column":0},"end":{"line":52,"column":56}},"52":{"start":{"line":53,"column":0},"end":{"line":53,"column":64}},"53":{"start":{"line":54,"column":0},"end":{"line":54,"column":57}},"54":{"start":{"line":55,"column":0},"end":{"line":55,"column":6}},"55":{"start":{"line":56,"column":0},"end":{"line":56,"column":55}},"56":{"start":{"line":57,"column":0},"end":{"line":57,"column":18}},"57":{"start":{"line":58,"column":0},"end":{"line":58,"column":3}},"58":{"start":{"line":59,"column":0},"end":{"line":59,"column":1}},"59":{"start":{"line":60,"column":0},"end":{"line":60,"column":0}},"60":{"start":{"line":61,"column":0},"end":{"line":61,"column":37}}},"s":{"0":1,"1":1,"2":1,"3":1,"4":1,"5":13,"6":13,"7":1,"8":1,"9":5,"10":5,"11":5,"12":5,"13":5,"14":5,"15":5,"16":5,"17":5,"18":5,"19":5,"20":5,"21":5,"22":5,"23":5,"24":1,"25":1,"26":3,"27":3,"28":1,"29":1,"30":1,"31":1,"32":4,"33":4,"34":3,"35":3,"36":1,"37":1,"38":2,"39":2,"40":1,"41":1,"42":1,"43":1,"44":3,"45":3,"46":2,"47":2,"48":1,"49":1,"50":1,"51":1,"52":1,"53":1,"54":1,"55":1,"56":1,"57":1,"58":1,"59":1,"60":1},"branchMap":{"0":{"type":"branch","line":5,"loc":{"start":{"line":5,"column":14},"end":{"line":7,"column":3}},"locations":[{"start":{"line":5,"column":14},"end":{"line":7,"column":3}}]},"1":{"type":"branch","line":9,"loc":{"start":{"line":9,"column":14},"end":{"line":24,"column":3}},"locations":[{"start":{"line":9,"column":14},"end":{"line":24,"column":3}}]},"2":{"type":"branch","line":10,"loc":{"start":{"line":10,"column":23},"end":{"line":10,"column":30}},"locations":[{"start":{"line":10,"column":23},"end":{"line":10,"column":30}}]},"3":{"type":"branch","line":11,"loc":{"start":{"line":11,"column":24},"end":{"line":11,"column":31}},"locations":[{"start":{"line":11,"column":24},"end":{"line":11,"column":31}}]},"4":{"type":"branch","line":12,"loc":{"start":{"line":12,"column":8},"end":{"line":12,"column":43}},"locations":[{"start":{"line":12,"column":8},"end":{"line":12,"column":43}}]},"5":{"type":"branch","line":12,"loc":{"start":{"line":12,"column":43},"end":{"line":12,"column":50}},"locations":[{"start":{"line":12,"column":43},"end":{"line":12,"column":50}}]},"6":{"type":"branch","line":13,"loc":{"start":{"line":13,"column":25},"end":{"line":13,"column":32}},"locations":[{"start":{"line":13,"column":25},"end":{"line":13,"column":32}}]},"7":{"type":"branch","line":16,"loc":{"start":{"line":16,"column":21},"end":{"line":16,"column":27}},"locations":[{"start":{"line":16,"column":21},"end":{"line":16,"column":27}}]},"8":{"type":"branch","line":26,"loc":{"start":{"line":26,"column":15},"end":{"line":30,"column":3}},"locations":[{"start":{"line":26,"column":15},"end":{"line":30,"column":3}}]},"9":{"type":"branch","line":27,"loc":{"start":{"line":27,"column":4},"end":{"line":28,"column":8}},"locations":[{"start":{"line":27,"column":4},"end":{"line":28,"column":8}}]},"10":{"type":"branch","line":28,"loc":{"start":{"line":28,"column":24},"end":{"line":30,"column":3}},"locations":[{"start":{"line":28,"column":24},"end":{"line":30,"column":3}}]},"11":{"type":"branch","line":32,"loc":{"start":{"line":32,"column":16},"end":{"line":36,"column":3}},"locations":[{"start":{"line":32,"column":16},"end":{"line":36,"column":3}}]},"12":{"type":"branch","line":34,"loc":{"start":{"line":34,"column":24},"end":{"line":34,"column":30}},"locations":[{"start":{"line":34,"column":24},"end":{"line":34,"column":30}}]},"13":{"type":"branch","line":34,"loc":{"start":{"line":34,"column":24},"end":{"line":36,"column":3}},"locations":[{"start":{"line":34,"column":24},"end":{"line":36,"column":3}}]},"14":{"type":"branch","line":38,"loc":{"start":{"line":38,"column":14},"end":{"line":42,"column":3}},"locations":[{"start":{"line":38,"column":14},"end":{"line":42,"column":3}}]},"15":{"type":"branch","line":39,"loc":{"start":{"line":39,"column":4},"end":{"line":40,"column":8}},"locations":[{"start":{"line":39,"column":4},"end":{"line":40,"column":8}}]},"16":{"type":"branch","line":40,"loc":{"start":{"line":40,"column":24},"end":{"line":40,"column":30}},"locations":[{"start":{"line":40,"column":24},"end":{"line":40,"column":30}}]},"17":{"type":"branch","line":40,"loc":{"start":{"line":40,"column":24},"end":{"line":42,"column":3}},"locations":[{"start":{"line":40,"column":24},"end":{"line":42,"column":3}}]},"18":{"type":"branch","line":44,"loc":{"start":{"line":44,"column":14},"end":{"line":48,"column":3}},"locations":[{"start":{"line":44,"column":14},"end":{"line":48,"column":3}}]},"19":{"type":"branch","line":46,"loc":{"start":{"line":46,"column":24},"end":{"line":46,"column":30}},"locations":[{"start":{"line":46,"column":24},"end":{"line":46,"column":30}}]},"20":{"type":"branch","line":46,"loc":{"start":{"line":46,"column":24},"end":{"line":48,"column":3}},"locations":[{"start":{"line":46,"column":24},"end":{"line":48,"column":3}}]},"21":{"type":"branch","line":50,"loc":{"start":{"line":50,"column":23},"end":{"line":58,"column":3}},"locations":[{"start":{"line":50,"column":23},"end":{"line":58,"column":3}}]},"22":{"type":"branch","line":56,"loc":{"start":{"line":56,"column":17},"end":{"line":56,"column":23}},"locations":[{"start":{"line":56,"column":17},"end":{"line":56,"column":23}}]}},"b":{"0":[13],"1":[5],"2":[0],"3":[0],"4":[0],"5":[0],"6":[0],"7":[0],"8":[3],"9":[2],"10":[1],"11":[4],"12":[1],"13":[3],"14":[2],"15":[1],"16":[0],"17":[1],"18":[3],"19":[1],"20":[2],"21":[1],"22":[0]},"fnMap":{"0":{"name":"create","decl":{"start":{"line":5,"column":14},"end":{"line":7,"column":3}},"loc":{"start":{"line":5,"column":14},"end":{"line":7,"column":3}},"line":5},"1":{"name":"getAll","decl":{"start":{"line":9,"column":14},"end":{"line":24,"column":3}},"loc":{"start":{"line":9,"column":14},"end":{"line":24,"column":3}},"line":9},"2":{"name":"getById","decl":{"start":{"line":26,"column":15},"end":{"line":30,"column":3}},"loc":{"start":{"line":26,"column":15},"end":{"line":30,"column":3}},"line":26},"3":{"name":"getByIds","decl":{"start":{"line":32,"column":16},"end":{"line":36,"column":3}},"loc":{"start":{"line":32,"column":16},"end":{"line":36,"column":3}},"line":32},"4":{"name":"update","decl":{"start":{"line":38,"column":14},"end":{"line":42,"column":3}},"loc":{"start":{"line":38,"column":14},"end":{"line":42,"column":3}},"line":38},"5":{"name":"delete","decl":{"start":{"line":44,"column":14},"end":{"line":48,"column":3}},"loc":{"start":{"line":44,"column":14},"end":{"line":48,"column":3}},"line":44},"6":{"name":"updateAcessorio","decl":{"start":{"line":50,"column":23},"end":{"line":58,"column":3}},"loc":{"start":{"line":50,"column":23},"end":{"line":58,"column":3}},"line":50}},"f":{"0":13,"1":5,"2":3,"3":4,"4":2,"5":3,"6":1}}
,"D:\\Projetos_compasso\\_em_desenvolvimento\\3\\desafio_api_final_pt1\\Eslint\\src\\app\\repository\\PeopleRepository.js": {"path":"D:\\Projetos_compasso\\_em_desenvolvimento\\3\\desafio_api_final_pt1\\Eslint\\src\\app\\repository\\PeopleRepository.js","all":false,"statementMap":{"0":{"start":{"line":1,"column":0},"end":{"line":1,"column":55}},"1":{"start":{"line":2,"column":0},"end":{"line":2,"column":47}},"2":{"start":{"line":3,"column":0},"end":{"line":3,"column":51}},"3":{"start":{"line":4,"column":0},"end":{"line":4,"column":0}},"4":{"start":{"line":5,"column":0},"end":{"line":5,"column":24}},"5":{"start":{"line":6,"column":0},"end":{"line":6,"column":25}},"6":{"start":{"line":7,"column":0},"end":{"line":7,"column":40}},"7":{"start":{"line":8,"column":0},"end":{"line":8,"column":3}},"8":{"start":{"line":9,"column":0},"end":{"line":9,"column":0}},"9":{"start":{"line":10,"column":0},"end":{"line":10,"column":25}},"10":{"start":{"line":11,"column":0},"end":{"line":11,"column":67}},"11":{"start":{"line":12,"column":0},"end":{"line":12,"column":68}},"12":{"start":{"line":13,"column":0},"end":{"line":13,"column":89}},"13":{"start":{"line":14,"column":0},"end":{"line":14,"column":70}},"14":{"start":{"line":15,"column":0},"end":{"line":15,"column":52}},"15":{"start":{"line":16,"column":0},"end":{"line":16,"column":27}},"16":{"start":{"line":17,"column":0},"end":{"line":17,"column":34}},"17":{"start":{"line":18,"column":0},"end":{"line":18,"column":26}},"18":{"start":{"line":19,"column":0},"end":{"line":19,"column":61}},"19":{"start":{"line":20,"column":0},"end":{"line":20,"column":52}},"20":{"start":{"line":21,"column":0},"end":{"line":21,"column":12}},"21":{"start":{"line":22,"column":0},"end":{"line":22,"column":14}},"22":{"start":{"line":23,"column":0},"end":{"line":23,"column":12}},"23":{"start":{"line":24,"column":0},"end":{"line":24,"column":27}},"24":{"start":{"line":25,"column":0},"end":{"line":25,"column":29}},"25":{"start":{"line":26,"column":0},"end":{"line":26,"column":30}},"26":{"start":{"line":27,"column":0},"end":{"line":27,"column":6}},"27":{"start":{"line":28,"column":0},"end":{"line":28,"column":3}},"28":{"start":{"line":29,"column":0},"end":{"line":29,"column":0}},"29":{"start":{"line":30,"column":0},"end":{"line":30,"column":26}},"30":{"start":{"line":31,"column":0},"end":{"line":31,"column":65}},"31":{"start":{"line":32,"column":0},"end":{"line":32,"column":25}},"32":{"start":{"line":33,"column":0},"end":{"line":33,"column":42}},"33":{"start":{"line":34,"column":0},"end":{"line":34,"column":5}},"34":{"start":{"line":35,"column":0},"end":{"line":35,"column":18}},"35":{"start":{"line":36,"column":0},"end":{"line":36,"column":3}},"36":{"start":{"line":37,"column":0},"end":{"line":37,"column":0}},"37":{"start":{"line":38,"column":0},"end":{"line":38,"column":25}},"38":{"start":{"line":39,"column":0},"end":{"line":39,"column":47}},"39":{"start":{"line":40,"column":0},"end":{"line":40,"column":27}},"40":{"start":{"line":41,"column":0},"end":{"line":41,"column":26}},"41":{"start":{"line":42,"column":0},"end":{"line":42,"column":7}},"42":{"start":{"line":43,"column":0},"end":{"line":43,"column":25}},"43":{"start":{"line":44,"column":0},"end":{"line":44,"column":48}},"44":{"start":{"line":45,"column":0},"end":{"line":45,"column":5}},"45":{"start":{"line":46,"column":0},"end":{"line":46,"column":18}},"46":{"start":{"line":47,"column":0},"end":{"line":47,"column":3}},"47":{"start":{"line":48,"column":0},"end":{"line":48,"column":0}},"48":{"start":{"line":49,"column":0},"end":{"line":49,"column":29}},"49":{"start":{"line":50,"column":0},"end":{"line":50,"column":104}},"50":{"start":{"line":51,"column":0},"end":{"line":51,"column":25}},"51":{"start":{"line":52,"column":0},"end":{"line":52,"column":37}},"52":{"start":{"line":53,"column":0},"end":{"line":53,"column":5}},"53":{"start":{"line":54,"column":0},"end":{"line":54,"column":18}},"54":{"start":{"line":55,"column":0},"end":{"line":55,"column":3}},"55":{"start":{"line":56,"column":0},"end":{"line":56,"column":0}},"56":{"start":{"line":57,"column":0},"end":{"line":57,"column":25}},"57":{"start":{"line":58,"column":0},"end":{"line":58,"column":65}},"58":{"start":{"line":59,"column":0},"end":{"line":59,"column":25}},"59":{"start":{"line":60,"column":0},"end":{"line":60,"column":34}},"60":{"start":{"line":61,"column":0},"end":{"line":61,"column":5}},"61":{"start":{"line":62,"column":0},"end":{"line":62,"column":52}},"62":{"start":{"line":63,"column":0},"end":{"line":63,"column":3}},"63":{"start":{"line":64,"column":0},"end":{"line":64,"column":1}},"64":{"start":{"line":65,"column":0},"end":{"line":65,"column":0}},"65":{"start":{"line":66,"column":0},"end":{"line":66,"column":40}}},"s":{"0":1,"1":1,"2":1,"3":1,"4":1,"5":1,"6":14,"7":14,"8":1,"9":1,"10":6,"11":6,"12":6,"13":6,"14":6,"15":6,"16":6,"17":6,"18":6,"19":6,"20":5,"21":5,"22":5,"23":5,"24":5,"25":5,"26":5,"27":5,"28":1,"29":1,"30":3,"31":2,"32":2,"33":2,"34":0,"35":0,"36":1,"37":1,"38":2,"39":2,"40":2,"41":2,"42":2,"43":1,"44":1,"45":1,"46":1,"47":1,"48":1,"49":2,"50":2,"51":2,"52":2,"53":0,"54":0,"55":1,"56":1,"57":3,"58":3,"59":2,"60":2,"61":1,"62":1,"63":1,"64":1,"65":1},"branchMap":{"0":{"type":"branch","line":6,"loc":{"start":{"line":6,"column":14},"end":{"line":8,"column":3}},"locations":[{"start":{"line":6,"column":14},"end":{"line":8,"column":3}}]},"1":{"type":"branch","line":10,"loc":{"start":{"line":10,"column":14},"end":{"line":28,"column":3}},"locations":[{"start":{"line":10,"column":14},"end":{"line":28,"column":3}}]},"2":{"type":"branch","line":11,"loc":{"start":{"line":11,"column":23},"end":{"line":11,"column":30}},"locations":[{"start":{"line":11,"column":23},"end":{"line":11,"column":30}}]},"3":{"type":"branch","line":12,"loc":{"start":{"line":12,"column":24},"end":{"line":12,"column":31}},"locations":[{"start":{"line":12,"column":24},"end":{"line":12,"column":31}}]},"4":{"type":"branch","line":13,"loc":{"start":{"line":13,"column":8},"end":{"line":13,"column":43}},"locations":[{"start":{"line":13,"column":8},"end":{"line":13,"column":43}}]},"5":{"type":"branch","line":13,"loc":{"start":{"line":13,"column":43},"end":{"line":13,"column":50}},"locations":[{"start":{"line":13,"column":43},"end":{"line":13,"column":50}}]},"6":{"type":"branch","line":14,"loc":{"start":{"line":14,"column":25},"end":{"line":14,"column":32}},"locations":[{"start":{"line":14,"column":25},"end":{"line":14,"column":32}}]},"7":{"type":"branch","line":20,"loc":{"start":{"line":20,"column":21},"end":{"line":20,"column":27}},"locations":[{"start":{"line":20,"column":21},"end":{"line":20,"column":27}}]},"8":{"type":"branch","line":20,"loc":{"start":{"line":20,"column":21},"end":{"line":28,"column":3}},"locations":[{"start":{"line":20,"column":21},"end":{"line":28,"column":3}}]},"9":{"type":"branch","line":30,"loc":{"start":{"line":30,"column":15},"end":{"line":36,"column":3}},"locations":[{"start":{"line":30,"column":15},"end":{"line":36,"column":3}}]},"10":{"type":"branch","line":31,"loc":{"start":{"line":31,"column":4},"end":{"line":34,"column":5}},"locations":[{"start":{"line":31,"column":4},"end":{"line":34,"column":5}}]},"11":{"type":"branch","line":35,"loc":{"start":{"line":35,"column":-1},"end":{"line":36,"column":3}},"locations":[{"start":{"line":35,"column":-1},"end":{"line":36,"column":3}}]},"12":{"type":"branch","line":38,"loc":{"start":{"line":38,"column":14},"end":{"line":47,"column":3}},"locations":[{"start":{"line":38,"column":14},"end":{"line":47,"column":3}}]},"13":{"type":"branch","line":43,"loc":{"start":{"line":43,"column":24},"end":{"line":47,"column":3}},"locations":[{"start":{"line":43,"column":24},"end":{"line":47,"column":3}}]},"14":{"type":"branch","line":49,"loc":{"start":{"line":49,"column":14},"end":{"line":55,"column":3}},"locations":[{"start":{"line":49,"column":14},"end":{"line":55,"column":3}}]},"15":{"type":"branch","line":54,"loc":{"start":{"line":54,"column":-1},"end":{"line":55,"column":3}},"locations":[{"start":{"line":54,"column":-1},"end":{"line":55,"column":3}}]},"16":{"type":"branch","line":57,"loc":{"start":{"line":57,"column":14},"end":{"line":63,"column":3}},"locations":[{"start":{"line":57,"column":14},"end":{"line":63,"column":3}}]},"17":{"type":"branch","line":59,"loc":{"start":{"line":59,"column":24},"end":{"line":61,"column":5}},"locations":[{"start":{"line":59,"column":24},"end":{"line":61,"column":5}}]},"18":{"type":"branch","line":62,"loc":{"start":{"line":62,"column":-1},"end":{"line":63,"column":3}},"locations":[{"start":{"line":62,"column":-1},"end":{"line":63,"column":3}}]}},"b":{"0":[14],"1":[6],"2":[0],"3":[0],"4":[0],"5":[0],"6":[0],"7":[1],"8":[5],"9":[3],"10":[2],"11":[0],"12":[2],"13":[1],"14":[2],"15":[0],"16":[3],"17":[2],"18":[1]},"fnMap":{"0":{"name":"create","decl":{"start":{"line":6,"column":14},"end":{"line":8,"column":3}},"loc":{"start":{"line":6,"column":14},"end":{"line":8,"column":3}},"line":6},"1":{"name":"getAll","decl":{"start":{"line":10,"column":14},"end":{"line":28,"column":3}},"loc":{"start":{"line":10,"column":14},"end":{"line":28,"column":3}},"line":10},"2":{"name":"getById","decl":{"start":{"line":30,"column":15},"end":{"line":36,"column":3}},"loc":{"start":{"line":30,"column":15},"end":{"line":36,"column":3}},"line":30},"3":{"name":"getOne","decl":{"start":{"line":38,"column":14},"end":{"line":47,"column":3}},"loc":{"start":{"line":38,"column":14},"end":{"line":47,"column":3}},"line":38},"4":{"name":"update","decl":{"start":{"line":49,"column":14},"end":{"line":55,"column":3}},"loc":{"start":{"line":49,"column":14},"end":{"line":55,"column":3}},"line":49},"5":{"name":"delete","decl":{"start":{"line":57,"column":14},"end":{"line":63,"column":3}},"loc":{"start":{"line":57,"column":14},"end":{"line":63,"column":3}},"line":57}},"f":{"0":14,"1":6,"2":3,"3":2,"4":2,"5":3}}
,"D:\\Projetos_compasso\\_em_desenvolvimento\\3\\desafio_api_final_pt1\\Eslint\\src\\app\\repository\\RentalRepository.js": {"path":"D:\\Projetos_compasso\\_em_desenvolvimento\\3\\desafio_api_final_pt1\\Eslint\\src\\app\\repository\\RentalRepository.js","all":false,"statementMap":{"0":{"start":{"line":1,"column":0},"end":{"line":1,"column":31}},"1":{"start":{"line":2,"column":0},"end":{"line":2,"column":55}},"2":{"start":{"line":3,"column":0},"end":{"line":3,"column":51}},"3":{"start":{"line":4,"column":0},"end":{"line":4,"column":47}},"4":{"start":{"line":5,"column":0},"end":{"line":5,"column":0}},"5":{"start":{"line":6,"column":0},"end":{"line":6,"column":24}},"6":{"start":{"line":7,"column":0},"end":{"line":7,"column":26}},"7":{"start":{"line":8,"column":0},"end":{"line":8,"column":23}},"8":{"start":{"line":9,"column":0},"end":{"line":9,"column":44}},"9":{"start":{"line":10,"column":0},"end":{"line":10,"column":79}},"10":{"start":{"line":11,"column":0},"end":{"line":11,"column":7}},"11":{"start":{"line":12,"column":0},"end":{"line":12,"column":49}},"12":{"start":{"line":13,"column":0},"end":{"line":13,"column":21}},"13":{"start":{"line":14,"column":0},"end":{"line":14,"column":3}},"14":{"start":{"line":15,"column":0},"end":{"line":15,"column":0}},"15":{"start":{"line":16,"column":0},"end":{"line":16,"column":42}},"16":{"start":{"line":17,"column":0},"end":{"line":17,"column":29}},"17":{"start":{"line":18,"column":0},"end":{"line":18,"column":51}},"18":{"start":{"line":19,"column":0},"end":{"line":19,"column":73}},"19":{"start":{"line":20,"column":0},"end":{"line":20,"column":47}},"20":{"start":{"line":21,"column":0},"end":{"line":21,"column":65}},"21":{"start":{"line":22,"column":0},"end":{"line":22,"column":7}},"22":{"start":{"line":23,"column":0},"end":{"line":23,"column":26}},"23":{"start":{"line":24,"column":0},"end":{"line":24,"column":26}},"24":{"start":{"line":25,"column":0},"end":{"line":25,"column":53}},"25":{"start":{"line":26,"column":0},"end":{"line":26,"column":42}},"26":{"start":{"line":27,"column":0},"end":{"line":27,"column":45}},"27":{"start":{"line":28,"column":0},"end":{"line":28,"column":32}},"28":{"start":{"line":29,"column":0},"end":{"line":29,"column":53}},"29":{"start":{"line":30,"column":0},"end":{"line":30,"column":37}},"30":{"start":{"line":31,"column":0},"end":{"line":31,"column":35}},"31":{"start":{"line":32,"column":0},"end":{"line":32,"column":9}},"32":{"start":{"line":33,"column":0},"end":{"line":33,"column":7}},"33":{"start":{"line":34,"column":0},"end":{"line":34,"column":56}},"34":{"start":{"line":35,"column":0},"end":{"line":35,"column":3}},"35":{"start":{"line":36,"column":0},"end":{"line":36,"column":0}},"36":{"start":{"line":37,"column":0},"end":{"line":37,"column":25}},"37":{"start":{"line":38,"column":0},"end":{"line":38,"column":50}},"38":{"start":{"line":39,"column":0},"end":{"line":39,"column":48}},"39":{"start":{"line":40,"column":0},"end":{"line":40,"column":40}},"40":{"start":{"line":41,"column":0},"end":{"line":41,"column":3}},"41":{"start":{"line":42,"column":0},"end":{"line":42,"column":0}},"42":{"start":{"line":43,"column":0},"end":{"line":43,"column":25}},"43":{"start":{"line":44,"column":0},"end":{"line":44,"column":67}},"44":{"start":{"line":45,"column":0},"end":{"line":45,"column":68}},"45":{"start":{"line":46,"column":0},"end":{"line":46,"column":89}},"46":{"start":{"line":47,"column":0},"end":{"line":47,"column":70}},"47":{"start":{"line":48,"column":0},"end":{"line":48,"column":54}},"48":{"start":{"line":49,"column":0},"end":{"line":49,"column":27}},"49":{"start":{"line":50,"column":0},"end":{"line":50,"column":34}},"50":{"start":{"line":51,"column":0},"end":{"line":51,"column":26}},"51":{"start":{"line":52,"column":0},"end":{"line":52,"column":61}},"52":{"start":{"line":53,"column":0},"end":{"line":53,"column":52}},"53":{"start":{"line":54,"column":0},"end":{"line":54,"column":12}},"54":{"start":{"line":55,"column":0},"end":{"line":55,"column":16}},"55":{"start":{"line":56,"column":0},"end":{"line":56,"column":12}},"56":{"start":{"line":57,"column":0},"end":{"line":57,"column":27}},"57":{"start":{"line":58,"column":0},"end":{"line":58,"column":29}},"58":{"start":{"line":59,"column":0},"end":{"line":59,"column":30}},"59":{"start":{"line":60,"column":0},"end":{"line":60,"column":6}},"60":{"start":{"line":61,"column":0},"end":{"line":61,"column":3}},"61":{"start":{"line":62,"column":0},"end":{"line":62,"column":0}},"62":{"start":{"line":63,"column":0},"end":{"line":63,"column":26}},"63":{"start":{"line":64,"column":0},"end":{"line":64,"column":65}},"64":{"start":{"line":65,"column":0},"end":{"line":65,"column":25}},"65":{"start":{"line":66,"column":0},"end":{"line":66,"column":42}},"66":{"start":{"line":67,"column":0},"end":{"line":67,"column":5}},"67":{"start":{"line":68,"column":0},"end":{"line":68,"column":18}},"68":{"start":{"line":69,"column":0},"end":{"line":69,"column":3}},"69":{"start":{"line":70,"column":0},"end":{"line":70,"column":0}},"70":{"start":{"line":71,"column":0},"end":{"line":71,"column":25}},"71":{"start":{"line":72,"column":0},"end":{"line":72,"column":65}},"72":{"start":{"line":73,"column":0},"end":{"line":73,"column":25}},"73":{"start":{"line":74,"column":0},"end":{"line":74,"column":42}},"74":{"start":{"line":75,"column":0},"end":{"line":75,"column":5}},"75":{"start":{"line":76,"column":0},"end":{"line":76,"column":52}},"76":{"start":{"line":77,"column":0},"end":{"line":77,"column":3}},"77":{"start":{"line":78,"column":0},"end":{"line":78,"column":0}},"78":{"start":{"line":79,"column":0},"end":{"line":79,"column":29}},"79":{"start":{"line":80,"column":0},"end":{"line":80,"column":50}},"80":{"start":{"line":81,"column":0},"end":{"line":81,"column":48}},"81":{"start":{"line":82,"column":0},"end":{"line":82,"column":104}},"82":{"start":{"line":83,"column":0},"end":{"line":83,"column":25}},"83":{"start":{"line":84,"column":0},"end":{"line":84,"column":37}},"84":{"start":{"line":85,"column":0},"end":{"line":85,"column":5}},"85":{"start":{"line":86,"column":0},"end":{"line":86,"column":18}},"86":{"start":{"line":87,"column":0},"end":{"line":87,"column":3}},"87":{"start":{"line":88,"column":0},"end":{"line":88,"column":1}},"88":{"start":{"line":89,"column":0},"end":{"line":89,"column":0}},"89":{"start":{"line":90,"column":0},"end":{"line":90,"column":40}}},"s":{"0":1,"1":1,"2":1,"3":1,"4":1,"5":1,"6":1,"7":13,"8":13,"9":13,"10":13,"11":13,"12":13,"13":13,"14":1,"15":1,"16":13,"17":13,"18":13,"19":13,"20":0,"21":0,"22":13,"23":13,"24":13,"25":13,"26":13,"27":13,"28":13,"29":13,"30":13,"31":13,"32":13,"33":13,"34":13,"35":1,"36":1,"37":10,"38":10,"39":10,"40":10,"41":1,"42":1,"43":7,"44":7,"45":7,"46":7,"47":7,"48":7,"49":7,"50":7,"51":7,"52":7,"53":7,"54":7,"55":7,"56":7,"57":7,"58":7,"59":7,"60":7,"61":1,"62":1,"63":3,"64":3,"65":1,"66":1,"67":1,"68":1,"69":1,"70":1,"71":3,"72":3,"73":1,"74":1,"75":2,"76":2,"77":1,"78":1,"79":3,"80":3,"81":3,"82":3,"83":0,"84":0,"85":1,"86":1,"87":1,"88":1,"89":1},"branchMap":{"0":{"type":"branch","line":7,"loc":{"start":{"line":7,"column":15},"end":{"line":14,"column":3}},"locations":[{"start":{"line":7,"column":15},"end":{"line":14,"column":3}}]},"1":{"type":"branch","line":9,"loc":{"start":{"line":9,"column":30},"end":{"line":11,"column":7}},"locations":[{"start":{"line":9,"column":30},"end":{"line":11,"column":7}}]},"2":{"type":"branch","line":16,"loc":{"start":{"line":16,"column":2},"end":{"line":35,"column":3}},"locations":[{"start":{"line":16,"column":2},"end":{"line":35,"column":3}}]},"3":{"type":"branch","line":18,"loc":{"start":{"line":18,"column":29},"end":{"line":33,"column":7}},"locations":[{"start":{"line":18,"column":29},"end":{"line":33,"colum
[...]
line":38,"column":0},"end":{"line":38,"column":9}},"38":{"start":{"line":39,"column":0},"end":{"line":39,"column":40}},"39":{"start":{"line":40,"column":0},"end":{"line":40,"column":17}},"40":{"start":{"line":41,"column":0},"end":{"line":41,"column":19}},"41":{"start":{"line":42,"column":0},"end":{"line":42,"column":7}},"42":{"start":{"line":43,"column":0},"end":{"line":43,"column":0}},"43":{"start":{"line":44,"column":0},"end":{"line":44,"column":9}},"44":{"start":{"line":45,"column":0},"end":{"line":45,"column":70}},"45":{"start":{"line":46,"column":0},"end":{"line":46,"column":56}},"46":{"start":{"line":47,"column":0},"end":{"line":47,"column":21}},"47":{"start":{"line":48,"column":0},"end":{"line":48,"column":25}},"48":{"start":{"line":49,"column":0},"end":{"line":49,"column":5}},"49":{"start":{"line":50,"column":0},"end":{"line":50,"column":0}},"50":{"start":{"line":51,"column":0},"end":{"line":51,"column":77}},"51":{"start":{"line":52,"column":0},"end":{"line":52,"column":27}},"52":{"start":{"line":53,"column":0},"end":{"line":53,"column":18}},"53":{"start":{"line":54,"column":0},"end":{"line":54,"column":19}},"54":{"start":{"line":55,"column":0},"end":{"line":55,"column":55}},"55":{"start":{"line":56,"column":0},"end":{"line":56,"column":3}},"56":{"start":{"line":57,"column":0},"end":{"line":57,"column":2}}},"s":{"0":1,"1":1,"2":1,"3":1,"4":1,"5":1,"6":1,"7":1,"8":1,"9":1,"10":1,"11":1,"12":1,"13":1,"14":1,"15":1,"16":1,"17":1,"18":1,"19":13,"20":13,"21":13,"22":13,"23":13,"24":13,"25":13,"26":13,"27":13,"28":13,"29":13,"30":13,"31":13,"32":13,"33":13,"34":13,"35":13,"36":13,"37":13,"38":13,"39":13,"40":13,"41":13,"42":13,"43":13,"44":13,"45":13,"46":13,"47":0,"48":0,"49":13,"50":13,"51":13,"52":13,"53":13,"54":0,"55":0,"56":13},"branchMap":{"0":{"type":"branch","line":19,"loc":{"start":{"line":19,"column":17},"end":{"line":57,"column":2}},"locations":[{"start":{"line":19,"column":17},"end":{"line":57,"column":2}}]},"1":{"type":"branch","line":47,"loc":{"start":{"line":47,"column":6},"end":{"line":49,"column":5}},"locations":[{"start":{"line":47,"column":6},"end":{"line":49,"column":5}}]},"2":{"type":"branch","line":52,"loc":{"start":{"line":52,"column":15},"end":{"line":52,"column":21}},"locations":[{"start":{"line":52,"column":15},"end":{"line":52,"column":21}}]},"3":{"type":"branch","line":54,"loc":{"start":{"line":54,"column":4},"end":{"line":56,"column":3}},"locations":[{"start":{"line":54,"column":4},"end":{"line":56,"column":3}}]}},"b":{"0":[13],"1":[0],"2":[0],"3":[0]},"fnMap":{"0":{"name":"Object.<anonymous>.module.exports","decl":{"start":{"line":19,"column":17},"end":{"line":57,"column":2}},"loc":{"start":{"line":19,"column":17},"end":{"line":57,"column":2}},"line":19}},"f":{"0":13}}
,"D:\\Projetos_compasso\\_em_desenvolvimento\\3\\desafio_api_final_pt1\\Eslint\\src\\config\\config.js": {"path":"D:\\Projetos_compasso\\_em_desenvolvimento\\3\\desafio_api_final_pt1\\Eslint\\src\\config\\config.js","all":false,"statementMap":{"0":{"start":{"line":1,"column":0},"end":{"line":1,"column":33}},"1":{"start":{"line":2,"column":0},"end":{"line":2,"column":0}},"2":{"start":{"line":3,"column":0},"end":{"line":3,"column":15}},"3":{"start":{"line":4,"column":0},"end":{"line":4,"column":62}},"4":{"start":{"line":5,"column":0},"end":{"line":5,"column":3}},"5":{"start":{"line":6,"column":0},"end":{"line":6,"column":0}},"6":{"start":{"line":7,"column":0},"end":{"line":7,"column":18}},"7":{"start":{"line":8,"column":0},"end":{"line":8,"column":13}},"8":{"start":{"line":9,"column":0},"end":{"line":9,"column":54}},"9":{"start":{"line":10,"column":0},"end":{"line":10,"column":30}},"10":{"start":{"line":11,"column":0},"end":{"line":11,"column":30}},"11":{"start":{"line":12,"column":0},"end":{"line":12,"column":34}},"12":{"start":{"line":13,"column":0},"end":{"line":13,"column":34}},"13":{"start":{"line":14,"column":0},"end":{"line":14,"column":41}},"14":{"start":{"line":15,"column":0},"end":{"line":15,"column":3}},"15":{"start":{"line":16,"column":0},"end":{"line":16,"column":2}}},"s":{"0":1,"1":1,"2":1,"3":1,"4":1,"5":1,"6":1,"7":1,"8":1,"9":1,"10":1,"11":1,"12":1,"13":1,"14":1,"15":1},"branchMap":{"0":{"type":"branch","line":4,"loc":{"start":{"line":4,"column":8},"end":{"line":4,"column":62}},"locations":[{"start":{"line":4,"column":8},"end":{"line":4,"column":62}}]}},"b":{"0":[0]},"fnMap":{},"f":{}}
,"D:\\Projetos_compasso\\_em_desenvolvimento\\3\\desafio_api_final_pt1\\Eslint\\src\\infra\\database\\mongo\\index.js": {"path":"D:\\Projetos_compasso\\_em_desenvolvimento\\3\\desafio_api_final_pt1\\Eslint\\src\\infra\\database\\mongo\\index.js","all":false,"statementMap":{"0":{"start":{"line":1,"column":0},"end":{"line":1,"column":37}},"1":{"start":{"line":2,"column":0},"end":{"line":2,"column":49}},"2":{"start":{"line":3,"column":0},"end":{"line":3,"column":0}},"3":{"start":{"line":4,"column":0},"end":{"line":4,"column":16}},"4":{"start":{"line":5,"column":0},"end":{"line":5,"column":17}},"5":{"start":{"line":6,"column":0},"end":{"line":6,"column":19}},"6":{"start":{"line":7,"column":0},"end":{"line":7,"column":3}},"7":{"start":{"line":8,"column":0},"end":{"line":8,"column":0}},"8":{"start":{"line":9,"column":0},"end":{"line":9,"column":13}},"9":{"start":{"line":10,"column":0},"end":{"line":10,"column":96}},"10":{"start":{"line":11,"column":0},"end":{"line":11,"column":37}},"11":{"start":{"line":12,"column":0},"end":{"line":12,"column":36}},"12":{"start":{"line":13,"column":0},"end":{"line":13,"column":7}},"13":{"start":{"line":14,"column":0},"end":{"line":14,"column":3}},"14":{"start":{"line":15,"column":0},"end":{"line":15,"column":0}},"15":{"start":{"line":16,"column":0},"end":{"line":16,"column":16}},"16":{"start":{"line":17,"column":0},"end":{"line":17,"column":39}},"17":{"start":{"line":18,"column":0},"end":{"line":18,"column":3}},"18":{"start":{"line":19,"column":0},"end":{"line":19,"column":1}},"19":{"start":{"line":20,"column":0},"end":{"line":20,"column":0}},"20":{"start":{"line":21,"column":0},"end":{"line":21,"column":32}}},"s":{"0":1,"1":1,"2":1,"3":1,"4":1,"5":3,"6":3,"7":1,"8":1,"9":9,"10":9,"11":9,"12":9,"13":9,"14":1,"15":1,"16":3,"17":3,"18":1,"19":1,"20":1},"branchMap":{"0":{"type":"branch","line":5,"loc":{"start":{"line":5,"column":2},"end":{"line":7,"column":3}},"locations":[{"start":{"line":5,"column":2},"end":{"line":7,"column":3}}]},"1":{"type":"branch","line":9,"loc":{"start":{"line":9,"column":2},"end":{"line":14,"column":3}},"locations":[{"start":{"line":9,"column":2},"end":{"line":14,"column":3}}]},"2":{"type":"branch","line":16,"loc":{"start":{"line":16,"column":2},"end":{"line":18,"column":3}},"locations":[{"start":{"line":16,"column":2},"end":{"line":18,"column":3}}]}},"b":{"0":[3],"1":[9],"2":[3]},"fnMap":{"0":{"name":"Database","decl":{"start":{"line":5,"column":2},"end":{"line":7,"column":3}},"loc":{"start":{"line":5,"column":2},"end":{"line":7,"column":3}},"line":5},"1":{"name":"connect","decl":{"start":{"line":9,"column":2},"end":{"line":14,"column":3}},"loc":{"start":{"line":9,"column":2},"end":{"line":14,"column":3}},"line":9},"2":{"name":"disconnect","decl":{"start":{"line":16,"column":2},"end":{"line":18,"column":3}},"loc":{"start":{"line":16,"column":2},"end":{"line":18,"column":3}},"line":16}},"f":{"0":3,"1":9,"2":3}}
,"D:\\Projetos_compasso\\_em_desenvolvimento\\3\\desafio_api_final_pt1\\Eslint\\src\\routes\\api-docs.router.js": {"path":"D:\\Projetos_compasso\\_em_desenvolvimento\\3\\desafio_api_final_pt1\\Eslint\\src\\routes\\api-docs.router.js","all":false,"statementMap":{"0":{"start":{"line":1,"column":0},"end":{"line":1,"column":48}},"1":{"start":{"line":2,"column":0},"end":{"line":2,"column":55}},"2":{"start":{"line":3,"column":0},"end":{"line":3,"column":0}},"3":{"start":{"line":4,"column":0},"end":{"line":4,"column":58}},"4":{"start":{"line":5,"column":0},"end":{"line":5,"column":73}},"5":{"start":{"line":6,"column":0},"end":{"line":6,"column":29}},"6":{"start":{"line":7,"column":0},"end":{"line":7,"column":2}}},"s":{"0":1,"1":1,"2":1,"3":1,"4":86,"5":86,"6":86},"branchMap":{"0":{"type":"branch","line":4,"loc":{"start":{"line":4,"column":17},"end":{"line":7,"column":2}},"locations":[{"start":{"line":4,"column":17},"end":{"line":7,"column":2}}]}},"b":{"0":[86]},"fnMap":{"0":{"name":"Object.<anonymous>.module.exports","decl":{"start":{"line":4,"column":17},"end":{"line":7,"column":2}},"loc":{"start":{"line":4,"column":17},"end":{"line":7,"column":2}},"line":4}},"f":{"0":86}}
,"D:\\Projetos_compasso\\_em_desenvolvimento\\3\\desafio_api_final_pt1\\Eslint\\src\\routes\\authenticate.router.js": {"path":"D:\\Projetos_compasso\\_em_desenvolvimento\\3\\desafio_api_final_pt1\\Eslint\\src\\routes\\authenticate.router.js","all":false,"statementMap":{"0":{"start":{"line":1,"column":0},"end":{"line":1,"column":83}},"1":{"start":{"line":2,"column":0},"end":{"line":2,"column":52}},"2":{"start":{"line":3,"column":0},"end":{"line":3,"column":0}},"3":{"start":{"line":4,"column":0},"end":{"line":4,"column":71}},"4":{"start":{"line":5,"column":0},"end":{"line":5,"column":56}},"5":{"start":{"line":6,"column":0},"end":{"line":6,"column":37}},"6":{"start":{"line":7,"column":0},"end":{"line":7,"column":2}}},"s":{"0":1,"1":1,"2":1,"3":1,"4":86,"5":86,"6":86},"branchMap":{"0":{"type":"branch","line":4,"loc":{"start":{"line":4,"column":17},"end":{"line":7,"column":2}},"locations":[{"start":{"line":4,"column":17},"end":{"line":7,"column":2}}]}},"b":{"0":[86]},"fnMap":{"0":{"name":"Object.<anonymous>.module.exports","decl":{"start":{"line":4,"column":17},"end":{"line":7,"column":2}},"loc":{"start":{"line":4,"column":17},"end":{"line":7,"column":2}},"line":4}},"f":{"0":86}}
,"D:\\Projetos_compasso\\_em_desenvolvimento\\3\\desafio_api_final_pt1\\Eslint\\src\\routes\\car.router.js": {"path":"D:\\Projetos_compasso\\_em_desenvolvimento\\3\\desafio_api_final_pt1\\Eslint\\src\\routes\\car.router.js","all":false,"statementMap":{"0":{"start":{"line":1,"column":0},"end":{"line":1,"column":65}},"1":{"start":{"line":2,"column":0},"end":{"line":2,"column":65}},"2":{"start":{"line":3,"column":0},"end":{"line":3,"column":53}},"3":{"start":{"line":4,"column":0},"end":{"line":4,"column":75}},"4":{"start":{"line":5,"column":0},"end":{"line":5,"column":73}},"5":{"start":{"line":6,"column":0},"end":{"line":6,"column":52}},"6":{"start":{"line":7,"column":0},"end":{"line":7,"column":51}},"7":{"start":{"line":8,"column":0},"end":{"line":8,"column":0}},"8":{"start":{"line":9,"column":0},"end":{"line":9,"column":62}},"9":{"start":{"line":10,"column":0},"end":{"line":10,"column":59}},"10":{"start":{"line":11,"column":0},"end":{"line":11,"column":40}},"11":{"start":{"line":12,"column":0},"end":{"line":12,"column":54}},"12":{"start":{"line":13,"column":0},"end":{"line":13,"column":75}},"13":{"start":{"line":14,"column":0},"end":{"line":14,"column":15}},"14":{"start":{"line":15,"column":0},"end":{"line":15,"column":42}},"15":{"start":{"line":16,"column":0},"end":{"line":16,"column":26}},"16":{"start":{"line":17,"column":0},"end":{"line":17,"column":25}},"17":{"start":{"line":18,"column":0},"end":{"line":18,"column":33}},"18":{"start":{"line":19,"column":0},"end":{"line":19,"column":4}},"19":{"start":{"line":20,"column":0},"end":{"line":20,"column":60}},"20":{"start":{"line":21,"column":0},"end":{"line":21,"column":46}},"21":{"start":{"line":22,"column":0},"end":{"line":22,"column":2}}},"s":{"0":1,"1":1,"2":1,"3":1,"4":1,"5":1,"6":1,"7":1,"8":1,"9":86,"10":86,"11":86,"12":86,"13":86,"14":86,"15":86,"16":86,"17":86,"18":86,"19":86,"20":86,"21":86},"branchMap":{"0":{"type":"branch","line":9,"loc":{"start":{"line":9,"column":17},"end":{"line":22,"column":2}},"locations":[{"start":{"line":9,"column":17},"end":{"line":22,"column":2}}]}},"b":{"0":[86]},"fnMap":{"0":{"name":"Object.<anonymous>.module.exports","decl":{"start":{"line":9,"column":17},"end":{"line":22,"column":2}},"loc":{"start":{"line":9,"column":17},"end":{"line":22,"column":2}},"line":9}},"f":{"0":86}}
,"D:\\Projetos_compasso\\_em_desenvolvimento\\3\\desafio_api_final_pt1\\Eslint\\src\\routes\\index.js": {"path":"D:\\Projetos_compasso\\_em_desenvolvimento\\3\\desafio_api_final_pt1\\Eslint\\src\\routes\\index.js","all":false,"statementMap":{"0":{"start":{"line":1,"column":0},"end":{"line":1,"column":38}},"1":{"start":{"line":2,"column":0},"end":{"line":2,"column":36}},"2":{"start":{"line":3,"column":0},"end":{"line":3,"column":42}},"3":{"start":{"line":4,"column":0},"end":{"line":4,"column":54}},"4":{"start":{"line":5,"column":0},"end":{"line":5,"column":45}},"5":{"start":{"line":6,"column":0},"end":{"line":6,"column":42}},"6":{"start":{"line":7,"column":0},"end":{"line":7,"column":0}},"7":{"start":{"line":8,"column":0},"end":{"line":8,"column":30}},"8":{"start":{"line":9,"column":0},"end":{"line":9,"column":34}},"9":{"start":{"line":10,"column":0},"end":{"line":10,"column":34}},"10":{"start":{"line":11,"column":0},"end":{"line":11,"column":30}},"11":{"start":{"line":12,"column":0},"end":{"line":12,"column":33}},"12":{"start":{"line":13,"column":0},"end":{"line":13,"column":39}},"13":{"start":{"line":14,"column":0},"end":{"line":14,"column":33}},"14":{"start":{"line":15,"column":0},"end":{"line":15,"column":11}},"15":{"start":{"line":16,"column":0},"end":{"line":16,"column":5}},"16":{"start":{"line":17,"column":0},"end":{"line":17,"column":2}}},"s":{"0":1,"1":1,"2":1,"3":1,"4":1,"5":1,"6":1,"7":1,"8":3,"9":86,"10":86,"11":86,"12":86,"13":86,"14":86,"15":86,"16":3},"branchMap":{"0":{"type":"branch","line":8,"loc":{"start":{"line":8,"column":18},"end":{"line":17,"column":2}},"locations":[{"start":{"line":8,"column":18},"end":{"line":17,"column":2}}]},"1":{"type":"branch","line":9,"loc":{"start":{"line":9,"column":13},"end":{"line":16,"column":5}},"locations":[{"start":{"line":9,"column":13},"end":{"line":16,"column":5}}]}},"b":{"0":[3],"1":[86]},"fnMap":{"0":{"name":"Object.<anonymous>.module.exports","decl":{"start":{"line":8,"column":18},"end":{"line":17,"column":2}},"loc":{"start":{"line":8,"column":18},"end":{"line":17,"column":2}},"line":8}},"f":{"0":3}}
,"D:\\Projetos_compasso\\_em_desenvolvimento\\3\\desafio_api_final_pt1\\Eslint\\src\\routes\\people.router.js": {"path":"D:\\Projetos_compasso\\_em_desenvolvimento\\3\\desafio_api_final_pt1\\Eslint\\src\\routes\\people.router.js","all":false,"statementMap":{"0":{"start":{"line":1,"column":0},"end":{"line":1,"column":71}},"1":{"start":{"line":2,"column":0},"end":{"line":2,"column":68}},"2":{"start":{"line":3,"column":0},"end":{"line":3,"column":53}},"3":{"start":{"line":4,"column":0},"end":{"line":4,"column":52}},"4":{"start":{"line":5,"column":0},"end":{"line":5,"column":0}},"5":{"start":{"line":6,"column":0},"end":{"line":6,"column":65}},"6":{"start":{"line":7,"column":0},"end":{"line":7,"column":62}},"7":{"start":{"line":8,"column":0},"end":{"line":8,"column":43}},"8":{"start":{"line":9,"column":0},"end":{"line":9,"column":57}},"9":{"start":{"line":10,"column":0},"end":{"line":10,"column":78}},"10":{"start":{"line":11,"column":0},"end":{"line":11,"column":63}},"11":{"start":{"line":12,"column":0},"end":{"line":12,"column":37}},"12":{"start":{"line":13,"column":0},"end":{"line":13,"column":2}}},"s":{"0":1,"1":1,"2":1,"3":1,"4":1,"5":1,"6":86,"7":86,"8":86,"9":86,"10":86,"11":86,"12":86},"branchMap":{"0":{"type":"branch","line":6,"loc":{"start":{"line":6,"column":17},"end":{"line":13,"column":2}},"locations":[{"start":{"line":6,"column":17},"end":{"line":13,"column":2}}]}},"b":{"0":[86]},"fnMap":{"0":{"name":"Object.<anonymous>.module.exports","decl":{"start":{"line":6,"column":17},"end":{"line":13,"column":2}},"loc":{"start":{"line":6,"column":17},"end":{"line":13,"column":2}},"line":6}},"f":{"0":86}}
,"D:\\Projetos_compasso\\_em_desenvolvimento\\3\\desafio_api_final_pt1\\Eslint\\src\\routes\\rental.router.js": {"path":"D:\\Projetos_compasso\\_em_desenvolvimento\\3\\desafio_api_final_pt1\\Eslint\\src\\routes\\rental.router.js","all":false,"statementMap":{"0":{"start":{"line":1,"column":0},"end":{"line":1,"column":71}},"1":{"start":{"line":2,"column":0},"end":{"line":2,"column":68}},"2":{"start":{"line":3,"column":0},"end":{"line":3,"column":53}},"3":{"start":{"line":4,"column":0},"end":{"line":4,"column":52}},"4":{"start":{"line":5,"column":0},"end":{"line":5,"column":0}},"5":{"start":{"line":6,"column":0},"end":{"line":6,"column":65}},"6":{"start":{"line":7,"column":0},"end":{"line":7,"column":62}},"7":{"start":{"line":8,"column":0},"end":{"line":8,"column":43}},"8":{"start":{"line":9,"column":0},"end":{"line":9,"column":57}},"9":{"start":{"line":10,"column":0},"end":{"line":10,"column":78}},"10":{"start":{"line":11,"column":0},"end":{"line":11,"column":63}},"11":{"start":{"line":12,"column":0},"end":{"line":12,"column":37}},"12":{"start":{"line":13,"column":0},"end":{"line":13,"column":2}}},"s":{"0":1,"1":1,"2":1,"3":1,"4":1,"5":1,"6":86,"7":86,"8":86,"9":86,"10":86,"11":86,"12":86},"branchMap":{"0":{"type":"branch","line":6,"loc":{"start":{"line":6,"column":17},"end":{"line":13,"column":2}},"locations":[{"start":{"line":6,"column":17},"end":{"line":13,"column":2}}]}},"b":{"0":[86]},"fnMap":{"0":{"name":"Object.<anonymous>.module.exports","decl":{"start":{"line":6,"column":17},"end":{"line":13,"column":2}},"loc":{"start":{"line":6,"column":17},"end":{"line":13,"column":2}},"line":6}},"f":{"0":86}}
,"D:\\Projetos_compasso\\_em_desenvolvimento\\3\\desafio_api_final_pt1\\Eslint\\tools\\authForTests.js": {"path":"D:\\Projetos_compasso\\_em_desenvolvimento\\3\\desafio_api_final_pt1\\Eslint\\tools\\authForTests.js","all":false,"statementMap":{"0":{"start":{"line":1,"column":0},"end":{"line":1,"column":36}},"1":{"start":{"line":2,"column":0},"end":{"line":2,"column":51}},"2":{"start":{"line":3,"column":0},"end":{"line":3,"column":63}},"3":{"start":{"line":4,"column":0},"end":{"line":4,"column":0}},"4":{"start":{"line":5,"column":0},"end":{"line":5,"column":11}},"5":{"start":{"line":6,"column":0},"end":{"line":6,"column":23}},"6":{"start":{"line":7,"column":0},"end":{"line":7,"column":79}},"7":{"start":{"line":8,"column":0},"end":{"line":8,"column":3}},"8":{"start":{"line":9,"column":0},"end":{"line":9,"column":0}},"9":{"start":{"line":10,"column":0},"end":{"line":10,"column":20}},"10":{"start":{"line":11,"column":0},"end":{"line":11,"column":31}},"11":{"start":{"line":12,"column":0},"end":{"line":12,"column":24}},"12":{"start":{"line":13,"column":0},"end":{"line":13,"column":28}},"13":{"start":{"line":14,"column":0},"end":{"line":14,"column":36}},"14":{"start":{"line":15,"column":0},"end":{"line":15,"column":34}},"15":{"start":{"line":16,"column":0},"end":{"line":16,"column":31}},"16":{"start":{"line":17,"column":0},"end":{"line":17,"column":23}},"17":{"start":{"line":18,"column":0},"end":{"line":18,"column":7}},"18":{"start":{"line":19,"column":0},"end":{"line":19,"column":71}},"19":{"start":{"line":20,"column":0},"end":{"line":20,"column":0}},"20":{"start":{"line":21,"column":0},"end":{"line":21,"column":79}},"21":{"start":{"line":22,"column":0},"end":{"line":22,"column":3}},"22":{"start":{"line":23,"column":0},"end":{"line":23,"column":1}},"23":{"start":{"line":24,"column":0},"end":{"line":24,"column":0}},"24":{"start":{"line":25,"column":0},"end":{"line":25,"column":27}}},"s":{"0":1,"1":1,"2":1,"3":1,"4":1,"5":1,"6":0,"7":0,"8":1,"9":1,"10":12,"11":12,"12":12,"13":12,"14":12,"15":12,"16":12,"17":12,"18":12,"19":12,"20":12,"21":12,"22":1,"23":1,"24":1},"branchMap":{"0":{"type":"branch","line":10,"loc":{"start":{"line":10,"column":16},"end":{"line":22,"column":3}},"locations":[{"start":{"line":10,"column":16},"end":{"line":22,"column":3}}]}},"b":{"0":[12]},"fnMap":{"0":{"name":"sign","decl":{"start":{"line":6,"column":12},"end":{"line":8,"column":3}},"loc":{"start":{"line":6,"column":12},"end":{"line":8,"column":3}},"line":6},"1":{"name":"getToken","decl":{"start":{"line":10,"column":16},"end":{"line":22,"column":3}},"loc":{"start":{"line":10,"column":16},"end":{"line":22,"column":3}},"line":10}},"f":{"0":0,"1":12}}
}
