TN:
SF:src\app.js
FN:7,App
FN:13,middlewares
FN:18,routes
FNF:3
FNH:3
FNDA:1,App
FNDA:1,middlewares
FNDA:1,routes
DA:1,1
DA:2,1
DA:3,1
DA:4,1
DA:5,1
DA:6,1
DA:7,1
DA:8,1
DA:9,1
DA:10,1
DA:11,1
DA:12,1
DA:13,1
DA:14,1
DA:15,1
DA:16,1
DA:17,1
DA:18,1
DA:19,1
DA:20,1
DA:21,1
DA:22,1
DA:23,1
LF:23
LH:23
BRDA:7,0,0,1
BRDA:13,1,0,1
BRDA:18,2,0,1
BRF:3
BRH:3
end_of_record
TN:
SF:src\app\controller\AuthenticateController.js
FN:4,authenticate
FNF:1
FNH:0
FNDA:0,authenticate
DA:1,1
DA:2,1
DA:3,1
DA:4,1
DA:5,0
DA:6,0
DA:7,0
DA:8,0
DA:9,0
DA:10,0
DA:11,0
DA:12,1
DA:13,1
DA:14,1
LF:14
LH:7
BRF:0
BRH:0
end_of_record
TN:
SF:src\app\controller\CarController.js
FN:5,create
FN:14,get
FN:23,getAll
FN:32,delete
FN:41,update
FN:50,updateAcessorio
FNF:6
FNH:6
FNDA:13,create
FNDA:3,get
FNDA:5,getAll
FNDA:3,delete
FNDA:2,update
FNDA:2,updateAcessorio
DA:1,1
DA:2,1
DA:3,1
DA:4,1
DA:5,1
DA:6,13
DA:7,13
DA:8,12
DA:9,13
DA:10,1
DA:11,1
DA:12,13
DA:13,1
DA:14,1
DA:15,3
DA:16,3
DA:17,1
DA:18,3
DA:19,2
DA:20,2
DA:21,3
DA:22,1
DA:23,1
DA:24,5
DA:25,5
DA:26,5
DA:27,5
DA:28,0
DA:29,0
DA:30,5
DA:31,1
DA:32,1
DA:33,3
DA:34,3
DA:35,2
DA:36,3
DA:37,1
DA:38,1
DA:39,3
DA:40,1
DA:41,1
DA:42,2
DA:43,2
DA:44,1
DA:45,1
DA:46,1
DA:47,1
DA:48,2
DA:49,1
DA:50,1
DA:51,2
DA:52,2
DA:53,1
DA:54,1
DA:55,1
DA:56,1
DA:57,2
DA:58,1
DA:59,1
DA:60,1
LF:60
LH:58
BRDA:5,0,0,13
BRDA:7,1,0,12
BRDA:9,2,0,1
BRDA:14,3,0,3
BRDA:16,4,0,1
BRDA:18,5,0,2
BRDA:23,6,0,5
BRDA:27,7,0,0
BRDA:32,8,0,3
BRDA:34,9,0,2
BRDA:36,10,0,1
BRDA:41,11,0,2
BRDA:43,12,0,1
BRDA:50,13,0,2
BRDA:52,14,0,1
BRF:15
BRH:14
end_of_record
TN:
SF:src\app\controller\PeopleController.js
FN:5,create
FN:15,get
FN:24,getAll
FN:33,delete
FN:42,update
FNF:5
FNH:0
FNDA:0,create
FNDA:0,get
FNDA:0,getAll
FNDA:0,delete
FNDA:0,update
DA:1,1
DA:2,1
DA:3,1
DA:4,1
DA:5,1
DA:6,0
DA:7,0
DA:8,0
DA:9,0
DA:10,0
DA:11,0
DA:12,0
DA:13,0
DA:14,1
DA:15,1
DA:16,0
DA:17,0
DA:18,0
DA:19,0
DA:20,0
DA:21,0
DA:22,0
DA:23,1
DA:24,1
DA:25,0
DA:26,0
DA:27,0
DA:28,0
DA:29,0
DA:30,0
DA:31,0
DA:32,1
DA:33,1
DA:34,0
DA:35,0
DA:36,0
DA:37,0
DA:38,0
DA:39,0
DA:40,0
DA:41,1
DA:42,1
DA:43,0
DA:44,0
DA:45,0
DA:46,0
DA:47,0
DA:48,0
DA:49,0
DA:50,0
DA:51,1
DA:52,1
DA:53,1
LF:53
LH:16
BRF:0
BRH:0
end_of_record
TN:
SF:src\app\controller\RentalController.js
FN:5,create
FN:14,get
FN:23,getAll
FN:32,delete
FN:41,update
FNF:5
FNH:0
FNDA:0,create
FNDA:0,get
FNDA:0,getAll
FNDA:0,delete
FNDA:0,update
DA:1,1
DA:2,1
DA:3,1
DA:4,1
DA:5,1
DA:6,0
DA:7,0
DA:8,0
DA:9,0
DA:10,0
DA:11,0
DA:12,0
DA:13,1
DA:14,1
DA:15,0
DA:16,0
DA:17,0
DA:18,0
DA:19,0
DA:20,0
DA:21,0
DA:22,1
DA:23,1
DA:24,0
DA:25,0
DA:26,0
DA:27,0
DA:28,0
DA:29,0
DA:30,0
DA:31,1
DA:32,1
DA:33,0
DA:34,0
DA:35,0
DA:36,0
DA:37,0
DA:38,0
DA:39,0
DA:40,1
DA:41,1
DA:42,0
DA:43,0
DA:44,0
DA:45,0
DA:46,0
DA:47,0
DA:48,0
DA:49,1
DA:50,1
DA:51,1
LF:51
LH:16
BRF:0
BRH:0
end_of_record
TN:
SF:src\app\errors\BadRequest.js
FN:2,BadRequest
FNF:1
FNH:1
FNDA:1,BadRequest
DA:1,1
DA:2,1
DA:3,1
DA:4,1
DA:5,1
DA:6,1
DA:7,1
DA:8,1
DA:9,1
DA:10,1
DA:11,1
LF:11
LH:11
BRDA:2,0,0,1
BRF:1
BRH:1
end_of_record
TN:
SF:src\app\errors\Conflict.js
FN:2,Conflict
FNF:1
FNH:1
FNDA:2,Conflict
DA:1,1
DA:2,1
DA:3,2
DA:4,2
DA:5,2
DA:6,2
DA:7,2
DA:8,2
DA:9,1
DA:10,1
DA:11,1
LF:11
LH:11
BRDA:2,0,0,2
BRF:1
BRH:1
end_of_record
TN:
SF:src\app\errors\NotFound.js
FN:2,NotFound
FNF:1
FNH:1
FNDA:2,NotFound
DA:1,1
DA:2,1
DA:3,2
DA:4,2
DA:5,2
DA:6,2
DA:7,2
DA:8,2
DA:9,1
DA:10,1
DA:11,1
LF:11
LH:11
BRDA:2,0,0,2
BRF:1
BRH:1
end_of_record
TN:
SF:src\app\errors\Unauthorized.js
FN:2,Unauthorized
FNF:1
FNH:0
FNDA:0,Unauthorized
DA:1,1
DA:2,1
DA:3,0
DA:4,0
DA:5,0
DA:6,0
DA:7,0
DA:8,0
DA:9,1
DA:10,1
DA:11,1
LF:11
LH:5
BRF:0
BRH:0
end_of_record
TN:
SF:src\app\middlewares\auth.js
FN:6,Object.<anonymous>.module.exports
FNF:1
FNH:1
FNDA:28,Object.<anonymous>.module.exports
DA:1,1
DA:2,1
DA:3,1
DA:4,1
DA:5,1
DA:6,1
DA:7,28
DA:8,28
DA:9,28
DA:10,0
DA:11,0
DA:12,28
DA:13,28
DA:14,28
DA:15,28
DA:16,0
DA:17,0
DA:18,28
DA:19,28
DA:20,28
DA:21,28
DA:22,0
DA:23,0
DA:24,28
DA:25,28
DA:26,28
DA:27,0
DA:28,0
DA:29,28
DA:30,28
DA:31,28
DA:32,28
DA:33,28
LF:33
LH:25
BRDA:6,0,0,28
BRDA:9,1,0,0
BRDA:15,2,0,0
BRDA:21,3,0,0
BRDA:25,4,0,28
BRDA:26,5,0,0
BRF:6
BRH:2
end_of_record
TN:
SF:src\app\middlewares\errors.js
FN:6,Object.<anonymous>.module.exports
FNF:1
FNH:1
FNDA:6,Object.<anonymous>.module.exports
DA:1,1
DA:2,1
DA:3,1
DA:4,1
DA:5,1
DA:6,1
DA:7,6
DA:8,6
DA:9,6
DA:10,6
DA:11,6
DA:12,4
DA:13,4
DA:14,4
DA:15,6
DA:16,2
DA:17,2
DA:18,2
DA:19,6
DA:20,6
DA:21,6
DA:22,6
DA:23,6
DA:24,2
DA:25,2
DA:26,2
DA:27,2
DA:28,2
DA:29,2
DA:30,2
DA:31,2
DA:32,4
DA:33,4
DA:34,6
DA:35,6
DA:36,6
DA:37,1
DA:38,0
DA:39,0
DA:40,0
DA:41,0
DA:42,0
DA:43,0
DA:44,1
DA:45,1
DA:46,1
DA:47,1
DA:48,1
DA:49,1
DA:50,3
DA:51,6
DA:52,0
DA:53,0
DA:54,3
DA:55,3
DA:56,3
DA:57,3
DA:58,3
DA:59,3
LF:59
LH:51
BRDA:6,0,0,6
BRDA:11,1,0,4
BRDA:11,2,0,4
BRDA:11,3,0,4
BRDA:15,4,0,2
BRDA:21,5,0,2
BRDA:23,6,0,2
BRDA:32,7,0,4
BRDA:34,8,0,1
BRDA:35,9,0,0
BRDA:36,10,0,1
BRDA:37,11,0,0
BRDA:50,12,0,3
BRDA:51,13,0,0
BRDA:54,14,0,3
BRF:15
BRH:12
end_of_record
TN:
SF:src\app\middlewares\jwt.js
FN:5,sign
FNF:1
FNH:0
FNDA:0,sign
DA:1,1
DA:2,1
DA:3,1
DA:4,1
DA:5,1
DA:6,0
DA:7,0
DA:8,1
DA:9,1
DA:10,1
LF:10
LH:8
BRF:0
BRH:0
end_of_record
TN:
SF:src\app\repository\CarRepository.js
FN:6,CarRepository
FN:10,updateAcessorio
FNF:2
FNH:2
FNDA:1,CarRepository
FNDA:2,updateAcessorio
DA:1,1
DA:2,1
DA:3,1
DA:4,1
DA:5,1
DA:6,1
DA:7,1
DA:8,1
DA:9,1
DA:10,1
DA:11,2
DA:12,2
DA:13,2
DA:14,2
DA:15,1
DA:16,2
DA:17,1
DA:18,1
DA:19,1
DA:20,1
DA:21,1
LF:21
LH:21
BRDA:6,0,0,1
BRDA:10,1,0,2
BRDA:14,2,0,1
BRDA:16,3,0,0
BRDA:16,4,0,1
BRF:5
BRH:4
end_of_record
TN:
SF:src\app\repository\PeopleRepository.js
FN:6,PeopleRepository
FN:10,getOne
FNF:2
FNH:1
FNDA:1,PeopleRepository
FNDA:0,getOne
DA:1,1
DA:2,1
DA:3,1
DA:4,1
DA:5,1
DA:6,1
DA:7,1
DA:8,1
DA:9,1
DA:10,1
DA:11,0
DA:12,0
DA:13,0
DA:14,0
DA:15,0
DA:16,0
DA:17,0
DA:18,0
DA:19,0
DA:20,1
DA:21,1
DA:22,1
LF:22
LH:13
BRDA:6,0,0,1
BRF:1
BRH:1
end_of_record
TN:
SF:src\app\repository\RentalRepository.js
FN:8,RentalRepository
FN:12,findCep
FN:21,createFullEndereco
FN:42,create
FN:48,update
FNF:5
FNH:1
FNDA:1,RentalRepository
FNDA:0,findCep
FNDA:0,createFullEndereco
FNDA:0,create
FNDA:0,update
DA:1,1
DA:2,1
DA:3,1
DA:4,1
DA:5,1
DA:6,1
DA:7,1
DA:8,1
DA:9,1
DA:10,1
DA:11,1
DA:12,1
DA:13,0
DA:14,0
DA:15,0
DA:16,0
DA:17,0
DA:18,0
DA:19,0
DA:20,1
DA:21,1
DA:22,0
DA:23,0
DA:24,0
DA:25,0
DA:26,0
DA:27,0
DA:28,0
DA:29,0
DA:30,0
DA:31,0
DA:32,0
DA:33,0
DA:34,0
DA:35,0
DA:36,0
DA:37,0
DA:38,0
DA:39,0
DA:40,0
DA:41,1
DA:42,1
DA:43,0
DA:44,0
DA:45,0
DA:46,0
DA:47,1
DA:48,1
DA:49,0
DA:50,0
DA:51,0
DA:52,0
DA:53,0
DA:54,0
DA:55,0
DA:56,0
DA:57,1
DA:58,1
DA:59,1
LF:59
LH:21
BRDA:8,0,0,1
BRF:1
BRH:1
end_of_record
TN:
SF:src\app\repository\Repository.js
FN:4,Repository
FN:8,formatDescricao
FN:18,formatEndereco
FN:29,create
FN:33,getAll
FN:45,getById
FN:51,update
FN:57,delete
FNF:8
FNH:8
FNDA:3,Repository
FNDA:5,formatDescricao
FNDA:5,formatEndereco
FNDA:13,create
FNDA:5,getAll
FNDA:6,getById
FNDA:2,update
FNDA:3,delete
DA:1,1
DA:2,1
DA:3,1
DA:4,1
DA:5,3
DA:6,3
DA:7,1
DA:8,1
DA:9,5
DA:10,5
DA:11,2
DA:12,2
DA:13,2
DA:14,2
DA:15,5
DA:16,5
DA:17,1
DA:18,1
DA:19,5
DA:20,5
DA:21,0
DA:22,0
DA:23,0
DA:24,0
DA:25,0
DA:26,5
DA:27,5
DA:28,1
DA:29,1
DA:30,13
DA:31,13
DA:32,1
DA:33,1
DA:34,5
DA:35,5
DA:36,5
DA:37,5
DA:38,5
DA:39,5
DA:40,5
DA:41,5
DA:42,5
DA:43,5
DA:44,1
DA:45,1
DA:46,6
DA:47,6
DA:48,3
DA:49,3
DA:50,1
DA:51,1
DA:52,2
DA:53,2
DA:54,1
DA:55,1
DA:56,1
DA:57,1
DA:58,3
DA:59,2
DA:60,2
DA:61,1
DA:62,1
DA:63,1
LF:63
LH:58
BRDA:4,0,0,3
BRDA:8,1,0,5
BRDA:9,2,0,5
BRDA:10,3,0,2
BRDA:18,4,0,5
BRDA:19,5,0,5
BRDA:20,6,0,0
BRDA:29,7,0,13
BRDA:33,8,0,5
BRDA:38,9,0,0
BRDA:39,10,0,0
BRDA:41,11,0,0
BRDA:45,12,0,6
BRDA:46,13,0,5
BRDA:47,14,0,2
BRDA:47,15,0,3
BRDA:51,16,0,2
BRDA:52,17,0,1
BRDA:53,18,0,0
BRDA:53,19,0,1
BRDA:57,20,0,3
BRDA:58,21,0,2
BRF:22
BRH:17
end_of_record
TN:
SF:src\app\schema\CarSchema.js
FNF:0
FNH:0
DA:1,1
DA:2,1
DA:3,1
DA:4,1
DA:5,1
DA:6,1
DA:7,1
DA:8,1
DA:9,1
DA:10,1
DA:11,1
DA:12,1
DA:13,1
DA:14,1
DA:15,1
DA:16,1
DA:17,1
DA:18,1
DA:19,1
DA:20,1
DA:21,1
DA:22,1
DA:23,1
DA:24,1
DA:25,1
DA:26,1
DA:27,1
DA:28,1
DA:29,1
DA:30,1
DA:31,1
DA:32,1
DA:33,1
DA:34,1
DA:35,1
DA:36,1
DA:37,1
DA:38,1
DA:39,1
DA:40,1
DA:41,1
DA:42,1
DA:43,1
DA:44,1
DA:45,1
DA:46,1
LF:46
LH:46
BRF:0
BRH:0
end_of_record
TN:
SF:src\app\schema\PeopleSchema.js
FN:20,transform
FN:32,set
FNF:2
FNH:1
FNDA:0,transform
FNDA:12,set
DA:1,1
DA:2,1
DA:3,1
DA:4,1
DA:5,1
DA:6,1
DA:7,1
DA:8,1
DA:9,1
DA:10,1
DA:11,1
DA:12,1
DA:13,1
DA:14,1
DA:15,1
DA:16,1
DA:17,1
DA:18,1
DA:19,1
DA:20,1
DA:21,1
DA:22,1
DA:23,1
DA:24,1
DA:25,1
DA:26,1
DA:27,1
DA:28,1
DA:29,1
DA:30,1
DA:31,1
DA:32,1
DA:33,1
DA:34,1
DA:35,1
DA:36,1
DA:37,1
DA:38,1
DA:39,1
DA:40,1
DA:41,1
DA:42,1
DA:43,1
DA:44,1
DA:45,1
DA:46,1
DA:47,1
DA:48,1
DA:49,1
DA:50,1
DA:51,1
LF:51
LH:51
BRDA:32,0,0,12
BRF:1
BRH:1
end_of_record
TN:
SF:src\app\schema\RentalSchema.js
FNF:0
FNH:0
DA:1,1
DA:2,1
DA:3,1
DA:4,1
DA:5,1
DA:6,1
DA:7,1
DA:8,1
DA:9,1
DA:10,1
DA:11,1
DA:12,1
DA:13,1
DA:14,1
DA:15,1
DA:16,1
DA:17,1
DA:18,1
DA:19,1
DA:20,1
DA:21,1
DA:22,1
DA:23,1
DA:24,1
DA:25,1
DA:26,1
DA:27,1
DA:28,1
DA:29,1
DA:30,1
DA:31,1
DA:32,1
DA:33,1
DA:34,1
DA:35,1
DA:36,1
DA:37,1
DA:38,1
DA:39,1
DA:40,1
DA:41,1
DA:42,1
DA:43,1
DA:44,1
DA:45,1
DA:46,1
DA:47,1
DA:48,1
DA:49,1
DA:50,1
DA:51,1
DA:52,1
DA:53,1
DA:54,1
DA:55,1
DA:56,1
DA:57,1
DA:58,1
DA:59,1
DA:60,1
DA:61,1
DA:62,1
DA:63,1
DA:64,1
DA:65,1
DA:66,1
DA:67,1
DA:68,1
LF:68
LH:68
BRF:0
BRH:0
end_of_record
TN:
SF:src\app\serialize\carSerialize.js
FN:1,serialize
FN:10,paginateSerialize
FNF:2
FNH:2
FNDA:20,serialize
FNDA:5,paginateSerialize
DA:1,1
DA:2,1
DA:3,1
DA:4,1
DA:5,1
DA:6,1
DA:7,1
DA:8,1
DA:9,1
DA:10,1
DA:11,1
DA:12,1
DA:13,1
DA:14,1
DA:15,1
DA:16,1
DA:17,1
DA:18,1
LF:18
LH:18
BRDA:1,0,0,20
BRDA:10,1,0,5
BRF:2
BRH:2
end_of_record
TN:
SF:src\app\serialize\peopleSerialize.js
FN:1,serialize
FN:10,paginateSerialize
FNF:2
FNH:0
FNDA:0,serialize
FNDA:0,paginateSerialize
DA:1,1
DA:2,1
DA:3,1
DA:4,1
DA:5,1
DA:6,1
DA:7,1
DA:8,1
DA:9,1
DA:10,1
DA:11,1
DA:12,1
DA:13,1
DA:14,1
DA:15,1
DA:16,1
DA:17,1
DA:18,1
LF:18
LH:18
BRF:0
BRH:0
end_of_record
TN:
SF:src\app\serialize\rentalSerialize.js
FN:11,serialize
FN:19,paginateSerialize
FNF:2
FNH:0
FNDA:0,serialize
FNDA:0,paginateSerialize
DA:1,1
DA:2,1
DA:3,1
DA:4,1
DA:5,1
DA:6,1
DA:7,1
DA:8,1
DA:9,1
DA:10,1
DA:11,1
DA:12,1
DA:13,1
DA:14,1
DA:15,1
DA:16,1
DA:17,1
DA:18,1
DA:19,1
DA:20,1
DA:21,1
DA:22,1
DA:23,1
DA:24,1
DA:25,1
DA:26,1
DA:27,1
LF:27
LH:27
BRF:0
BRH:0
end_of_record
TN:
SF:src\app\service\AuthenticateService.js
FN:5,authenticate
FNF:1
FNH:0
FNDA:0,authenticate
DA:1,1
DA:2,1
DA:3,1
DA:4,1
DA:5,1
DA:6,0
DA:7,0
DA:8,0
DA:9,0
DA:10,0
DA:11,1
DA:12,1
DA:13,1
LF:13
LH:8
BRF:0
BRH:0
end_of_record
TN:
SF:src\app\service\CarService.js
FN:4,create
FN:9,getById
FN:14,getByIds
FN:19,getAll
FN:24,delete
FN:28,update
FN:32,patchCar
FNF:7
FNH:6
FNDA:13,create
FNDA:3,getById
FNDA:0,getByIds
FNDA:5,getAll
FNDA:3,delete
FNDA:2,update
FNDA:2,patchCar
DA:1,1
DA:2,1
DA:3,1
DA:4,1
DA:5,13
DA:6,12
DA:7,12
DA:8,1
DA:9,1
DA:10,3
DA:11,1
DA:12,1
DA:13,1
DA:14,1
DA:15,0
DA:16,0
DA:17,0
DA:18,1
DA:19,1
DA:20,5
DA:21,5
DA:22,5
DA:23,1
DA:24,1
DA:25,3
DA:26,2
DA:27,1
DA:28,1
DA:29,2
DA:30,2
DA:31,1
DA:32,1
DA:33,2
DA:34,2
DA:35,1
DA:36,1
DA:37,1
LF:37
LH:34
BRDA:4,0,0,13
BRDA:5,1,0,12
BRDA:9,2,0,3
BRDA:10,3,0,1
BRDA:19,4,0,5
BRDA:24,5,0,3
BRDA:25,6,0,2
BRDA:28,7,0,2
BRDA:32,8,0,2
BRF:9
BRH:9
end_of_record
TN:
SF:src\app\service\PeopleService.js
FN:7,formatDataNascimento
FN:12,checkIdade
FN:22,create
FN:29,getById
FN:34,getAll
FN:40,delete
FN:44,update
FNF:7
FNH:0
FNDA:0,formatDataNascimento
FNDA:0,checkIdade
FNDA:0,create
FNDA:0,getById
FNDA:0,getAll
FNDA:0,delete
FNDA:0,update
DA:1,1
DA:2,1
DA:3,1
DA:4,1
DA:5,1
DA:6,1
DA:7,1
DA:8,0
DA:9,0
DA:10,0
DA:11,1
DA:12,1
DA:13,0
DA:14,0
DA:15,0
DA:16,0
DA:17,0
DA:18,0
DA:19,0
DA:20,0
DA:21,1
DA:22,1
DA:23,0
DA:24,0
DA:25,0
DA:26,0
DA:27,0
DA:28,1
DA:29,1
DA:30,0
DA:31,0
DA:32,0
DA:33,1
DA:34,1
DA:35,0
DA:36,0
DA:37,0
DA:38,0
DA:39,1
DA:40,1
DA:41,0
DA:42,0
DA:43,1
DA:44,1
DA:45,0
DA:46,0
DA:47,0
DA:48,0
DA:49,1
DA:50,1
DA:51,1
LF:51
LH:22
BRF:0
BRH:0
end_of_record
TN:
SF:src\app\service\RentalService.js
FN:6,checkIsFilial
FN:15,checkEndereco
FN:25,create
FN:33,getById
FN:38,getAll
FN:43,delete
FN:47,update
FNF:7
FNH:0
FNDA:0,checkIsFilial
FNDA:0,checkEndereco
FNDA:0,create
FNDA:0,getById
FNDA:0,getAll
FNDA:0,delete
FNDA:0,update
DA:1,1
DA:2,1
DA:3,1
DA:4,1
DA:5,1
DA:6,1
DA:7,0
DA:8,0
DA:9,0
DA:10,0
DA:11,0
DA:12,0
DA:13,0
DA:14,1
DA:15,1
DA:16,0
DA:17,0
DA:18,0
DA:19,0
DA:20,0
DA:21,0
DA:22,0
DA:23,0
DA:24,1
DA:25,1
DA:26,0
DA:27,0
DA:28,0
DA:29,0
DA:30,0
DA:31,0
DA:32,1
DA:33,1
DA:34,0
DA:35,0
DA:36,0
DA:37,1
DA:38,1
DA:39,0
DA:40,0
DA:41,0
DA:42,1
DA:43,1
DA:44,0
DA:45,0
DA:46,1
DA:47,1
DA:48,0
DA:49,0
DA:50,0
DA:51,0
DA:52,0
DA:53,1
DA:54,1
DA:55,1
LF:55
LH:21
BRF:0
BRH:0
end_of_record
TN:
SF:src\app\utils\cnpj.js
FN:3,Object.<anonymous>.module.exports
FNF:1
FNH:0
FNDA:0,Object.<anonymous>.module.exports
DA:1,1
DA:2,1
DA:3,1
DA:4,0
DA:5,0
DA:6,0
DA:7,0
DA:8,0
DA:9,0
DA:10,0
DA:11,0
DA:12,0
DA:13,0
DA:14,0
DA:15,0
DA:16,0
DA:17,0
DA:18,0
DA:19,0
DA:20,0
DA:21,0
DA:22,0
DA:23,0
DA:24,0
DA:25,0
DA:26,0
DA:27,0
DA:28,0
DA:29,0
DA:30,0
DA:31,0
DA:32,0
DA:33,0
DA:34,0
DA:35,0
DA:36,0
DA:37,0
DA:38,0
DA:39,0
DA:40,0
DA:41,0
DA:42,0
DA:43,0
DA:44,0
DA:45,0
DA:46,0
DA:47,0
LF:47
LH:3
BRF:0
BRH:0
end_of_record
TN:
SF:src\app\utils\cpf.js
FN:3,Object.<anonymous>.module.exports
FNF:1
FNH:0
FNDA:0,Object.<anonymous>.module.exports
DA:1,1
DA:2,1
DA:3,1
DA:4,0
DA:5,0
DA:6,0
DA:7,0
DA:8,0
DA:9,0
DA:10,0
DA:11,0
DA:12,0
DA:13,0
DA:14,0
DA:15,0
DA:16,0
DA:17,0
DA:18,0
DA:19,0
DA:20,0
DA:21,0
DA:22,0
DA:23,0
DA:24,0
LF:24
LH:3
BRF:0
BRH:0
end_of_record
TN:
SF:src\app\utils\helpers\errorFormatter.js
FN:1,Object.<anonymous>.module.exports
FNF:1
FNH:0
FNDA:0,Object.<anonymous>.module.exports
DA:1,1
DA:2,0
DA:3,0
DA:4,0
LF:4
LH:1
BRF:0
BRH:0
end_of_record
TN:
SF:src\app\utils\helpers\regex.js
FNF:0
FNH:0
DA:1,1
DA:2,1
DA:3,1
DA:4,1
LF:4
LH:4
BRF:0
BRH:0
end_of_record
TN:
SF:src\app\validation\id.js
FN:5,Object.<anonymous>.module.exports
FNF:1
FNH:1
FNDA:8,Object.<anonymous>.module.exports
DA:1,1
DA:2,1
DA:3,1
DA:4,1
DA:5,1
DA:6,8
DA:7,8
DA:8,8
DA:9,8
DA:10,8
DA:11,8
DA:12,8
DA:13,8
DA:14,0
DA:15,0
DA:16,8
LF:16
LH:14
BRDA:5,0,0,8
BRDA:11,1,0,0
BRDA:13,2,0,0
BRF:3
BRH:1
end_of_record
TN:
SF:src\app\validation\car\acessorios.js
FN:6,Object.<anonymous>.module.exports
FNF:1
FNH:1
FNDA:2,Object.<anonymous>.module.exports
DA:1,1
DA:2,1
DA:3,1
DA:4,1
DA:5,1
DA:6,1
DA:7,2
DA:8,2
DA:9,2
DA:10,2
DA:11,2
DA:12,2
DA:13,2
DA:14,2
DA:15,2
DA:16,2
DA:17,2
DA:18,2
DA:19,2
DA:20,2
DA:21,0
DA:22,0
DA:23,0
DA:24,0
DA:25,0
DA:26,0
DA:27,0
DA:28,0
DA:29,0
DA:30,0
DA:31,0
DA:32,2
LF:32
LH:21
BRDA:6,0,0,2
BRDA:18,1,0,0
BRDA:20,2,0,0
BRF:3
BRH:1
end_of_record
TN:
SF:src\app\validation\car\create.js
FN:16,Object.<anonymous>.module.exports
FNF:1
FNH:1
FNDA:15,Object.<anonymous>.module.exports
DA:1,1
DA:2,1
DA:3,1
DA:4,1
DA:5,1
DA:6,1
DA:7,1
DA:8,1
DA:9,1
DA:10,1
DA:11,1
DA:12,1
DA:13,1
DA:14,1
DA:15,1
DA:16,1
DA:17,15
DA:18,15
DA:19,15
DA:20,15
DA:21,15
DA:22,15
DA:23,15
DA:24,15
DA:25,15
DA:26,15
DA:27,15
DA:28,15
DA:29,15
DA:30,15
DA:31,15
DA:32,15
DA:33,15
DA:34,15
DA:35,15
DA:36,15
DA:37,15
DA:38,15
DA:39,15
DA:40,15
DA:41,15
DA:42,15
DA:43,15
DA:44,15
DA:45,15
DA:46,15
DA:47,0
DA:48,0
DA:49,15
LF:49
LH:47
BRDA:16,0,0,15
BRDA:44,1,0,0
BRDA:46,2,0,0
BRF:3
BRH:1
end_of_record
TN:
SF:src\app\validation\car\idAcessorio.js
FN:4,Object.<anonymous>.module.exports
FNF:1
FNH:1
FNDA:2,Object.<anonymous>.module.exports
DA:1,1
DA:2,1
DA:3,1
DA:4,1
DA:5,2
DA:6,2
DA:7,2
DA:8,2
DA:9,2
DA:10,2
DA:11,2
DA:12,2
DA:13,2
DA:14,0
DA:15,0
DA:16,2
LF:16
LH:14
BRDA:4,0,0,2
BRDA:11,1,0,0
BRDA:13,2,0,0
BRF:3
BRH:1
end_of_record
TN:
SF:src\app\validation\people\create.js
FN:15,Object.<anonymous>.module.exports
FNF:1
FNH:0
FNDA:0,Object.<anonymous>.module.exports
DA:1,1
DA:2,1
DA:3,1
DA:4,1
DA:5,1
DA:6,1
DA:7,1
DA:8,1
DA:9,1
DA:10,1
DA:11,1
DA:12,1
DA:13,1
DA:14,1
DA:15,1
DA:16,0
DA:17,0
DA:18,0
DA:19,0
DA:20,0
DA:21,0
DA:22,0
DA:23,0
DA:24,0
DA:25,0
DA:26,0
DA:27,0
DA:28,0
DA:29,0
DA:30,0
DA:31,0
DA:32,0
DA:33,0
DA:34,0
DA:35,0
DA:36,0
LF:36
LH:15
BRF:0
BRH:0
end_of_record
TN:
SF:src\app\validation\rental\create.js
FN:18,Object.<anonymous>.module.exports
FNF:1
FNH:0
FNDA:0,Object.<anonymous>.module.exports
DA:1,1
DA:2,1
DA:3,1
DA:4,1
DA:5,1
DA:6,1
DA:7,1
DA:8,1
DA:9,1
DA:10,1
DA:11,1
DA:12,1
DA:13,1
DA:14,1
DA:15,1
DA:16,1
DA:17,1
DA:18,1
DA:19,0
DA:20,0
DA:21,0
DA:22,0
DA:23,0
DA:24,0
DA:25,0
DA:26,0
DA:27,0
DA:28,0
DA:29,0
DA:30,0
DA:31,0
DA:32,0
DA:33,0
DA:34,0
DA:35,0
DA:36,0
DA:37,0
DA:38,0
DA:39,0
DA:40,0
DA:41,0
DA:42,0
DA:43,0
DA:44,0
DA:45,0
DA:46,0
DA:47,0
DA:48,0
DA:49,0
LF:49
LH:18
BRF:0
BRH:0
end_of_record
TN:
SF:src\config\config.js
FNF:0
FNH:0
DA:1,1
DA:2,1
DA:3,1
DA:4,1
DA:5,1
DA:6,1
DA:7,1
DA:8,1
DA:9,1
DA:10,1
DA:11,1
DA:12,1
DA:13,1
DA:14,1
DA:15,1
DA:16,1
LF:16
LH:16
BRDA:4,0,0,0
BRF:1
BRH:0
end_of_record
TN:
SF:src\infra\database\mongo\index.js
FN:5,Database
FN:9,connect
FN:16,disconnect
FNF:3
FNH:3
FNDA:1,Database
FNDA:3,connect
FNDA:1,disconnect
DA:1,1
DA:2,1
DA:3,1
DA:4,1
DA:5,1
DA:6,1
DA:7,1
DA:8,1
DA:9,1
DA:10,3
DA:11,3
DA:12,3
DA:13,3
DA:14,3
DA:15,1
DA:16,1
DA:17,1
DA:18,1
DA:19,1
DA:20,1
DA:21,1
LF:21
LH:21
BRDA:5,0,0,1
BRDA:9,1,0,3
BRDA:16,2,0,1
BRF:3
BRH:3
end_of_record
TN:
SF:src\routes\api-docs.router.js
FN:4,Object.<anonymous>.module.exports
FNF:1
FNH:1
FNDA:28,Object.<anonymous>.module.exports
DA:1,1
DA:2,1
DA:3,1
DA:4,1
DA:5,28
DA:6,28
DA:7,28
LF:7
LH:7
BRDA:4,0,0,28
BRF:1
BRH:1
end_of_record
TN:
SF:src\routes\authenticate.router.js
FN:4,Object.<anonymous>.module.exports
FNF:1
FNH:1
FNDA:28,Object.<anonymous>.module.exports
DA:1,1
DA:2,1
DA:3,1
DA:4,1
DA:5,28
DA:6,28
DA:7,28
LF:7
LH:7
BRDA:4,0,0,28
BRF:1
BRH:1
end_of_record
TN:
SF:src\routes\car.router.js
FN:9,Object.<anonymous>.module.exports
FNF:1
FNH:1
FNDA:28,Object.<anonymous>.module.exports
DA:1,1
DA:2,1
DA:3,1
DA:4,1
DA:5,1
DA:6,1
DA:7,1
DA:8,1
DA:9,1
DA:10,28
DA:11,28
DA:12,28
DA:13,28
DA:14,28
DA:15,28
DA:16,28
DA:17,28
DA:18,28
DA:19,28
DA:20,28
DA:21,28
DA:22,28
LF:22
LH:22
BRDA:9,0,0,28
BRF:1
BRH:1
end_of_record
TN:
SF:src\routes\index.js
FN:8,Object.<anonymous>.module.exports
FNF:1
FNH:1
FNDA:1,Object.<anonymous>.module.exports
DA:1,1
DA:2,1
DA:3,1
DA:4,1
DA:5,1
DA:6,1
DA:7,1
DA:8,1
DA:9,1
DA:10,28
DA:11,28
DA:12,28
DA:13,28
DA:14,28
DA:15,28
DA:16,28
DA:17,1
LF:17
LH:17
BRDA:8,0,0,1
BRDA:9,1,0,28
BRF:2
BRH:2
end_of_record
TN:
SF:src\routes\people.router.js
FN:6,Object.<anonymous>.module.exports
FNF:1
FNH:1
FNDA:28,Object.<anonymous>.module.exports
DA:1,1
DA:2,1
DA:3,1
DA:4,1
DA:5,1
DA:6,1
DA:7,28
DA:8,28
DA:9,28
DA:10,28
DA:11,28
DA:12,28
DA:13,28
LF:13
LH:13
BRDA:6,0,0,28
BRF:1
BRH:1
end_of_record
TN:
SF:src\routes\rental.router.js
FN:6,Object.<anonymous>.module.exports
FNF:1
FNH:1
FNDA:28,Object.<anonymous>.module.exports
DA:1,1
DA:2,1
DA:3,1
DA:4,1
DA:5,1
DA:6,1
DA:7,28
DA:8,28
DA:9,28
DA:10,28
DA:11,28
DA:12,28
DA:13,28
LF:13
LH:13
BRDA:6,0,0,28
BRF:1
BRH:1
end_of_record
TN:
SF:tools\authForTests.js
FN:6,sign
FN:10,getToken
FNF:2
FNH:1
FNDA:0,sign
FNDA:12,getToken
DA:1,1
DA:2,1
DA:3,1
DA:4,1
DA:5,1
DA:6,1
DA:7,0
DA:8,0
DA:9,1
DA:10,1
DA:11,12
DA:12,12
DA:13,12
DA:14,12
DA:15,12
DA:16,12
DA:17,12
DA:18,12
DA:19,12
DA:20,12
DA:21,12
DA:22,12
DA:23,1
DA:24,1
DA:25,1
LF:25
LH:23
BRDA:10,0,0,12
BRF:1
BRH:1
end_of_record
