TN:
SF:src\app.js
FN:7,App
FN:13,middlewares
FN:18,routes
FNF:3
FNH:3
FNDA:1,App
FNDA:1,middlewares
FNDA:1,routes
DA:1,1
DA:2,1
DA:3,1
DA:4,1
DA:5,1
DA:6,1
DA:7,1
DA:8,1
DA:9,1
DA:10,1
DA:11,1
DA:12,1
DA:13,1
DA:14,1
DA:15,1
DA:16,1
DA:17,1
DA:18,1
DA:19,1
DA:20,1
DA:21,1
DA:22,1
DA:23,1
LF:23
LH:23
BRDA:7,0,0,1
BRDA:13,1,0,1
BRDA:18,2,0,1
BRF:3
BRH:3
end_of_record
TN:
SF:src\app\controller\AuthenticateController.js
FN:4,authenticate
FNF:1
FNH:1
FNDA:2,authenticate
DA:1,1
DA:2,1
DA:3,1
DA:4,1
DA:5,2
DA:6,2
DA:7,1
DA:8,1
DA:9,1
DA:10,1
DA:11,2
DA:12,1
DA:13,1
DA:14,1
LF:14
LH:14
BRDA:4,0,0,2
BRDA:6,1,0,1
BRF:2
BRH:2
end_of_record
TN:
SF:src\app\controller\CarController.js
FN:5,create
FN:14,get
FN:23,getAll
FN:32,delete
FN:41,update
FN:50,updateAcessorio
FNF:6
FNH:6
FNDA:13,create
FNDA:3,get
FNDA:5,getAll
FNDA:3,delete
FNDA:2,update
FNDA:4,updateAcessorio
DA:1,1
DA:2,1
DA:3,1
DA:4,1
DA:5,1
DA:6,13
DA:7,13
DA:8,12
DA:9,13
DA:10,1
DA:11,1
DA:12,13
DA:13,1
DA:14,1
DA:15,3
DA:16,3
DA:17,1
DA:18,3
DA:19,2
DA:20,2
DA:21,3
DA:22,1
DA:23,1
DA:24,5
DA:25,5
DA:26,5
DA:27,5
DA:28,0
DA:29,0
DA:30,5
DA:31,1
DA:32,1
DA:33,3
DA:34,3
DA:35,2
DA:36,3
DA:37,1
DA:38,1
DA:39,3
DA:40,1
DA:41,1
DA:42,2
DA:43,2
DA:44,1
DA:45,1
DA:46,1
DA:47,1
DA:48,2
DA:49,1
DA:50,1
DA:51,4
DA:52,4
DA:53,4
DA:54,1
DA:55,4
DA:56,3
DA:57,3
DA:58,4
DA:59,1
DA:60,1
DA:61,1
LF:61
LH:59
BRDA:5,0,0,13
BRDA:7,1,0,12
BRDA:9,2,0,1
BRDA:14,3,0,3
BRDA:16,4,0,1
BRDA:18,5,0,2
BRDA:23,6,0,5
BRDA:27,7,0,0
BRDA:32,8,0,3
BRDA:34,9,0,2
BRDA:36,10,0,1
BRDA:41,11,0,2
BRDA:43,12,0,1
BRDA:50,13,0,4
BRDA:52,14,0,3
BRDA:53,15,0,1
BRDA:55,16,0,3
BRF:17
BRH:16
end_of_record
TN:
SF:src\app\controller\PeopleController.js
FN:5,create
FN:15,get
FN:24,getAll
FN:33,delete
FN:42,update
FNF:5
FNH:5
FNDA:14,create
FNDA:3,get
FNDA:6,getAll
FNDA:3,delete
FNDA:4,update
DA:1,1
DA:2,1
DA:3,1
DA:4,1
DA:5,1
DA:6,14
DA:7,14
DA:8,14
DA:9,13
DA:10,14
DA:11,1
DA:12,1
DA:13,14
DA:14,1
DA:15,1
DA:16,3
DA:17,3
DA:18,1
DA:19,3
DA:20,2
DA:21,2
DA:22,3
DA:23,1
DA:24,1
DA:25,6
DA:26,6
DA:27,5
DA:28,6
DA:29,1
DA:30,1
DA:31,6
DA:32,1
DA:33,1
DA:34,3
DA:35,3
DA:36,2
DA:37,3
DA:38,1
DA:39,1
DA:40,3
DA:41,1
DA:42,1
DA:43,4
DA:44,4
DA:45,4
DA:46,1
DA:47,4
DA:48,3
DA:49,3
DA:50,4
DA:51,1
DA:52,1
DA:53,1
LF:53
LH:53
BRDA:5,0,0,14
BRDA:8,1,0,13
BRDA:10,2,0,1
BRDA:15,3,0,3
BRDA:17,4,0,1
BRDA:19,5,0,2
BRDA:24,6,0,6
BRDA:26,7,0,5
BRDA:28,8,0,1
BRDA:33,9,0,3
BRDA:35,10,0,2
BRDA:37,11,0,1
BRDA:42,12,0,4
BRDA:45,13,0,1
BRDA:47,14,0,3
BRF:15
BRH:15
end_of_record
TN:
SF:src\app\controller\RentalController.js
FN:5,create
FN:14,get
FN:23,getAll
FN:32,delete
FN:41,update
FNF:5
FNH:5
FNDA:10,create
FNDA:3,get
FNDA:7,getAll
FNDA:3,delete
FNDA:3,update
DA:1,1
DA:2,1
DA:3,1
DA:4,1
DA:5,1
DA:6,10
DA:7,10
DA:8,9
DA:9,10
DA:10,1
DA:11,1
DA:12,10
DA:13,1
DA:14,1
DA:15,3
DA:16,3
DA:17,1
DA:18,3
DA:19,2
DA:20,2
DA:21,3
DA:22,1
DA:23,1
DA:24,7
DA:25,7
DA:26,7
DA:27,7
DA:28,0
DA:29,0
DA:30,7
DA:31,1
DA:32,1
DA:33,3
DA:34,3
DA:35,2
DA:36,3
DA:37,1
DA:38,1
DA:39,3
DA:40,1
DA:41,1
DA:42,3
DA:43,3
DA:44,1
DA:45,3
DA:46,2
DA:47,2
DA:48,3
DA:49,1
DA:50,1
DA:51,1
LF:51
LH:49
BRDA:5,0,0,10
BRDA:7,1,0,9
BRDA:9,2,0,1
BRDA:14,3,0,3
BRDA:16,4,0,1
BRDA:18,5,0,2
BRDA:23,6,0,7
BRDA:27,7,0,0
BRDA:32,8,0,3
BRDA:34,9,0,2
BRDA:36,10,0,1
BRDA:41,11,0,3
BRDA:43,12,0,1
BRDA:45,13,0,2
BRF:14
BRH:13
end_of_record
TN:
SF:src\app\errors\BadRequest.js
FN:2,BadRequest
FNF:1
FNH:1
FNDA:1,BadRequest
DA:1,1
DA:2,1
DA:3,1
DA:4,1
DA:5,1
DA:6,1
DA:7,1
DA:8,1
DA:9,1
DA:10,1
DA:11,1
LF:11
LH:11
BRDA:2,0,0,1
BRF:1
BRH:1
end_of_record
TN:
SF:src\app\errors\Conflict.js
FN:2,Conflict
FNF:1
FNH:1
FNDA:3,Conflict
DA:1,1
DA:2,1
DA:3,3
DA:4,3
DA:5,3
DA:6,3
DA:7,3
DA:8,3
DA:9,1
DA:10,1
DA:11,1
LF:11
LH:11
BRDA:2,0,0,3
BRF:1
BRH:1
end_of_record
TN:
SF:src\app\errors\NotFound.js
FN:2,NotFound
FNF:1
FNH:1
FNDA:2,NotFound
DA:1,1
DA:2,1
DA:3,2
DA:4,2
DA:5,2
DA:6,2
DA:7,2
DA:8,2
DA:9,1
DA:10,1
DA:11,1
LF:11
LH:11
BRDA:2,0,0,2
BRF:1
BRH:1
end_of_record
TN:
SF:src\app\errors\Unauthorized.js
FN:2,Unauthorized
FNF:1
FNH:0
FNDA:0,Unauthorized
DA:1,1
DA:2,1
DA:3,0
DA:4,0
DA:5,0
DA:6,0
DA:7,0
DA:8,0
DA:9,1
DA:10,1
DA:11,1
LF:11
LH:5
BRF:0
BRH:0
end_of_record
TN:
SF:src\app\middlewares\auth.js
FN:6,Object.<anonymous>.module.exports
FNF:1
FNH:1
FNDA:30,Object.<anonymous>.module.exports
DA:1,1
DA:2,1
DA:3,1
DA:4,1
DA:5,1
DA:6,1
DA:7,30
DA:8,30
DA:9,30
DA:10,0
DA:11,0
DA:12,30
DA:13,30
DA:14,30
DA:15,30
DA:16,0
DA:17,0
DA:18,30
DA:19,30
DA:20,30
DA:21,30
DA:22,0
DA:23,0
DA:24,30
DA:25,30
DA:26,30
DA:27,0
DA:28,0
DA:29,30
DA:30,30
DA:31,30
DA:32,30
DA:33,30
LF:33
LH:25
BRDA:6,0,0,30
BRDA:9,1,0,0
BRDA:15,2,0,0
BRDA:21,3,0,0
BRDA:25,4,0,30
BRDA:26,5,0,0
BRF:6
BRH:2
end_of_record
TN:
SF:src\app\middlewares\errors.js
FN:6,Object.<anonymous>.module.exports
FNF:1
FNH:1
FNDA:6,Object.<anonymous>.module.exports
DA:1,1
DA:2,1
DA:3,1
DA:4,1
DA:5,1
DA:6,1
DA:7,6
DA:8,6
DA:9,6
DA:10,6
DA:11,6
DA:12,4
DA:13,4
DA:14,4
DA:15,6
DA:16,2
DA:17,2
DA:18,2
DA:19,6
DA:20,6
DA:21,0
DA:22,0
DA:23,0
DA:24,0
DA:25,0
DA:26,0
DA:27,6
DA:28,6
DA:29,0
DA:30,0
DA:31,0
DA:32,0
DA:33,0
DA:34,0
DA:35,6
DA:36,6
DA:37,0
DA:38,0
DA:39,0
DA:40,0
DA:41,0
DA:42,0
DA:43,6
DA:44,6
DA:45,1
DA:46,1
DA:47,1
DA:48,1
DA:49,1
DA:50,1
DA:51,5
DA:52,6
DA:53,2
DA:54,2
DA:55,2
DA:56,2
DA:57,2
DA:58,2
DA:59,3
DA:60,3
DA:61,6
DA:62,6
DA:63,6
DA:64,1
DA:65,0
DA:66,0
DA:67,0
DA:68,0
DA:69,0
DA:70,0
DA:71,1
DA:72,1
DA:73,1
DA:74,1
DA:75,1
DA:76,1
DA:77,2
DA:78,6
DA:79,0
DA:80,0
DA:81,2
DA:82,2
DA:83,2
DA:84,2
DA:85,2
DA:86,2
LF:86
LH:60
BRDA:6,0,0,6
BRDA:11,1,0,4
BRDA:11,2,0,4
BRDA:11,3,0,4
BRDA:15,4,0,2
BRDA:20,5,0,3
BRDA:20,6,0,0
BRDA:28,7,0,3
BRDA:28,8,0,0
BRDA:36,9,0,3
BRDA:36,10,0,0
BRDA:44,11,0,3
BRDA:44,12,0,1
BRDA:51,13,0,5
BRDA:52,14,0,2
BRDA:52,15,0,2
BRDA:59,16,0,3
BRDA:61,17,0,1
BRDA:62,18,0,0
BRDA:63,19,0,1
BRDA:64,20,0,0
BRDA:77,21,0,2
BRDA:78,22,0,0
BRDA:81,23,0,2
BRF:24
BRH:18
end_of_record
TN:
SF:src\app\middlewares\jwt.js
FN:5,sign
FNF:1
FNH:1
FNDA:1,sign
DA:1,1
DA:2,1
DA:3,1
DA:4,1
DA:5,1
DA:6,1
DA:7,1
DA:8,1
DA:9,1
DA:10,1
LF:10
LH:10
BRDA:5,0,0,1
BRF:1
BRH:1
end_of_record
TN:
SF:src\app\repository\CarRepository.js
FN:5,create
FN:9,getAll
FN:26,getById
FN:32,getByIds
FN:38,update
FN:44,delete
FN:50,updateAcessorio
FNF:7
FNH:7
FNDA:13,create
FNDA:5,getAll
FNDA:3,getById
FNDA:4,getByIds
FNDA:2,update
FNDA:3,delete
FNDA:1,updateAcessorio
DA:1,1
DA:2,1
DA:3,1
DA:4,1
DA:5,1
DA:6,13
DA:7,13
DA:8,1
DA:9,1
DA:10,5
DA:11,5
DA:12,5
DA:13,5
DA:14,5
DA:15,5
DA:16,5
DA:17,5
DA:18,5
DA:19,5
DA:20,5
DA:21,5
DA:22,5
DA:23,5
DA:24,5
DA:25,1
DA:26,1
DA:27,3
DA:28,3
DA:29,1
DA:30,1
DA:31,1
DA:32,1
DA:33,4
DA:34,4
DA:35,3
DA:36,3
DA:37,1
DA:38,1
DA:39,2
DA:40,2
DA:41,1
DA:42,1
DA:43,1
DA:44,1
DA:45,3
DA:46,3
DA:47,2
DA:48,2
DA:49,1
DA:50,1
DA:51,1
DA:52,1
DA:53,1
DA:54,1
DA:55,1
DA:56,1
DA:57,1
DA:58,1
DA:59,1
DA:60,1
DA:61,1
LF:61
LH:61
BRDA:5,0,0,13
BRDA:9,1,0,5
BRDA:10,2,0,0
BRDA:11,3,0,0
BRDA:12,4,0,0
BRDA:12,5,0,0
BRDA:13,6,0,0
BRDA:16,7,0,0
BRDA:26,8,0,3
BRDA:27,9,0,2
BRDA:28,10,0,1
BRDA:32,11,0,4
BRDA:34,12,0,1
BRDA:34,13,0,3
BRDA:38,14,0,2
BRDA:39,15,0,1
BRDA:40,16,0,0
BRDA:40,17,0,1
BRDA:44,18,0,3
BRDA:46,19,0,1
BRDA:46,20,0,2
BRDA:50,21,0,1
BRDA:56,22,0,0
BRF:23
BRH:15
end_of_record
TN:
SF:src\app\repository\PeopleRepository.js
FN:6,create
FN:10,getAll
FN:30,getById
FN:38,getOne
FN:49,update
FN:57,delete
FNF:6
FNH:6
FNDA:14,create
FNDA:6,getAll
FNDA:3,getById
FNDA:2,getOne
FNDA:4,update
FNDA:3,delete
DA:1,1
DA:2,1
DA:3,1
DA:4,1
DA:5,1
DA:6,1
DA:7,14
DA:8,14
DA:9,1
DA:10,1
DA:11,6
DA:12,6
DA:13,6
DA:14,6
DA:15,6
DA:16,6
DA:17,6
DA:18,6
DA:19,6
DA:20,6
DA:21,5
DA:22,5
DA:23,5
DA:24,5
DA:25,5
DA:26,5
DA:27,5
DA:28,5
DA:29,1
DA:30,1
DA:31,3
DA:32,3
DA:33,1
DA:34,1
DA:35,1
DA:36,1
DA:37,1
DA:38,1
DA:39,2
DA:40,2
DA:41,2
DA:42,2
DA:43,2
DA:44,1
DA:45,1
DA:46,1
DA:47,1
DA:48,1
DA:49,1
DA:50,4
DA:51,4
DA:52,1
DA:53,1
DA:54,1
DA:55,1
DA:56,1
DA:57,1
DA:58,3
DA:59,3
DA:60,1
DA:61,1
DA:62,2
DA:63,2
DA:64,1
DA:65,1
DA:66,1
LF:66
LH:66
BRDA:6,0,0,14
BRDA:10,1,0,6
BRDA:11,2,0,0
BRDA:12,3,0,0
BRDA:13,4,0,0
BRDA:13,5,0,0
BRDA:14,6,0,0
BRDA:20,7,0,1
BRDA:20,8,0,5
BRDA:30,9,0,3
BRDA:31,10,0,2
BRDA:32,11,0,1
BRDA:38,12,0,2
BRDA:43,13,0,1
BRDA:49,14,0,4
BRDA:50,15,0,2
BRDA:51,16,0,1
BRDA:57,17,0,3
BRDA:59,18,0,1
BRDA:62,19,0,2
BRF:20
BRH:15
end_of_record
TN:
SF:src\app\repository\RentalRepository.js
FN:7,findCep
FN:16,createFullEndereco
FN:37,create
FN:43,getAll
FN:63,getById
FN:71,delete
FN:79,update
FNF:7
FNH:7
FNDA:13,findCep
FNDA:13,createFullEndereco
FNDA:10,create
FNDA:7,getAll
FNDA:3,getById
FNDA:3,delete
FNDA:3,update
DA:1,1
DA:2,1
DA:3,1
DA:4,1
DA:5,1
DA:6,1
DA:7,1
DA:8,13
DA:9,13
DA:10,13
DA:11,13
DA:12,13
DA:13,13
DA:14,13
DA:15,1
DA:16,1
DA:17,13
DA:18,13
DA:19,13
DA:20,13
DA:21,0
DA:22,0
DA:23,13
DA:24,13
DA:25,13
DA:26,13
DA:27,13
DA:28,13
DA:29,13
DA:30,13
DA:31,13
DA:32,13
DA:33,13
DA:34,13
DA:35,13
DA:36,1
DA:37,1
DA:38,10
DA:39,10
DA:40,10
DA:41,10
DA:42,1
DA:43,1
DA:44,7
DA:45,7
DA:46,7
DA:47,7
DA:48,7
DA:49,7
DA:50,7
DA:51,7
DA:52,7
DA:53,7
DA:54,7
DA:55,7
DA:56,7
DA:57,7
DA:58,7
DA:59,7
DA:60,7
DA:61,7
DA:62,1
DA:63,1
DA:64,3
DA:65,3
DA:66,1
DA:67,1
DA:68,1
DA:69,1
DA:70,1
DA:71,1
DA:72,3
DA:73,3
DA:74,1
DA:75,1
DA:76,2
DA:77,2
DA:78,1
DA:79,1
DA:80,3
DA:81,3
DA:82,3
DA:83,3
DA:84,0
DA:85,0
DA:86,1
DA:87,1
DA:88,1
DA:89,1
DA:90,1
LF:90
LH:86
BRDA:7,0,0,13
BRDA:9,1,0,13
BRDA:16,2,0,13
BRDA:18,3,0,13
BRDA:19,4,0,0
BRDA:20,5,0,0
BRDA:37,6,0,10
BRDA:43,7,0,7
BRDA:44,8,0,0
BRDA:45,9,0,0
BRDA:46,10,0,0
BRDA:46,11,0,0
BRDA:47,12,0,0
BRDA:53,13,0,0
BRDA:63,14,0,3
BRDA:64,15,0,2
BRDA:65,16,0,1
BRDA:71,17,0,3
BRDA:73,18,0,1
BRDA:76,19,0,2
BRDA:79,20,0,3
BRDA:82,21,0,1
BRDA:83,22,0,0
BRDA:86,23,0,1
BRF:24
BRH:15
end_of_record
TN:
SF:src\app\schema\CarSchema.js
FNF:0
FNH:0
DA:1,1
DA:2,1
DA:3,1
DA:4,1
DA:5,1
DA:6,1
DA:7,1
DA:8,1
DA:9,1
DA:10,1
DA:11,1
DA:12,1
DA:13,1
DA:14,1
DA:15,1
DA:16,1
DA:17,1
DA:18,1
DA:19,1
DA:20,1
DA:21,1
DA:22,1
DA:23,1
DA:24,1
DA:25,1
DA:26,1
DA:27,1
DA:28,1
DA:29,1
DA:30,1
DA:31,1
DA:32,1
DA:33,1
DA:34,1
DA:35,1
DA:36,1
DA:37,1
DA:38,1
DA:39,1
DA:40,1
DA:41,1
DA:42,1
DA:43,1
DA:44,1
LF:44
LH:44
BRF:0
BRH:0
end_of_record
TN:
SF:src\app\schema\PeopleSchema.js
FN:19,transform
FN:31,set
FNF:2
FNH:1
FNDA:0,transform
FNDA:12,set
DA:1,1
DA:2,1
DA:3,1
DA:4,1
DA:5,1
DA:6,1
DA:7,1
DA:8,1
DA:9,1
DA:10,1
DA:11,1
DA:12,1
DA:13,1
DA:14,1
DA:15,1
DA:16,1
DA:17,1
DA:18,1
DA:19,1
DA:20,1
DA:21,1
DA:22,1
DA:23,1
DA:24,1
DA:25,1
DA:26,1
DA:27,1
DA:28,1
DA:29,1
DA:30,1
DA:31,1
DA:32,1
DA:33,1
DA:34,1
DA:35,1
DA:36,1
DA:37,1
DA:38,1
DA:39,1
DA:40,1
DA:41,1
DA:42,1
DA:43,1
DA:44,1
DA:45,1
DA:46,1
DA:47,1
DA:48,1
DA:49,1
LF:49
LH:49
BRDA:31,0,0,12
BRF:1
BRH:1
end_of_record
TN:
SF:src\app\schema\RentalSchema.js
FNF:0
FNH:0
DA:1,1
DA:2,1
DA:3,1
DA:4,1
DA:5,1
DA:6,1
DA:7,1
DA:8,1
DA:9,1
DA:10,1
DA:11,1
DA:12,1
DA:13,1
DA:14,1
DA:15,1
DA:16,1
DA:17,1
DA:18,1
DA:19,1
DA:20,1
DA:21,1
DA:22,1
DA:23,1
DA:24,1
DA:25,1
DA:26,1
DA:27,1
DA:28,1
DA:29,1
DA:30,1
DA:31,1
DA:32,1
DA:33,1
DA:34,1
DA:35,1
DA:36,1
DA:37,1
DA:38,1
DA:39,1
DA:40,1
DA:41,1
DA:42,1
DA:43,1
DA:44,1
DA:45,1
DA:46,1
DA:47,1
DA:48,1
DA:49,1
DA:50,1
DA:51,1
DA:52,1
DA:53,1
DA:54,1
DA:55,1
DA:56,1
DA:57,1
DA:58,1
DA:59,1
DA:60,1
DA:61,1
DA:62,1
DA:63,1
DA:64,1
DA:65,1
DA:66,1
LF:66
LH:66
BRF:0
BRH:0
end_of_record
TN:
SF:src\app\serialize\carSerialize.js
FN:1,serialize
FN:10,paginateSerialize
FNF:2
FNH:2
FNDA:20,serialize
FNDA:5,paginateSerialize
DA:1,1
DA:2,1
DA:3,1
DA:4,1
DA:5,1
DA:6,1
DA:7,1
DA:8,1
DA:9,1
DA:10,1
DA:11,1
DA:12,1
DA:13,1
DA:14,1
DA:15,1
DA:16,1
DA:17,1
DA:18,1
LF:18
LH:18
BRDA:1,0,0,20
BRDA:10,1,0,5
BRF:2
BRH:2
end_of_record
TN:
SF:src\app\serialize\peopleSerialize.js
FN:1,serialize
FN:10,paginateSerialize
FNF:2
FNH:2
FNDA:20,serialize
FNDA:5,paginateSerialize
DA:1,1
DA:2,1
DA:3,1
DA:4,1
DA:5,1
DA:6,1
DA:7,1
DA:8,1
DA:9,1
DA:10,1
DA:11,1
DA:12,1
DA:13,1
DA:14,1
DA:15,1
DA:16,1
DA:17,1
DA:18,1
LF:18
LH:18
BRDA:1,0,0,20
BRDA:10,1,0,5
BRF:2
BRH:2
end_of_record
TN:
SF:src\app\serialize\rentalSerialize.js
FN:11,serialize
FN:19,paginateSerialize
FNF:2
FNH:2
FNDA:18,serialize
FNDA:7,paginateSerialize
DA:1,1
DA:2,1
DA:3,1
DA:4,1
DA:5,1
DA:6,1
DA:7,1
DA:8,1
DA:9,1
DA:10,1
DA:11,1
DA:12,1
DA:13,1
DA:14,1
DA:15,1
DA:16,1
DA:17,1
DA:18,1
DA:19,1
DA:20,1
DA:21,1
DA:22,1
DA:23,1
DA:24,1
DA:25,1
DA:26,1
DA:27,1
LF:27
LH:27
BRDA:11,0,0,18
BRDA:19,1,0,7
BRF:2
BRH:2
end_of_record
TN:
SF:src\app\service\AuthenticateService.js
FN:5,authenticate
FNF:1
FNH:1
FNDA:2,authenticate
DA:1,1
DA:2,1
DA:3,1
DA:4,1
DA:5,1
DA:6,2
DA:7,1
DA:8,1
DA:9,1
DA:10,1
DA:11,1
DA:12,1
DA:13,1
LF:13
LH:13
BRDA:5,0,0,2
BRDA:6,1,0,1
BRF:2
BRH:2
end_of_record
TN:
SF:src\app\service\CarService.js
FN:5,formatDescricao
FN:15,checkAcessorios
FN:26,create
FN:31,getById
FN:36,getByIds
FN:41,getAll
FN:47,delete
FN:51,update
FN:55,patchCar
FNF:9
FNH:9
FNDA:5,formatDescricao
FNDA:3,checkAcessorios
FNDA:13,create
FNDA:3,getById
FNDA:4,getByIds
FNDA:5,getAll
FNDA:3,delete
FNDA:2,update
FNDA:3,patchCar
DA:1,1
DA:2,1
DA:3,1
DA:4,1
DA:5,1
DA:6,5
DA:7,5
DA:8,2
DA:9,2
DA:10,2
DA:11,2
DA:12,5
DA:13,5
DA:14,1
DA:15,1
DA:16,3
DA:17,3
DA:18,3
DA:19,9
DA:20,9
DA:21,9
DA:22,3
DA:23,3
DA:24,3
DA:25,1
DA:26,1
DA:27,13
DA:28,12
DA:29,12
DA:30,1
DA:31,1
DA:32,3
DA:33,1
DA:34,1
DA:35,1
DA:36,1
DA:37,4
DA:38,3
DA:39,3
DA:40,1
DA:41,1
DA:42,5
DA:43,5
DA:44,5
DA:45,5
DA:46,1
DA:47,1
DA:48,3
DA:49,2
DA:50,1
DA:51,1
DA:52,2
DA:53,2
DA:54,1
DA:55,1
DA:56,3
DA:57,3
DA:58,3
DA:59,1
DA:60,1
DA:61,1
LF:61
LH:61
BRDA:5,0,0,5
BRDA:6,1,0,5
BRDA:7,2,0,2
BRDA:15,3,0,3
BRDA:16,4,0,0
BRDA:23,5,0,2
BRDA:18,6,0,9
BRDA:19,7,0,3
BRDA:19,8,0,6
BRDA:22,9,0,9
BRDA:26,10,0,13
BRDA:27,11,0,12
BRDA:31,12,0,3
BRDA:32,13,0,1
BRDA:36,14,0,4
BRDA:37,15,0,3
BRDA:41,16,0,5
BRDA:47,17,0,3
BRDA:48,18,0,2
BRDA:51,19,0,2
BRDA:55,20,0,3
BRF:21
BRH:20
end_of_record
TN:
SF:src\app\service\PeopleService.js
FN:6,formatDataNascimento
FN:11,checkIdade
FN:21,create
FN:27,getById
FN:32,getAll
FN:38,delete
FN:42,update
FNF:7
FNH:7
FNDA:19,formatDataNascimento
FNDA:18,checkIdade
FNDA:14,create
FNDA:3,getById
FNDA:6,getAll
FNDA:3,delete
FNDA:4,update
DA:1,1
DA:2,1
DA:3,1
DA:4,1
DA:5,1
DA:6,1
DA:7,19
DA:8,19
DA:9,19
DA:10,1
DA:11,1
DA:12,18
DA:13,18
DA:14,18
DA:15,18
DA:16,18
DA:17,0
DA:18,0
DA:19,18
DA:20,1
DA:21,1
DA:22,14
DA:23,14
DA:24,13
DA:25,13
DA:26,1
DA:27,1
DA:28,3
DA:29,1
DA:30,1
DA:31,1
DA:32,1
DA:33,6
DA:34,6
DA:35,5
DA:36,5
DA:37,1
DA:38,1
DA:39,3
DA:40,2
DA:41,1
DA:42,1
DA:43,4
DA:44,4
DA:45,4
DA:46,1
DA:47,1
DA:48,1
LF:48
LH:46
BRDA:6,0,0,19
BRDA:11,1,0,18
BRDA:16,2,0,0
BRDA:21,3,0,14
BRDA:23,4,0,13
BRDA:27,5,0,3
BRDA:28,6,0,1
BRDA:32,7,0,6
BRDA:33,8,0,1
BRDA:34,9,0,5
BRDA:38,10,0,3
BRDA:39,11,0,2
BRDA:42,12,0,4
BRF:13
BRH:12
end_of_record
TN:
SF:src\app\service\RentalService.js
FN:5,checkIsFilial
FN:14,checkEndereco
FN:24,formatEndereco
FN:35,create
FN:42,getById
FN:47,getAll
FN:53,delete
FN:57,update
FNF:8
FNH:8
FNDA:13,checkIsFilial
FNDA:13,checkEndereco
FNDA:7,formatEndereco
FNDA:10,create
FNDA:3,getById
FNDA:7,getAll
FNDA:3,delete
FNDA:3,update
DA:1,1
DA:2,1
DA:3,1
DA:4,1
DA:5,1
DA:6,13
DA:7,0
DA:8,0
DA:9,0
DA:10,0
DA:11,13
DA:12,13
DA:13,1
DA:14,1
DA:15,13
DA:16,0
DA:17,0
DA:18,0
DA:19,0
DA:20,0
DA:21,13
DA:22,13
DA:23,1
DA:24,1
DA:25,7
DA:26,7
DA:27,3
DA:28,3
DA:29,3
DA:30,3
DA:31,3
DA:32,7
DA:33,7
DA:34,1
DA:35,1
DA:36,10
DA:37,10
DA:38,10
DA:39,9
DA:40,9
DA:41,1
DA:42,1
DA:43,3
DA:44,1
DA:45,1
DA:46,1
DA:47,1
DA:48,7
DA:49,7
DA:50,7
DA:51,7
DA:52,1
DA:53,1
DA:54,3
DA:55,2
DA:56,1
DA:57,1
DA:58,3
DA:59,3
DA:60,3
DA:61,3
DA:62,1
DA:63,1
DA:64,1
LF:64
LH:55
BRDA:5,0,0,13
BRDA:6,1,0,0
BRDA:14,2,0,13
BRDA:15,3,0,0
BRDA:24,4,0,7
BRDA:25,5,0,7
BRDA:26,6,0,3
BRDA:35,7,0,10
BRDA:38,8,0,9
BRDA:42,9,0,3
BRDA:43,10,0,1
BRDA:47,11,0,7
BRDA:53,12,0,3
BRDA:54,13,0,2
BRDA:57,14,0,3
BRF:15
BRH:13
end_of_record
TN:
SF:src\app\validation\id.js
FN:4,Object.<anonymous>.module.exports
FNF:1
FNH:1
FNDA:9,Object.<anonymous>.module.exports
DA:1,1
DA:2,1
DA:3,1
DA:4,1
DA:5,9
DA:6,9
DA:7,9
DA:8,9
DA:9,9
DA:10,9
DA:11,9
DA:12,9
DA:13,0
DA:14,0
DA:15,9
LF:15
LH:13
BRDA:4,0,0,9
BRDA:10,1,0,0
BRDA:12,2,0,0
BRF:3
BRH:1
end_of_record
TN:
SF:src\app\validation\car\acessorios.js
FN:6,Object.<anonymous>.module.exports
FNF:1
FNH:1
FNDA:4,Object.<anonymous>.module.exports
DA:1,1
DA:2,1
DA:3,1
DA:4,1
DA:5,1
DA:6,1
DA:7,4
DA:8,4
DA:9,4
DA:10,4
DA:11,4
DA:12,4
DA:13,4
DA:14,4
DA:15,4
DA:16,4
DA:17,4
DA:18,4
DA:19,4
DA:20,4
DA:21,0
DA:22,0
DA:23,0
DA:24,0
DA:25,0
DA:26,0
DA:27,0
DA:28,0
DA:29,0
DA:30,0
DA:31,0
DA:32,4
LF:32
LH:21
BRDA:6,0,0,4
BRDA:18,1,0,0
BRDA:20,2,0,0
BRF:3
BRH:1
end_of_record
TN:
SF:src\app\validation\car\create.js
FN:16,Object.<anonymous>.module.exports
FNF:1
FNH:1
FNDA:15,Object.<anonymous>.module.exports
DA:1,1
DA:2,1
DA:3,1
DA:4,1
DA:5,1
DA:6,1
DA:7,1
DA:8,1
DA:9,1
DA:10,1
DA:11,1
DA:12,1
DA:13,1
DA:14,1
DA:15,1
DA:16,1
DA:17,15
DA:18,15
DA:19,15
DA:20,15
DA:21,15
DA:22,15
DA:23,15
DA:24,15
DA:25,15
DA:26,15
DA:27,15
DA:28,15
DA:29,15
DA:30,15
DA:31,15
DA:32,15
DA:33,15
DA:34,15
DA:35,15
DA:36,15
DA:37,15
DA:38,15
DA:39,15
DA:40,15
DA:41,15
DA:42,15
DA:43,15
DA:44,15
DA:45,15
DA:46,15
DA:47,0
DA:48,0
DA:49,15
LF:49
LH:47
BRDA:16,0,0,15
BRDA:44,1,0,0
BRDA:46,2,0,0
BRF:3
BRH:1
end_of_record
TN:
SF:src\app\validation\car\idAcessorio.js
FN:4,Object.<anonymous>.module.exports
FNF:1
FNH:1
FNDA:4,Object.<anonymous>.module.exports
DA:1,1
DA:2,1
DA:3,1
DA:4,1
DA:5,4
DA:6,4
DA:7,4
DA:8,4
DA:9,4
DA:10,4
DA:11,4
DA:12,4
DA:13,4
DA:14,0
DA:15,0
DA:16,4
LF:16
LH:14
BRDA:4,0,0,4
BRDA:11,1,0,0
BRDA:13,2,0,0
BRF:3
BRH:1
end_of_record
TN:
SF:src\app\validation\helpers\errorFormatter.js
FN:1,Object.<anonymous>.module.exports
FNF:1
FNH:0
FNDA:0,Object.<anonymous>.module.exports
DA:1,1
DA:2,0
DA:3,0
DA:4,0
DA:5,0
DA:6,0
DA:7,0
DA:8,0
DA:9,0
LF:9
LH:1
BRF:0
BRH:0
end_of_record
TN:
SF:src\app\validation\helpers\regex.js
FNF:0
FNH:0
DA:1,1
DA:2,1
DA:3,1
DA:4,1
LF:4
LH:4
BRF:0
BRH:0
end_of_record
TN:
SF:src\app\validation\people\cpf.js
FN:3,Object.<anonymous>.module.exports
FNF:1
FNH:1
FNDA:18,Object.<anonymous>.module.exports
DA:1,1
DA:2,1
DA:3,1
DA:4,18
DA:5,18
DA:6,18
DA:7,18
DA:8,18
DA:9,18
DA:10,18
DA:11,18
DA:12,18
DA:13,18
DA:14,18
DA:15,18
DA:16,18
DA:17,18
DA:18,18
DA:19,18
DA:20,18
DA:21,18
DA:22,18
DA:23,18
DA:24,18
LF:24
LH:24
BRDA:3,0,0,18
BRDA:9,1,0,0
BRDA:11,2,0,162
BRDA:14,3,0,0
BRDA:15,4,0,0
BRDA:18,5,0,180
BRDA:21,6,0,0
BRDA:22,7,0,0
BRF:8
BRH:3
end_of_record
TN:
SF:src\app\validation\people\create.js
FN:16,Object.<anonymous>.module.exports
FNF:1
FNH:1
FNDA:18,Object.<anonymous>.module.exports
DA:1,1
DA:2,1
DA:3,1
DA:4,1
DA:5,1
DA:6,1
DA:7,1
DA:8,1
DA:9,1
DA:10,1
DA:11,1
DA:12,1
DA:13,1
DA:14,1
DA:15,1
DA:16,1
DA:17,18
DA:18,18
DA:19,18
DA:20,18
DA:21,18
DA:22,18
DA:23,18
DA:24,18
DA:25,18
DA:26,18
DA:27,18
DA:28,18
DA:29,18
DA:30,18
DA:31,18
DA:32,18
DA:33,18
DA:34,18
DA:35,0
DA:36,0
DA:37,18
DA:38,18
DA:39,18
DA:40,18
DA:41,18
DA:42,0
DA:43,0
DA:44,18
LF:44
LH:40
BRDA:16,0,0,18
BRDA:34,1,0,0
BRDA:39,2,0,0
BRDA:41,3,0,0
BRF:4
BRH:1
end_of_record
TN:
SF:src\app\validation\rental\cnpj.js
FN:3,Object.<anonymous>.module.exports
FNF:1
FNH:1
FNDA:13,Object.<anonymous>.module.exports
DA:1,1
DA:2,1
DA:3,1
DA:4,13
DA:5,13
DA:6,13
DA:7,13
DA:8,13
DA:9,13
DA:10,13
DA:11,13
DA:12,13
DA:13,13
DA:14,13
DA:15,13
DA:16,13
DA:17,13
DA:18,13
DA:19,13
DA:20,13
DA:21,13
DA:22,13
DA:23,13
DA:24,13
DA:25,13
DA:26,13
DA:27,156
DA:28,156
DA:29,156
DA:30,156
DA:31,13
DA:32,13
DA:33,13
DA:34,13
DA:35,13
DA:36,13
DA:37,13
DA:38,169
DA:39,169
DA:40,169
DA:41,169
DA:42,13
DA:43,13
DA:44,13
DA:45,13
LF:45
LH:45
BRDA:3,0,0,13
BRDA:5,1,0,0
BRDA:6,2,0,0
BRDA:19,3,0,0
BRDA:26,4,0,156
BRDA:29,5,0,26
BRDA:31,6,0,1
BRDA:31,7,0,12
BRDA:32,8,0,0
BRDA:37,9,0,169
BRDA:40,10,0,26
BRDA:42,11,0,0
BRDA:43,12,0,0
BRF:13
BRH:7
end_of_record
TN:
SF:src\app\validation\rental\create.js
FN:19,Object.<anonymous>.module.exports
FNF:1
FNH:1
FNDA:13,Object.<anonymous>.module.exports
DA:1,1
DA:2,1
DA:3,1
DA:4,1
DA:5,1
DA:6,1
DA:7,1
DA:8,1
DA:9,1
DA:10,1
DA:11,1
DA:12,1
DA:13,1
DA:14,1
DA:15,1
DA:16,1
DA:17,1
DA:18,1
DA:19,1
DA:20,13
DA:21,13
DA:22,13
DA:23,13
DA:24,13
DA:25,13
DA:26,13
DA:27,13
DA:28,13
DA:29,13
DA:30,13
DA:31,13
DA:32,13
DA:33,13
DA:34,13
DA:35,13
DA:36,13
DA:37,13
DA:38,13
DA:39,13
DA:40,13
DA:41,13
DA:42,13
DA:43,13
DA:44,13
DA:45,13
DA:46,13
DA:47,13
DA:48,0
DA:49,0
DA:50,13
DA:51,13
DA:52,13
DA:53,13
DA:54,13
DA:55,0
DA:56,0
DA:57,13
LF:57
LH:53
BRDA:19,0,0,13
BRDA:47,1,0,0
BRDA:52,2,0,0
BRDA:54,3,0,0
BRF:4
BRH:1
end_of_record
TN:
SF:src\config\config.js
FNF:0
FNH:0
DA:1,1
DA:2,1
DA:3,1
DA:4,1
DA:5,1
DA:6,1
DA:7,1
DA:8,1
DA:9,1
DA:10,1
DA:11,1
DA:12,1
DA:13,1
DA:14,1
DA:15,1
DA:16,1
LF:16
LH:16
BRDA:4,0,0,0
BRF:1
BRH:0
end_of_record
TN:
SF:src\infra\database\mongo\index.js
FN:5,Database
FN:9,connect
FN:16,disconnect
FNF:3
FNH:3
FNDA:1,Database
FNDA:3,connect
FNDA:1,disconnect
DA:1,1
DA:2,1
DA:3,1
DA:4,1
DA:5,1
DA:6,1
DA:7,1
DA:8,1
DA:9,1
DA:10,3
DA:11,3
DA:12,3
DA:13,3
DA:14,3
DA:15,1
DA:16,1
DA:17,1
DA:18,1
DA:19,1
DA:20,1
DA:21,1
LF:21
LH:21
BRDA:5,0,0,1
BRDA:9,1,0,3
BRDA:16,2,0,1
BRF:3
BRH:3
end_of_record
TN:
SF:src\routes\api-docs.router.js
FN:4,Object.<anonymous>.module.exports
FNF:1
FNH:1
FNDA:26,Object.<anonymous>.module.exports
DA:1,1
DA:2,1
DA:3,1
DA:4,1
DA:5,26
DA:6,26
DA:7,26
LF:7
LH:7
BRDA:4,0,0,26
BRF:1
BRH:1
end_of_record
TN:
SF:src\routes\authenticate.router.js
FN:4,Object.<anonymous>.module.exports
FNF:1
FNH:1
FNDA:26,Object.<anonymous>.module.exports
DA:1,1
DA:2,1
DA:3,1
DA:4,1
DA:5,26
DA:6,26
DA:7,26
LF:7
LH:7
BRDA:4,0,0,26
BRF:1
BRH:1
end_of_record
TN:
SF:src\routes\car.router.js
FN:9,Object.<anonymous>.module.exports
FNF:1
FNH:1
FNDA:26,Object.<anonymous>.module.exports
DA:1,1
DA:2,1
DA:3,1
DA:4,1
DA:5,1
DA:6,1
DA:7,1
DA:8,1
DA:9,1
DA:10,26
DA:11,26
DA:12,26
DA:13,26
DA:14,26
DA:15,26
DA:16,26
DA:17,26
DA:18,26
DA:19,26
DA:20,26
DA:21,26
DA:22,26
LF:22
LH:22
BRDA:9,0,0,26
BRF:1
BRH:1
end_of_record
TN:
SF:src\routes\index.js
FN:8,Object.<anonymous>.module.exports
FNF:1
FNH:1
FNDA:1,Object.<anonymous>.module.exports
DA:1,1
DA:2,1
DA:3,1
DA:4,1
DA:5,1
DA:6,1
DA:7,1
DA:8,1
DA:9,1
DA:10,26
DA:11,26
DA:12,26
DA:13,26
DA:14,26
DA:15,26
DA:16,26
DA:17,1
LF:17
LH:17
BRDA:8,0,0,1
BRDA:9,1,0,26
BRF:2
BRH:2
end_of_record
TN:
SF:src\routes\people.router.js
FN:6,Object.<anonymous>.module.exports
FNF:1
FNH:1
FNDA:26,Object.<anonymous>.module.exports
DA:1,1
DA:2,1
DA:3,1
DA:4,1
DA:5,1
DA:6,1
DA:7,26
DA:8,26
DA:9,26
DA:10,26
DA:11,26
DA:12,26
DA:13,26
LF:13
LH:13
BRDA:6,0,0,26
BRF:1
BRH:1
end_of_record
TN:
SF:src\routes\rental.router.js
FN:6,Object.<anonymous>.module.exports
FNF:1
FNH:1
FNDA:26,Object.<anonymous>.module.exports
DA:1,1
DA:2,1
DA:3,1
DA:4,1
DA:5,1
DA:6,1
DA:7,26
DA:8,26
DA:9,26
DA:10,26
DA:11,26
DA:12,26
DA:13,26
LF:13
LH:13
BRDA:6,0,0,26
BRF:1
BRH:1
end_of_record
TN:
SF:tools\authForTests.js
FN:6,sign
FN:10,getToken
FNF:2
FNH:1
FNDA:0,sign
FNDA:12,getToken
DA:1,1
DA:2,1
DA:3,1
DA:4,1
DA:5,1
DA:6,1
DA:7,0
DA:8,0
DA:9,1
DA:10,1
DA:11,12
DA:12,12
DA:13,12
DA:14,12
DA:15,12
DA:16,12
DA:17,12
DA:18,12
DA:19,12
DA:20,12
DA:21,12
DA:22,12
DA:23,1
DA:24,1
DA:25,1
LF:25
LH:23
BRDA:10,0,0,12
BRF:1
BRH:1
end_of_record
